
> cypher-erp@0.1.0 build
> tsc

modules/financial-accounting/src/api/controllers/FinancialAccountingController.ts(37,52): error TS2345: Argument of type 'string' is not assignable to parameter of type 'Record<string, any>'.
modules/financial-accounting/src/api/controllers/FinancialAccountingController.ts(39,28): error TS2554: Expected 2-3 arguments, but got 1.
modules/financial-accounting/src/api/controllers/FinancialAccountingController.ts(62,28): error TS2554: Expected 2-3 arguments, but got 1.
modules/financial-accounting/src/api/controllers/FinancialAccountingController.ts(72,30): error TS2554: Expected 2-3 arguments, but got 1.
modules/financial-accounting/src/api/controllers/FinancialAccountingController.ts(78,28): error TS2554: Expected 2-3 arguments, but got 1.
modules/financial-accounting/src/api/controllers/FinancialAccountingController.ts(96,52): error TS2345: Argument of type 'string' is not assignable to parameter of type 'Record<string, any>'.
modules/financial-accounting/src/api/controllers/FinancialAccountingController.ts(98,28): error TS2554: Expected 2-3 arguments, but got 1.
modules/financial-accounting/src/api/controllers/FinancialAccountingController.ts(108,30): error TS2554: Expected 2-3 arguments, but got 1.
modules/financial-accounting/src/api/controllers/FinancialAccountingController.ts(114,28): error TS2554: Expected 2-3 arguments, but got 1.
modules/financial-accounting/src/api/controllers/FinancialAccountingController.ts(129,69): error TS2345: Argument of type 'string | number' is not assignable to parameter of type 'string'.
  Type 'number' is not assignable to type 'string'.
modules/financial-accounting/src/api/controllers/FinancialAccountingController.ts(130,40): error TS2345: Argument of type 'string' is not assignable to parameter of type 'Record<string, any>'.
modules/financial-accounting/src/api/controllers/FinancialAccountingController.ts(132,28): error TS2554: Expected 2-3 arguments, but got 1.
modules/financial-accounting/src/api/controllers/FinancialAccountingController.ts(149,30): error TS2554: Expected 2-3 arguments, but got 1.
modules/financial-accounting/src/api/controllers/FinancialAccountingController.ts(153,67): error TS2345: Argument of type 'string | number' is not assignable to parameter of type 'string'.
  Type 'number' is not assignable to type 'string'.
modules/financial-accounting/src/api/controllers/FinancialAccountingController.ts(154,42): error TS2345: Argument of type 'string' is not assignable to parameter of type 'Record<string, any>'.
modules/financial-accounting/src/api/controllers/FinancialAccountingController.ts(156,28): error TS2554: Expected 2-3 arguments, but got 1.
modules/financial-accounting/src/api/controllers/FinancialAccountingController.ts(172,40): error TS2345: Argument of type 'string' is not assignable to parameter of type 'Record<string, any>'.
modules/financial-accounting/src/api/controllers/FinancialAccountingController.ts(174,28): error TS2554: Expected 2-3 arguments, but got 1.
modules/financial-accounting/src/api/controllers/FinancialAccountingController.ts(197,40): error TS2345: Argument of type 'string' is not assignable to parameter of type 'Record<string, any>'.
modules/financial-accounting/src/api/controllers/FinancialAccountingController.ts(199,28): error TS2554: Expected 2-3 arguments, but got 1.
modules/financial-accounting/src/api/controllers/FinancialAccountingController.ts(215,40): error TS2345: Argument of type 'string' is not assignable to parameter of type 'Record<string, any>'.
modules/financial-accounting/src/api/controllers/FinancialAccountingController.ts(217,28): error TS2554: Expected 2-3 arguments, but got 1.
modules/financial-accounting/src/api/controllers/FinancialAccountingController.ts(234,52): error TS2345: Argument of type 'string' is not assignable to parameter of type 'Record<string, any>'.
modules/financial-accounting/src/api/controllers/FinancialAccountingController.ts(236,28): error TS2554: Expected 2-3 arguments, but got 1.
modules/financial-accounting/src/api/controllers/FinancialAccountingController.ts(246,30): error TS2554: Expected 2-3 arguments, but got 1.
modules/financial-accounting/src/api/controllers/FinancialAccountingController.ts(252,28): error TS2554: Expected 2-3 arguments, but got 1.
modules/financial-accounting/src/api/controllers/FinancialAccountingController.ts(263,87): error TS2345: Argument of type 'string | number' is not assignable to parameter of type 'string'.
  Type 'number' is not assignable to type 'string'.
modules/financial-accounting/src/api/controllers/FinancialAccountingController.ts(265,40): error TS2345: Argument of type 'string' is not assignable to parameter of type 'Record<string, any>'.
modules/financial-accounting/src/api/controllers/FinancialAccountingController.ts(267,28): error TS2554: Expected 2-3 arguments, but got 1.
modules/financial-accounting/src/api/controllers/FinancialAccountingController.ts(293,28): error TS2554: Expected 2-3 arguments, but got 1.
modules/financial-accounting/src/api/controllers/FinancialAccountingController.ts(310,52): error TS2345: Argument of type 'string' is not assignable to parameter of type 'Record<string, any>'.
modules/financial-accounting/src/api/controllers/FinancialAccountingController.ts(312,28): error TS2554: Expected 2-3 arguments, but got 1.
modules/financial-accounting/src/api/controllers/FinancialAccountingController.ts(322,30): error TS2554: Expected 2-3 arguments, but got 1.
modules/financial-accounting/src/api/controllers/FinancialAccountingController.ts(328,28): error TS2554: Expected 2-3 arguments, but got 1.
modules/financial-accounting/src/api/controllers/FinancialAccountingController.ts(343,9): error TS2345: Argument of type 'string | number' is not assignable to parameter of type 'string'.
  Type 'number' is not assignable to type 'string'.
modules/financial-accounting/src/api/controllers/FinancialAccountingController.ts(347,40): error TS2345: Argument of type 'string' is not assignable to parameter of type 'Record<string, any>'.
modules/financial-accounting/src/api/controllers/FinancialAccountingController.ts(349,28): error TS2554: Expected 2-3 arguments, but got 1.
modules/financial-accounting/src/api/controllers/FinancialAccountingController.ts(365,9): error TS2345: Argument of type 'string | number' is not assignable to parameter of type 'string'.
  Type 'number' is not assignable to type 'string'.
modules/financial-accounting/src/api/controllers/FinancialAccountingController.ts(369,40): error TS2345: Argument of type 'string' is not assignable to parameter of type 'Record<string, any>'.
modules/financial-accounting/src/api/controllers/FinancialAccountingController.ts(371,28): error TS2554: Expected 2-3 arguments, but got 1.
modules/financial-accounting/src/api/controllers/FinancialAccountingController.ts(397,28): error TS2554: Expected 2-3 arguments, but got 1.
modules/financial-accounting/src/api/routes/financialAccountingRoutes.ts(2,33): error TS2307: Cannot find module '@shared/middleware/validation' or its corresponding type declarations.
modules/financial-accounting/src/api/routes/financialAccountingRoutes.ts(3,41): error TS2307: Cannot find module '@shared/middleware/auth' or its corresponding type declarations.
modules/financial-accounting/src/domain/entities/ApInvoice.ts(35,3): error TS2564: Property 'id' has no initializer and is not definitely assigned in the constructor.
modules/financial-accounting/src/domain/entities/ApInvoice.ts(36,3): error TS2564: Property 'organizationId' has no initializer and is not definitely assigned in the constructor.
modules/financial-accounting/src/domain/entities/ApInvoice.ts(37,3): error TS2564: Property 'vendorId' has no initializer and is not definitely assigned in the constructor.
modules/financial-accounting/src/domain/entities/ApInvoice.ts(38,3): error TS2564: Property 'invoiceNumber' has no initializer and is not definitely assigned in the constructor.
modules/financial-accounting/src/domain/entities/ApInvoice.ts(41,3): error TS2564: Property 'invoiceDate' has no initializer and is not definitely assigned in the constructor.
modules/financial-accounting/src/domain/entities/ApInvoice.ts(42,3): error TS2564: Property 'dueDate' has no initializer and is not definitely assigned in the constructor.
modules/financial-accounting/src/domain/entities/ApInvoice.ts(55,3): error TS2564: Property 'apAccountId' has no initializer and is not definitely assigned in the constructor.
modules/financial-accounting/src/domain/entities/ApInvoice.ts(56,3): error TS2564: Property 'expenseAccountId' has no initializer and is not definitely assigned in the constructor.
modules/financial-accounting/src/domain/entities/ApInvoice.ts(63,3): error TS2564: Property 'createdAt' has no initializer and is not definitely assigned in the constructor.
modules/financial-accounting/src/domain/entities/ApInvoice.ts(64,3): error TS2564: Property 'updatedAt' has no initializer and is not definitely assigned in the constructor.
modules/financial-accounting/src/domain/entities/ApInvoice.ts(65,3): error TS2564: Property 'createdBy' has no initializer and is not definitely assigned in the constructor.
modules/financial-accounting/src/domain/entities/ApInvoice.ts(66,3): error TS2564: Property 'updatedBy' has no initializer and is not definitely assigned in the constructor.
modules/financial-accounting/src/domain/entities/ApInvoice.ts(70,30): error TS2565: Property 'currencyCode' is used before being assigned.
modules/financial-accounting/src/domain/entities/ApInvoice.ts(71,26): error TS2565: Property 'subtotal' is used before being assigned.
modules/financial-accounting/src/domain/entities/ApInvoice.ts(72,27): error TS2565: Property 'taxAmount' is used before being assigned.
modules/financial-accounting/src/domain/entities/ApInvoice.ts(73,32): error TS2565: Property 'discountAmount' is used before being assigned.
modules/financial-accounting/src/domain/entities/ApInvoice.ts(74,29): error TS2565: Property 'totalAmount' is used before being assigned.
modules/financial-accounting/src/domain/entities/ApInvoice.ts(75,28): error TS2565: Property 'amountPaid' is used before being assigned.
modules/financial-accounting/src/domain/entities/ApInvoice.ts(76,27): error TS2565: Property 'amountDue' is used before being assigned.
modules/financial-accounting/src/domain/entities/ApInvoice.ts(77,24): error TS2565: Property 'status' is used before being assigned.
modules/financial-accounting/src/domain/entities/ApInvoice.ts(78,37): error TS2565: Property 'threeWayMatchStatus' is used before being assigned.
modules/financial-accounting/src/domain/entities/ApInvoice.ts(79,26): error TS2565: Property 'isPosted' is used before being assigned.
modules/financial-accounting/src/domain/entities/ApInvoice.ts(80,23): error TS2565: Property 'lines' is used before being assigned.
modules/financial-accounting/src/domain/entities/ApInvoice.ts(81,26): error TS2565: Property 'metadata' is used before being assigned.
modules/financial-accounting/src/domain/entities/ApInvoice.ts(140,5): error TS2322: Type 'string | false | undefined' is not assignable to type 'boolean'.
  Type 'undefined' is not assignable to type 'boolean'.
modules/financial-accounting/src/domain/entities/ArInvoice.ts(25,3): error TS2564: Property 'id' has no initializer and is not definitely assigned in the constructor.
modules/financial-accounting/src/domain/entities/ArInvoice.ts(26,3): error TS2564: Property 'organizationId' has no initializer and is not definitely assigned in the constructor.
modules/financial-accounting/src/domain/entities/ArInvoice.ts(27,3): error TS2564: Property 'customerId' has no initializer and is not definitely assigned in the constructor.
modules/financial-accounting/src/domain/entities/ArInvoice.ts(28,3): error TS2564: Property 'invoiceNumber' has no initializer and is not definitely assigned in the constructor.
modules/financial-accounting/src/domain/entities/ArInvoice.ts(30,3): error TS2564: Property 'invoiceDate' has no initializer and is not definitely assigned in the constructor.
modules/financial-accounting/src/domain/entities/ArInvoice.ts(31,3): error TS2564: Property 'dueDate' has no initializer and is not definitely assigned in the constructor.
modules/financial-accounting/src/domain/entities/ArInvoice.ts(44,3): error TS2564: Property 'arAccountId' has no initializer and is not definitely assigned in the constructor.
modules/financial-accounting/src/domain/entities/ArInvoice.ts(45,3): error TS2564: Property 'revenueAccountId' has no initializer and is not definitely assigned in the constructor.
modules/financial-accounting/src/domain/entities/ArInvoice.ts(50,3): error TS2564: Property 'createdAt' has no initializer and is not definitely assigned in the constructor.
modules/financial-accounting/src/domain/entities/ArInvoice.ts(51,3): error TS2564: Property 'updatedAt' has no initializer and is not definitely assigned in the constructor.
modules/financial-accounting/src/domain/entities/ArInvoice.ts(52,3): error TS2564: Property 'createdBy' has no initializer and is not definitely assigned in the constructor.
modules/financial-accounting/src/domain/entities/ArInvoice.ts(53,3): error TS2564: Property 'updatedBy' has no initializer and is not definitely assigned in the constructor.
modules/financial-accounting/src/domain/entities/ArInvoice.ts(57,30): error TS2565: Property 'currencyCode' is used before being assigned.
modules/financial-accounting/src/domain/entities/ArInvoice.ts(58,26): error TS2565: Property 'subtotal' is used before being assigned.
modules/financial-accounting/src/domain/entities/ArInvoice.ts(59,27): error TS2565: Property 'taxAmount' is used before being assigned.
modules/financial-accounting/src/domain/entities/ArInvoice.ts(60,32): error TS2565: Property 'discountAmount' is used before being assigned.
modules/financial-accounting/src/domain/entities/ArInvoice.ts(61,29): error TS2565: Property 'totalAmount' is used before being assigned.
modules/financial-accounting/src/domain/entities/ArInvoice.ts(62,28): error TS2565: Property 'amountPaid' is used before being assigned.
modules/financial-accounting/src/domain/entities/ArInvoice.ts(63,27): error TS2565: Property 'amountDue' is used before being assigned.
modules/financial-accounting/src/domain/entities/ArInvoice.ts(64,24): error TS2565: Property 'status' is used before being assigned.
modules/financial-accounting/src/domain/entities/ArInvoice.ts(65,26): error TS2565: Property 'isPosted' is used before being assigned.
modules/financial-accounting/src/domain/entities/ArInvoice.ts(66,23): error TS2565: Property 'lines' is used before being assigned.
modules/financial-accounting/src/domain/entities/ArInvoice.ts(67,26): error TS2565: Property 'metadata' is used before being assigned.
modules/financial-accounting/src/domain/entities/ChartOfAccount.ts(12,3): error TS2564: Property 'id' has no initializer and is not definitely assigned in the constructor.
modules/financial-accounting/src/domain/entities/ChartOfAccount.ts(13,3): error TS2564: Property 'organizationId' has no initializer and is not definitely assigned in the constructor.
modules/financial-accounting/src/domain/entities/ChartOfAccount.ts(14,3): error TS2564: Property 'code' has no initializer and is not definitely assigned in the constructor.
modules/financial-accounting/src/domain/entities/ChartOfAccount.ts(15,3): error TS2564: Property 'name' has no initializer and is not definitely assigned in the constructor.
modules/financial-accounting/src/domain/entities/ChartOfAccount.ts(17,3): error TS2564: Property 'accountType' has no initializer and is not definitely assigned in the constructor.
modules/financial-accounting/src/domain/entities/ChartOfAccount.ts(26,3): error TS2564: Property 'createdAt' has no initializer and is not definitely assigned in the constructor.
modules/financial-accounting/src/domain/entities/ChartOfAccount.ts(27,3): error TS2564: Property 'updatedAt' has no initializer and is not definitely assigned in the constructor.
modules/financial-accounting/src/domain/entities/ChartOfAccount.ts(28,3): error TS2564: Property 'createdBy' has no initializer and is not definitely assigned in the constructor.
modules/financial-accounting/src/domain/entities/ChartOfAccount.ts(29,3): error TS2564: Property 'updatedBy' has no initializer and is not definitely assigned in the constructor.
modules/financial-accounting/src/domain/entities/ChartOfAccount.ts(33,26): error TS2565: Property 'isActive' is used before being assigned.
modules/financial-accounting/src/domain/entities/ChartOfAccount.ts(34,26): error TS2565: Property 'isHeader' is used before being assigned.
modules/financial-accounting/src/domain/entities/ChartOfAccount.ts(35,31): error TS2565: Property 'taxApplicable' is used before being assigned.
modules/financial-accounting/src/domain/entities/ChartOfAccount.ts(36,41): error TS2565: Property 'accumulatedDepreciation' is used before being assigned.
modules/financial-accounting/src/domain/entities/ChartOfAccount.ts(37,25): error TS2565: Property 'balance' is used before being assigned.
modules/financial-accounting/src/domain/entities/ChartOfAccount.ts(38,26): error TS2565: Property 'metadata' is used before being assigned.
modules/financial-accounting/src/domain/entities/CostCenter.ts(2,3): error TS2564: Property 'id' has no initializer and is not definitely assigned in the constructor.
modules/financial-accounting/src/domain/entities/CostCenter.ts(3,3): error TS2564: Property 'organizationId' has no initializer and is not definitely assigned in the constructor.
modules/financial-accounting/src/domain/entities/CostCenter.ts(4,3): error TS2564: Property 'code' has no initializer and is not definitely assigned in the constructor.
modules/financial-accounting/src/domain/entities/CostCenter.ts(5,3): error TS2564: Property 'name' has no initializer and is not definitely assigned in the constructor.
modules/financial-accounting/src/domain/entities/CostCenter.ts(11,3): error TS2564: Property 'createdAt' has no initializer and is not definitely assigned in the constructor.
modules/financial-accounting/src/domain/entities/CostCenter.ts(12,3): error TS2564: Property 'updatedAt' has no initializer and is not definitely assigned in the constructor.
modules/financial-accounting/src/domain/entities/CostCenter.ts(13,3): error TS2564: Property 'createdBy' has no initializer and is not definitely assigned in the constructor.
modules/financial-accounting/src/domain/entities/CostCenter.ts(14,3): error TS2564: Property 'updatedBy' has no initializer and is not definitely assigned in the constructor.
modules/financial-accounting/src/domain/entities/CostCenter.ts(18,26): error TS2565: Property 'isActive' is used before being assigned.
modules/financial-accounting/src/domain/entities/CostCenter.ts(19,26): error TS2565: Property 'metadata' is used before being assigned.
modules/financial-accounting/src/domain/entities/FiscalPeriod.ts(2,3): error TS2564: Property 'id' has no initializer and is not definitely assigned in the constructor.
modules/financial-accounting/src/domain/entities/FiscalPeriod.ts(3,3): error TS2564: Property 'organizationId' has no initializer and is not definitely assigned in the constructor.
modules/financial-accounting/src/domain/entities/FiscalPeriod.ts(4,3): error TS2564: Property 'periodName' has no initializer and is not definitely assigned in the constructor.
modules/financial-accounting/src/domain/entities/FiscalPeriod.ts(5,3): error TS2564: Property 'fiscalYear' has no initializer and is not definitely assigned in the constructor.
modules/financial-accounting/src/domain/entities/FiscalPeriod.ts(6,3): error TS2564: Property 'startDate' has no initializer and is not definitely assigned in the constructor.
modules/financial-accounting/src/domain/entities/FiscalPeriod.ts(7,3): error TS2564: Property 'endDate' has no initializer and is not definitely assigned in the constructor.
modules/financial-accounting/src/domain/entities/FiscalPeriod.ts(13,3): error TS2564: Property 'createdAt' has no initializer and is not definitely assigned in the constructor.
modules/financial-accounting/src/domain/entities/FiscalPeriod.ts(14,3): error TS2564: Property 'updatedAt' has no initializer and is not definitely assigned in the constructor.
modules/financial-accounting/src/domain/entities/FiscalPeriod.ts(15,3): error TS2564: Property 'createdBy' has no initializer and is not definitely assigned in the constructor.
modules/financial-accounting/src/domain/entities/FiscalPeriod.ts(16,3): error TS2564: Property 'updatedBy' has no initializer and is not definitely assigned in the constructor.
modules/financial-accounting/src/domain/entities/FiscalPeriod.ts(20,24): error TS2565: Property 'isOpen' is used before being assigned.
modules/financial-accounting/src/domain/entities/FiscalPeriod.ts(21,26): error TS2565: Property 'isLocked' is used before being assigned.
modules/financial-accounting/src/domain/entities/FiscalPeriod.ts(22,26): error TS2565: Property 'metadata' is used before being assigned.
modules/financial-accounting/src/domain/entities/JournalEntry.ts(32,3): error TS2564: Property 'id' has no initializer and is not definitely assigned in the constructor.
modules/financial-accounting/src/domain/entities/JournalEntry.ts(33,3): error TS2564: Property 'organizationId' has no initializer and is not definitely assigned in the constructor.
modules/financial-accounting/src/domain/entities/JournalEntry.ts(34,3): error TS2564: Property 'fiscalPeriodId' has no initializer and is not definitely assigned in the constructor.
modules/financial-accounting/src/domain/entities/JournalEntry.ts(35,3): error TS2564: Property 'entryNumber' has no initializer and is not definitely assigned in the constructor.
modules/financial-accounting/src/domain/entities/JournalEntry.ts(36,3): error TS2564: Property 'entryDate' has no initializer and is not definitely assigned in the constructor.
modules/financial-accounting/src/domain/entities/JournalEntry.ts(39,3): error TS2564: Property 'description' has no initializer and is not definitely assigned in the constructor.
modules/financial-accounting/src/domain/entities/JournalEntry.ts(52,3): error TS2564: Property 'createdAt' has no initializer and is not definitely assigned in the constructor.
modules/financial-accounting/src/domain/entities/JournalEntry.ts(53,3): error TS2564: Property 'updatedAt' has no initializer and is not definitely assigned in the constructor.
modules/financial-accounting/src/domain/entities/JournalEntry.ts(54,3): error TS2564: Property 'createdBy' has no initializer and is not definitely assigned in the constructor.
modules/financial-accounting/src/domain/entities/JournalEntry.ts(55,3): error TS2564: Property 'updatedBy' has no initializer and is not definitely assigned in the constructor.
modules/financial-accounting/src/domain/entities/JournalEntry.ts(59,24): error TS2565: Property 'status' is used before being assigned.
modules/financial-accounting/src/domain/entities/JournalEntry.ts(60,32): error TS2565: Property 'approvalStatus' is used before being assigned.
modules/financial-accounting/src/domain/entities/JournalEntry.ts(61,26): error TS2565: Property 'isPosted' is used before being assigned.
modules/financial-accounting/src/domain/entities/JournalEntry.ts(62,28): error TS2565: Property 'totalDebit' is used before being assigned.
modules/financial-accounting/src/domain/entities/JournalEntry.ts(63,29): error TS2565: Property 'totalCredit' is used before being assigned.
modules/financial-accounting/src/domain/entities/JournalEntry.ts(64,23): error TS2565: Property 'lines' is used before being assigned.
modules/financial-accounting/src/domain/entities/JournalEntry.ts(65,26): error TS2565: Property 'metadata' is used before being assigned.
modules/financial-accounting/src/infrastructure/entities/ApInvoiceEntity.ts(11,3): error TS2564: Property 'id' has no initializer and is not definitely assigned in the constructor.
modules/financial-accounting/src/infrastructure/entities/ApInvoiceEntity.ts(14,3): error TS2564: Property 'organizationId' has no initializer and is not definitely assigned in the constructor.
modules/financial-accounting/src/infrastructure/entities/ApInvoiceEntity.ts(17,3): error TS2564: Property 'vendorId' has no initializer and is not definitely assigned in the constructor.
modules/financial-accounting/src/infrastructure/entities/ApInvoiceEntity.ts(20,3): error TS2564: Property 'invoiceNumber' has no initializer and is not definitely assigned in the constructor.
modules/financial-accounting/src/infrastructure/entities/ApInvoiceEntity.ts(23,3): error TS2564: Property 'poNumber' has no initializer and is not definitely assigned in the constructor.
modules/financial-accounting/src/infrastructure/entities/ApInvoiceEntity.ts(26,3): error TS2564: Property 'grnNumber' has no initializer and is not definitely assigned in the constructor.
modules/financial-accounting/src/infrastructure/entities/ApInvoiceEntity.ts(29,3): error TS2564: Property 'invoiceDate' has no initializer and is not definitely assigned in the constructor.
modules/financial-accounting/src/infrastructure/entities/ApInvoiceEntity.ts(32,3): error TS2564: Property 'dueDate' has no initializer and is not definitely assigned in the constructor.
modules/financial-accounting/src/infrastructure/entities/ApInvoiceEntity.ts(35,3): error TS2564: Property 'currencyCode' has no initializer and is not definitely assigned in the constructor.
modules/financial-accounting/src/infrastructure/entities/ApInvoiceEntity.ts(38,3): error TS2564: Property 'subtotal' has no initializer and is not definitely assigned in the constructor.
modules/financial-accounting/src/infrastructure/entities/ApInvoiceEntity.ts(41,3): error TS2564: Property 'taxAmount' has no initializer and is not definitely assigned in the constructor.
modules/financial-accounting/src/infrastructure/entities/ApInvoiceEntity.ts(44,3): error TS2564: Property 'discountAmount' has no initializer and is not definitely assigned in the constructor.
modules/financial-accounting/src/infrastructure/entities/ApInvoiceEntity.ts(47,3): error TS2564: Property 'totalAmount' has no initializer and is not definitely assigned in the constructor.
modules/financial-accounting/src/infrastructure/entities/ApInvoiceEntity.ts(50,3): error TS2564: Property 'amountPaid' has no initializer and is not definitely assigned in the constructor.
modules/financial-accounting/src/infrastructure/entities/ApInvoiceEntity.ts(53,3): error TS2564: Property 'amountDue' has no initializer and is not definitely assigned in the constructor.
modules/financial-accounting/src/infrastructure/entities/ApInvoiceEntity.ts(56,3): error TS2564: Property 'status' has no initializer and is not definitely assigned in the constructor.
modules/financial-accounting/src/infrastructure/entities/ApInvoiceEntity.ts(59,3): error TS2564: Property 'paymentTerms' has no initializer and is not definitely assigned in the constructor.
modules/financial-accounting/src/infrastructure/entities/ApInvoiceEntity.ts(62,3): error TS2564: Property 'discountPercent' has no initializer and is not definitely assigned in the constructor.
modules/financial-accounting/src/infrastructure/entities/ApInvoiceEntity.ts(65,3): error TS2564: Property 'taxCodeId' has no initializer and is not definitely assigned in the constructor.
modules/financial-accounting/src/infrastructure/entities/ApInvoiceEntity.ts(68,3): error TS2564: Property 'notes' has no initializer and is not definitely assigned in the constructor.
modules/financial-accounting/src/infrastructure/entities/ApInvoiceEntity.ts(71,3): error TS2564: Property 'apAccountId' has no initializer and is not definitely assigned in the constructor.
modules/financial-accounting/src/infrastructure/entities/ApInvoiceEntity.ts(74,3): error TS2564: Property 'expenseAccountId' has no initializer and is not definitely assigned in the constructor.
modules/financial-accounting/src/infrastructure/entities/ApInvoiceEntity.ts(77,3): error TS2564: Property 'journalEntryId' has no initializer and is not definitely assigned in the constructor.
modules/financial-accounting/src/infrastructure/entities/ApInvoiceEntity.ts(80,3): error TS2564: Property 'threeWayMatchStatus' has no initializer and is not definitely assigned in the constructor.
modules/financial-accounting/src/infrastructure/entities/ApInvoiceEntity.ts(83,3): error TS2564: Property 'matchVariancePercent' has no initializer and is not definitely assigned in the constructor.
modules/financial-accounting/src/infrastructure/entities/ApInvoiceEntity.ts(86,3): error TS2564: Property 'isPosted' has no initializer and is not definitely assigned in the constructor.
modules/financial-accounting/src/infrastructure/entities/ApInvoiceEntity.ts(89,3): error TS2564: Property 'metadata' has no initializer and is not definitely assigned in the constructor.
modules/financial-accounting/src/infrastructure/entities/ApInvoiceEntity.ts(92,3): error TS2564: Property 'createdAt' has no initializer and is not definitely assigned in the constructor.
modules/financial-accounting/src/infrastructure/entities/ApInvoiceEntity.ts(95,3): error TS2564: Property 'updatedAt' has no initializer and is not definitely assigned in the constructor.
modules/financial-accounting/src/infrastructure/entities/ApInvoiceEntity.ts(98,3): error TS2564: Property 'createdBy' has no initializer and is not definitely assigned in the constructor.
modules/financial-accounting/src/infrastructure/entities/ApInvoiceEntity.ts(101,3): error TS2564: Property 'updatedBy' has no initializer and is not definitely assigned in the constructor.
modules/financial-accounting/src/infrastructure/entities/ApInvoiceEntity.ts(104,3): error TS2564: Property 'lines' has no initializer and is not definitely assigned in the constructor.
modules/financial-accounting/src/infrastructure/entities/ApInvoiceLineEntity.ts(8,3): error TS2564: Property 'id' has no initializer and is not definitely assigned in the constructor.
modules/financial-accounting/src/infrastructure/entities/ApInvoiceLineEntity.ts(11,3): error TS2564: Property 'apInvoiceId' has no initializer and is not definitely assigned in the constructor.
modules/financial-accounting/src/infrastructure/entities/ApInvoiceLineEntity.ts(14,3): error TS2564: Property 'lineNumber' has no initializer and is not definitely assigned in the constructor.
modules/financial-accounting/src/infrastructure/entities/ApInvoiceLineEntity.ts(17,3): error TS2564: Property 'description' has no initializer and is not definitely assigned in the constructor.
modules/financial-accounting/src/infrastructure/entities/ApInvoiceLineEntity.ts(20,3): error TS2564: Property 'quantity' has no initializer and is not definitely assigned in the constructor.
modules/financial-accounting/src/infrastructure/entities/ApInvoiceLineEntity.ts(23,3): error TS2564: Property 'unitPrice' has no initializer and is not definitely assigned in the constructor.
modules/financial-accounting/src/infrastructure/entities/ApInvoiceLineEntity.ts(26,3): error TS2564: Property 'amount' has no initializer and is not definitely assigned in the constructor.
modules/financial-accounting/src/infrastructure/entities/ApInvoiceLineEntity.ts(29,3): error TS2564: Property 'taxAmount' has no initializer and is not definitely assigned in the constructor.
modules/financial-accounting/src/infrastructure/entities/ApInvoiceLineEntity.ts(32,3): error TS2564: Property 'expenseAccountId' has no initializer and is not definitely assigned in the constructor.
modules/financial-accounting/src/infrastructure/entities/ApInvoiceLineEntity.ts(35,3): error TS2564: Property 'taxCodeId' has no initializer and is not definitely assigned in the constructor.
modules/financial-accounting/src/infrastructure/entities/ApInvoiceLineEntity.ts(38,3): error TS2564: Property 'costCenterId' has no initializer and is not definitely assigned in the constructor.
modules/financial-accounting/src/infrastructure/entities/ApInvoiceLineEntity.ts(41,3): error TS2564: Property 'poLineId' has no initializer and is not definitely assigned in the constructor.
modules/financial-accounting/src/infrastructure/entities/ApInvoiceLineEntity.ts(44,3): error TS2564: Property 'grnLineId' has no initializer and is not definitely assigned in the constructor.
modules/financial-accounting/src/infrastructure/entities/ApInvoiceLineEntity.ts(47,3): error TS2564: Property 'metadata' has no initializer and is not definitely assigned in the constructor.
modules/financial-accounting/src/infrastructure/entities/ApInvoiceLineEntity.ts(50,3): error TS2564: Property 'createdAt' has no initializer and is not definitely assigned in the constructor.
modules/financial-accounting/src/infrastructure/entities/ApInvoiceLineEntity.ts(53,3): error TS2564: Property 'updatedAt' has no initializer and is not definitely assigned in the constructor.
modules/financial-accounting/src/infrastructure/entities/ApInvoiceLineEntity.ts(57,3): error TS2564: Property 'invoice' has no initializer and is not definitely assigned in the constructor.
modules/financial-accounting/src/infrastructure/entities/ArInvoiceEntity.ts(11,3): error TS2564: Property 'id' has no initializer and is not definitely assigned in the constructor.
modules/financial-accounting/src/infrastructure/entities/ArInvoiceEntity.ts(14,3): error TS2564: Property 'organizationId' has no initializer and is not definitely assigned in the constructor.
modules/financial-accounting/src/infrastructure/entities/ArInvoiceEntity.ts(17,3): error TS2564: Property 'customerId' has no initializer and is not definitely assigned in the constructor.
modules/financial-accounting/src/infrastructure/entities/ArInvoiceEntity.ts(20,3): error TS2564: Property 'invoiceNumber' has no initializer and is not definitely assigned in the constructor.
modules/financial-accounting/src/infrastructure/entities/ArInvoiceEntity.ts(23,3): error TS2564: Property 'orderId' has no initializer and is not definitely assigned in the constructor.
modules/financial-accounting/src/infrastructure/entities/ArInvoiceEntity.ts(26,3): error TS2564: Property 'invoiceDate' has no initializer and is not definitely assigned in the constructor.
modules/financial-accounting/src/infrastructure/entities/ArInvoiceEntity.ts(29,3): error TS2564: Property 'dueDate' has no initializer and is not definitely assigned in the constructor.
modules/financial-accounting/src/infrastructure/entities/ArInvoiceEntity.ts(32,3): error TS2564: Property 'currencyCode' has no initializer and is not definitely assigned in the constructor.
modules/financial-accounting/src/infrastructure/entities/ArInvoiceEntity.ts(35,3): error TS2564: Property 'subtotal' has no initializer and is not definitely assigned in the constructor.
modules/financial-accounting/src/infrastructure/entities/ArInvoiceEntity.ts(38,3): error TS2564: Property 'taxAmount' has no initializer and is not definitely assigned in the constructor.
modules/financial-accounting/src/infrastructure/entities/ArInvoiceEntity.ts(41,3): error TS2564: Property 'discountAmount' has no initializer and is not definitely assigned in the constructor.
modules/financial-accounting/src/infrastructure/entities/ArInvoiceEntity.ts(44,3): error TS2564: Property 'totalAmount' has no initializer and is not definitely assigned in the constructor.
modules/financial-accounting/src/infrastructure/entities/ArInvoiceEntity.ts(47,3): error TS2564: Property 'amountPaid' has no initializer and is not definitely assigned in the constructor.
modules/financial-accounting/src/infrastructure/entities/ArInvoiceEntity.ts(50,3): error TS2564: Property 'amountDue' has no initializer and is not definitely assigned in the constructor.
modules/financial-accounting/src/infrastructure/entities/ArInvoiceEntity.ts(53,3): error TS2564: Property 'status' has no initializer and is not definitely assigned in the constructor.
modules/financial-accounting/src/infrastructure/entities/ArInvoiceEntity.ts(56,3): error TS2564: Property 'paymentTerms' has no initializer and is not definitely assigned in the constructor.
modules/financial-accounting/src/infrastructure/entities/ArInvoiceEntity.ts(59,3): error TS2564: Property 'discountPercent' has no initializer and is not definitely assigned in the constructor.
modules/financial-accounting/src/infrastructure/entities/ArInvoiceEntity.ts(62,3): error TS2564: Property 'taxCodeId' has no initializer and is not definitely assigned in the constructor.
modules/financial-accounting/src/infrastructure/entities/ArInvoiceEntity.ts(65,3): error TS2564: Property 'notes' has no initializer and is not definitely assigned in the constructor.
modules/financial-accounting/src/infrastructure/entities/ArInvoiceEntity.ts(68,3): error TS2564: Property 'arAccountId' has no initializer and is not definitely assigned in the constructor.
modules/financial-accounting/src/infrastructure/entities/ArInvoiceEntity.ts(71,3): error TS2564: Property 'revenueAccountId' has no initializer and is not definitely assigned in the constructor.
modules/financial-accounting/src/infrastructure/entities/ArInvoiceEntity.ts(74,3): error TS2564: Property 'journalEntryId' has no initializer and is not definitely assigned in the constructor.
modules/financial-accounting/src/infrastructure/entities/ArInvoiceEntity.ts(77,3): error TS2564: Property 'isPosted' has no initializer and is not definitely assigned in the constructor.
modules/financial-accounting/src/infrastructure/entities/ArInvoiceEntity.ts(80,3): error TS2564: Property 'metadata' has no initializer and is not definitely assigned in the constructor.
modules/financial-accounting/src/infrastructure/entities/ArInvoiceEntity.ts(83,3): error TS2564: Property 'createdAt' has no initializer and is not definitely assigned in the constructor.
modules/financial-accounting/src/infrastructure/entities/ArInvoiceEntity.ts(86,3): error TS2564: Property 'updatedAt' has no initializer and is not definitely assigned in the constructor.
modules/financial-accounting/src/infrastructure/entities/ArInvoiceEntity.ts(89,3): error TS2564: Property 'createdBy' has no initializer and is not definitely assigned in the constructor.
modules/financial-accounting/src/infrastructure/entities/ArInvoiceEntity.ts(92,3): error TS2564: Property 'updatedBy' has no initializer and is not definitely assigned in the constructor.
modules/financial-accounting/src/infrastructure/entities/ArInvoiceEntity.ts(95,3): error TS2564: Property 'lines' has no initializer and is not definitely assigned in the constructor.
modules/financial-accounting/src/infrastructure/entities/ArInvoiceLineEntity.ts(8,3): error TS2564: Property 'id' has no initializer and is not definitely assigned in the constructor.
modules/financial-accounting/src/infrastructure/entities/ArInvoiceLineEntity.ts(11,3): error TS2564: Property 'arInvoiceId' has no initializer and is not definitely assigned in the constructor.
modules/financial-accounting/src/infrastructure/entities/ArInvoiceLineEntity.ts(14,3): error TS2564: Property 'lineNumber' has no initializer and is not definitely assigned in the constructor.
modules/financial-accounting/src/infrastructure/entities/ArInvoiceLineEntity.ts(17,3): error TS2564: Property 'description' has no initializer and is not definitely assigned in the constructor.
modules/financial-accounting/src/infrastructure/entities/ArInvoiceLineEntity.ts(20,3): error TS2564: Property 'quantity' has no initializer and is not definitely assigned in the constructor.
modules/financial-accounting/src/infrastructure/entities/ArInvoiceLineEntity.ts(23,3): error TS2564: Property 'unitPrice' has no initializer and is not definitely assigned in the constructor.
modules/financial-accounting/src/infrastructure/entities/ArInvoiceLineEntity.ts(26,3): error TS2564: Property 'amount' has no initializer and is not definitely assigned in the constructor.
modules/financial-accounting/src/infrastructure/entities/ArInvoiceLineEntity.ts(29,3): error TS2564: Property 'taxAmount' has no initializer and is not definitely assigned in the constructor.
modules/financial-accounting/src/infrastructure/entities/ArInvoiceLineEntity.ts(32,3): error TS2564: Property 'revenueAccountId' has no initializer and is not definitely assigned in the constructor.
modules/financial-accounting/src/infrastructure/entities/ArInvoiceLineEntity.ts(35,3): error TS2564: Property 'taxCodeId' has no initializer and is not definitely assigned in the constructor.
modules/financial-accounting/src/infrastructure/entities/ArInvoiceLineEntity.ts(38,3): error TS2564: Property 'metadata' has no initializer and is not definitely assigned in the constructor.
modules/financial-accounting/src/infrastructure/entities/ArInvoiceLineEntity.ts(41,3): error TS2564: Property 'createdAt' has no initializer and is not definitely assigned in the constructor.
modules/financial-accounting/src/infrastructure/entities/ArInvoiceLineEntity.ts(44,3): error TS2564: Property 'updatedAt' has no initializer and is not definitely assigned in the constructor.
modules/financial-accounting/src/infrastructure/entities/ArInvoiceLineEntity.ts(48,3): error TS2564: Property 'invoice' has no initializer and is not definitely assigned in the constructor.
modules/financial-accounting/src/infrastructure/entities/ChartOfAccountEntity.ts(11,3): error TS2564: Property 'id' has no initializer and is not definitely assigned in the constructor.
modules/financial-accounting/src/infrastructure/entities/ChartOfAccountEntity.ts(14,3): error TS2564: Property 'organizationId' has no initializer and is not definitely assigned in the constructor.
modules/financial-accounting/src/infrastructure/entities/ChartOfAccountEntity.ts(17,3): error TS2564: Property 'code' has no initializer and is not definitely assigned in the constructor.
modules/financial-accounting/src/infrastructure/entities/ChartOfAccountEntity.ts(20,3): error TS2564: Property 'name' has no initializer and is not definitely assigned in the constructor.
modules/financial-accounting/src/infrastructure/entities/ChartOfAccountEntity.ts(23,3): error TS2564: Property 'description' has no initializer and is not definitely assigned in the constructor.
modules/financial-accounting/src/infrastructure/entities/ChartOfAccountEntity.ts(26,3): error TS2564: Property 'accountType' has no initializer and is not definitely assigned in the constructor.
modules/financial-accounting/src/infrastructure/entities/ChartOfAccountEntity.ts(29,3): error TS2564: Property 'parentAccountId' has no initializer and is not definitely assigned in the constructor.
modules/financial-accounting/src/infrastructure/entities/ChartOfAccountEntity.ts(32,3): error TS2564: Property 'isHeader' has no initializer and is not definitely assigned in the constructor.
modules/financial-accounting/src/infrastructure/entities/ChartOfAccountEntity.ts(35,3): error TS2564: Property 'isActive' has no initializer and is not definitely assigned in the constructor.
modules/financial-accounting/src/infrastructure/entities/ChartOfAccountEntity.ts(38,3): error TS2564: Property 'costCenterCode' has no initializer and is not definitely assigned in the constructor.
modules/financial-accounting/src/infrastructure/entities/ChartOfAccountEntity.ts(41,3): error TS2564: Property 'taxApplicable' has no initializer and is not definitely assigned in the constructor.
modules/financial-accounting/src/infrastructure/entities/ChartOfAccountEntity.ts(44,3): error TS2564: Property 'accumulatedDepreciation' has no initializer and is not definitely assigned in the constructor.
modules/financial-accounting/src/infrastructure/entities/ChartOfAccountEntity.ts(47,3): error TS2564: Property 'balance' has no initializer and is not definitely assigned in the constructor.
modules/financial-accounting/src/infrastructure/entities/ChartOfAccountEntity.ts(50,3): error TS2564: Property 'metadata' has no initializer and is not definitely assigned in the constructor.
modules/financial-accounting/src/infrastructure/entities/ChartOfAccountEntity.ts(53,3): error TS2564: Property 'createdAt' has no initializer and is not definitely assigned in the constructor.
modules/financial-accounting/src/infrastructure/entities/ChartOfAccountEntity.ts(56,3): error TS2564: Property 'updatedAt' has no initializer and is not definitely assigned in the constructor.
modules/financial-accounting/src/infrastructure/entities/ChartOfAccountEntity.ts(59,3): error TS2564: Property 'createdBy' has no initializer and is not definitely assigned in the constructor.
modules/financial-accounting/src/infrastructure/entities/ChartOfAccountEntity.ts(62,3): error TS2564: Property 'updatedBy' has no initializer and is not definitely assigned in the constructor.
modules/financial-accounting/src/infrastructure/entities/ChartOfAccountEntity.ts(65,3): error TS2564: Property 'journalEntryLines' has no initializer and is not definitely assigned in the constructor.
modules/financial-accounting/src/infrastructure/entities/FiscalPeriodEntity.ts(8,3): error TS2564: Property 'id' has no initializer and is not definitely assigned in the constructor.
modules/financial-accounting/src/infrastructure/entities/FiscalPeriodEntity.ts(11,3): error TS2564: Property 'organizationId' has no initializer and is not definitely assigned in the constructor.
modules/financial-accounting/src/infrastructure/entities/FiscalPeriodEntity.ts(14,3): error TS2564: Property 'periodName' has no initializer and is not definitely assigned in the constructor.
modules/financial-accounting/src/infrastructure/entities/FiscalPeriodEntity.ts(17,3): error TS2564: Property 'fiscalYear' has no initializer and is not definitely assigned in the constructor.
modules/financial-accounting/src/infrastructure/entities/FiscalPeriodEntity.ts(20,3): error TS2564: Property 'startDate' has no initializer and is not definitely assigned in the constructor.
modules/financial-accounting/src/infrastructure/entities/FiscalPeriodEntity.ts(23,3): error TS2564: Property 'endDate' has no initializer and is not definitely assigned in the constructor.
modules/financial-accounting/src/infrastructure/entities/FiscalPeriodEntity.ts(26,3): error TS2564: Property 'isOpen' has no initializer and is not definitely assigned in the constructor.
modules/financial-accounting/src/infrastructure/entities/FiscalPeriodEntity.ts(29,3): error TS2564: Property 'isLocked' has no initializer and is not definitely assigned in the constructor.
modules/financial-accounting/src/infrastructure/entities/FiscalPeriodEntity.ts(32,3): error TS2564: Property 'closingDate' has no initializer and is not definitely assigned in the constructor.
modules/financial-accounting/src/infrastructure/entities/FiscalPeriodEntity.ts(35,3): error TS2564: Property 'closedBy' has no initializer and is not definitely assigned in the constructor.
modules/financial-accounting/src/infrastructure/entities/FiscalPeriodEntity.ts(38,3): error TS2564: Property 'metadata' has no initializer and is not definitely assigned in the constructor.
modules/financial-accounting/src/infrastructure/entities/FiscalPeriodEntity.ts(41,3): error TS2564: Property 'createdAt' has no initializer and is not definitely assigned in the constructor.
modules/financial-accounting/src/infrastructure/entities/FiscalPeriodEntity.ts(44,3): error TS2564: Property 'updatedAt' has no initializer and is not definitely assigned in the constructor.
modules/financial-accounting/src/infrastructure/entities/FiscalPeriodEntity.ts(47,3): error TS2564: Property 'createdBy' has no initializer and is not definitely assigned in the constructor.
modules/financial-accounting/src/infrastructure/entities/FiscalPeriodEntity.ts(50,3): error TS2564: Property 'updatedBy' has no initializer and is not definitely assigned in the constructor.
modules/financial-accounting/src/infrastructure/entities/JournalEntryEntity.ts(12,3): error TS2564: Property 'id' has no initializer and is not definitely assigned in the constructor.
modules/financial-accounting/src/infrastructure/entities/JournalEntryEntity.ts(15,3): error TS2564: Property 'organizationId' has no initializer and is not definitely assigned in the constructor.
modules/financial-accounting/src/infrastructure/entities/JournalEntryEntity.ts(18,3): error TS2564: Property 'fiscalPeriodId' has no initializer and is not definitely assigned in the constructor.
modules/financial-accounting/src/infrastructure/entities/JournalEntryEntity.ts(21,3): error TS2564: Property 'entryNumber' has no initializer and is not definitely assigned in the constructor.
modules/financial-accounting/src/infrastructure/entities/JournalEntryEntity.ts(24,3): error TS2564: Property 'entryDate' has no initializer and is not definitely assigned in the constructor.
modules/financial-accounting/src/infrastructure/entities/JournalEntryEntity.ts(27,3): error TS2564: Property 'referenceType' has no initializer and is not definitely assigned in the constructor.
modules/financial-accounting/src/infrastructure/entities/JournalEntryEntity.ts(30,3): error TS2564: Property 'referenceId' has no initializer and is not definitely assigned in the constructor.
modules/financial-accounting/src/infrastructure/entities/JournalEntryEntity.ts(33,3): error TS2564: Property 'description' has no initializer and is not definitely assigned in the constructor.
modules/financial-accounting/src/infrastructure/entities/JournalEntryEntity.ts(36,3): error TS2564: Property 'totalDebit' has no initializer and is not definitely assigned in the constructor.
modules/financial-accounting/src/infrastructure/entities/JournalEntryEntity.ts(39,3): error TS2564: Property 'totalCredit' has no initializer and is not definitely assigned in the constructor.
modules/financial-accounting/src/infrastructure/entities/JournalEntryEntity.ts(42,3): error TS2564: Property 'status' has no initializer and is not definitely assigned in the constructor.
modules/financial-accounting/src/infrastructure/entities/JournalEntryEntity.ts(45,3): error TS2564: Property 'isPosted' has no initializer and is not definitely assigned in the constructor.
modules/financial-accounting/src/infrastructure/entities/JournalEntryEntity.ts(48,3): error TS2564: Property 'postedDate' has no initializer and is not definitely assigned in the constructor.
modules/financial-accounting/src/infrastructure/entities/JournalEntryEntity.ts(51,3): error TS2564: Property 'postedBy' has no initializer and is not definitely assigned in the constructor.
modules/financial-accounting/src/infrastructure/entities/JournalEntryEntity.ts(54,3): error TS2564: Property 'approvalStatus' has no initializer and is not definitely assigned in the constructor.
modules/financial-accounting/src/infrastructure/entities/JournalEntryEntity.ts(57,3): error TS2564: Property 'approvedBy' has no initializer and is not definitely assigned in the constructor.
modules/financial-accounting/src/infrastructure/entities/JournalEntryEntity.ts(60,3): error TS2564: Property 'approvedDate' has no initializer and is not definitely assigned in the constructor.
modules/financial-accounting/src/infrastructure/entities/JournalEntryEntity.ts(63,3): error TS2564: Property 'reversalEntryId' has no initializer and is not definitely assigned in the constructor.
modules/financial-accounting/src/infrastructure/entities/JournalEntryEntity.ts(66,3): error TS2564: Property 'metadata' has no initializer and is not definitely assigned in the constructor.
modules/financial-accounting/src/infrastructure/entities/JournalEntryEntity.ts(69,3): error TS2564: Property 'createdAt' has no initializer and is not definitely assigned in the constructor.
modules/financial-accounting/src/infrastructure/entities/JournalEntryEntity.ts(72,3): error TS2564: Property 'updatedAt' has no initializer and is not definitely assigned in the constructor.
modules/financial-accounting/src/infrastructure/entities/JournalEntryEntity.ts(75,3): error TS2564: Property 'createdBy' has no initializer and is not definitely assigned in the constructor.
modules/financial-accounting/src/infrastructure/entities/JournalEntryEntity.ts(78,3): error TS2564: Property 'updatedBy' has no initializer and is not definitely assigned in the constructor.
modules/financial-accounting/src/infrastructure/entities/JournalEntryEntity.ts(81,3): error TS2564: Property 'lines' has no initializer and is not definitely assigned in the constructor.
modules/financial-accounting/src/infrastructure/entities/JournalEntryLineEntity.ts(11,3): error TS2564: Property 'id' has no initializer and is not definitely assigned in the constructor.
modules/financial-accounting/src/infrastructure/entities/JournalEntryLineEntity.ts(14,3): error TS2564: Property 'journalEntryId' has no initializer and is not definitely assigned in the constructor.
modules/financial-accounting/src/infrastructure/entities/JournalEntryLineEntity.ts(17,3): error TS2564: Property 'lineNumber' has no initializer and is not definitely assigned in the constructor.
modules/financial-accounting/src/infrastructure/entities/JournalEntryLineEntity.ts(20,3): error TS2564: Property 'accountId' has no initializer and is not definitely assigned in the constructor.
modules/financial-accounting/src/infrastructure/entities/JournalEntryLineEntity.ts(23,3): error TS2564: Property 'costCenterId' has no initializer and is not definitely assigned in the constructor.
modules/financial-accounting/src/infrastructure/entities/JournalEntryLineEntity.ts(26,3): error TS2564: Property 'taxCodeId' has no initializer and is not definitely assigned in the constructor.
modules/financial-accounting/src/infrastructure/entities/JournalEntryLineEntity.ts(29,3): error TS2564: Property 'description' has no initializer and is not definitely assigned in the constructor.
modules/financial-accounting/src/infrastructure/entities/JournalEntryLineEntity.ts(32,3): error TS2564: Property 'debitAmount' has no initializer and is not definitely assigned in the constructor.
modules/financial-accounting/src/infrastructure/entities/JournalEntryLineEntity.ts(35,3): error TS2564: Property 'creditAmount' has no initializer and is not definitely assigned in the constructor.
modules/financial-accounting/src/infrastructure/entities/JournalEntryLineEntity.ts(38,3): error TS2564: Property 'quantity' has no initializer and is not definitely assigned in the constructor.
modules/financial-accounting/src/infrastructure/entities/JournalEntryLineEntity.ts(41,3): error TS2564: Property 'unitPrice' has no initializer and is not definitely assigned in the constructor.
modules/financial-accounting/src/infrastructure/entities/JournalEntryLineEntity.ts(44,3): error TS2564: Property 'referenceNumber' has no initializer and is not definitely assigned in the constructor.
modules/financial-accounting/src/infrastructure/entities/JournalEntryLineEntity.ts(47,3): error TS2564: Property 'metadata' has no initializer and is not definitely assigned in the constructor.
modules/financial-accounting/src/infrastructure/entities/JournalEntryLineEntity.ts(50,3): error TS2564: Property 'createdAt' has no initializer and is not definitely assigned in the constructor.
modules/financial-accounting/src/infrastructure/entities/JournalEntryLineEntity.ts(53,3): error TS2564: Property 'updatedAt' has no initializer and is not definitely assigned in the constructor.
modules/financial-accounting/src/infrastructure/entities/JournalEntryLineEntity.ts(57,3): error TS2564: Property 'journalEntry' has no initializer and is not definitely assigned in the constructor.
modules/financial-accounting/src/infrastructure/entities/JournalEntryLineEntity.ts(61,3): error TS2564: Property 'account' has no initializer and is not definitely assigned in the constructor.
modules/financial-accounting/src/infrastructure/repositories/ArInvoiceRepository.ts(147,17): error TS2872: This kind of expression is always truthy.
modules/hr/src/api/controllers/AttendanceController.ts(10,75): error TS2345: Argument of type 'string | number | undefined' is not assignable to parameter of type 'string'.
  Type 'undefined' is not assignable to type 'string'.
modules/hr/src/api/controllers/AttendanceController.ts(19,76): error TS2345: Argument of type 'string | number | undefined' is not assignable to parameter of type 'string'.
  Type 'undefined' is not assignable to type 'string'.
modules/hr/src/api/controllers/AttendanceController.ts(83,90): error TS2345: Argument of type 'string | number | undefined' is not assignable to parameter of type 'string'.
  Type 'undefined' is not assignable to type 'string'.
modules/hr/src/api/controllers/DepartmentController.ts(10,88): error TS2345: Argument of type 'string | number | undefined' is not assignable to parameter of type 'string'.
  Type 'undefined' is not assignable to type 'string'.
modules/hr/src/api/controllers/DepartmentController.ts(28,103): error TS2345: Argument of type 'string | number | undefined' is not assignable to parameter of type 'string'.
  Type 'undefined' is not assignable to type 'string'.
modules/hr/src/api/controllers/EmployeeController.ts(10,82): error TS2345: Argument of type 'string | number | undefined' is not assignable to parameter of type 'string'.
  Type 'undefined' is not assignable to type 'string'.
modules/hr/src/api/controllers/EmployeeController.ts(28,97): error TS2345: Argument of type 'string | number | undefined' is not assignable to parameter of type 'string'.
  Type 'undefined' is not assignable to type 'string'.
modules/hr/src/api/controllers/EmployeeController.ts(37,100): error TS2345: Argument of type 'string | number | undefined' is not assignable to parameter of type 'string'.
  Type 'undefined' is not assignable to type 'string'.
modules/hr/src/api/controllers/LeaveController.ts(10,82): error TS2345: Argument of type 'string | number | undefined' is not assignable to parameter of type 'string'.
  Type 'undefined' is not assignable to type 'string'.
modules/hr/src/api/controllers/LeaveController.ts(28,97): error TS2345: Argument of type 'string | number | undefined' is not assignable to parameter of type 'string'.
  Type 'undefined' is not assignable to type 'string'.
modules/hr/src/api/controllers/LeaveController.ts(37,98): error TS2345: Argument of type 'string | number | undefined' is not assignable to parameter of type 'string'.
  Type 'undefined' is not assignable to type 'string'.
modules/hr/src/api/controllers/LeaveController.ts(46,97): error TS2345: Argument of type 'string | number | undefined' is not assignable to parameter of type 'string'.
  Type 'undefined' is not assignable to type 'string'.
modules/hr/src/api/controllers/LeaveController.ts(96,17): error TS2345: Argument of type 'string | number | undefined' is not assignable to parameter of type 'string'.
  Type 'undefined' is not assignable to type 'string'.
modules/hr/src/api/controllers/PayrollController.ts(10,78): error TS2345: Argument of type 'string | number | undefined' is not assignable to parameter of type 'string'.
  Type 'undefined' is not assignable to type 'string'.
modules/hr/src/api/controllers/PayrollController.ts(28,93): error TS2345: Argument of type 'string | number | undefined' is not assignable to parameter of type 'string'.
  Type 'undefined' is not assignable to type 'string'.
modules/hr/src/api/controllers/PayrollController.ts(53,17): error TS2345: Argument of type 'string | number | undefined' is not assignable to parameter of type 'string'.
  Type 'undefined' is not assignable to type 'string'.
modules/hr/src/api/controllers/PayrollController.ts(63,91): error TS2345: Argument of type 'string | number | undefined' is not assignable to parameter of type 'string'.
  Type 'undefined' is not assignable to type 'string'.
modules/hr/src/api/controllers/PayrollController.ts(72,81): error TS2345: Argument of type 'string | number | undefined' is not assignable to parameter of type 'string'.
  Type 'undefined' is not assignable to type 'string'.
modules/hr/src/api/controllers/PerformanceController.ts(10,92): error TS2345: Argument of type 'string | number | undefined' is not assignable to parameter of type 'string'.
  Type 'undefined' is not assignable to type 'string'.
modules/hr/src/api/controllers/PerformanceController.ts(28,107): error TS2345: Argument of type 'string | number | undefined' is not assignable to parameter of type 'string'.
  Type 'undefined' is not assignable to type 'string'.
modules/hr/src/api/controllers/PerformanceController.ts(37,97): error TS2345: Argument of type 'string | number | undefined' is not assignable to parameter of type 'string'.
  Type 'undefined' is not assignable to type 'string'.
modules/hr/src/api/controllers/PerformanceController.ts(46,98): error TS2345: Argument of type 'string | number | undefined' is not assignable to parameter of type 'string'.
  Type 'undefined' is not assignable to type 'string'.
modules/hr/src/api/controllers/PerformanceController.ts(55,102): error TS2345: Argument of type 'string | number | undefined' is not assignable to parameter of type 'string'.
  Type 'undefined' is not assignable to type 'string'.
modules/hr/src/api/controllers/PerformanceController.ts(75,86): error TS2345: Argument of type 'string | number | undefined' is not assignable to parameter of type 'string'.
  Type 'undefined' is not assignable to type 'string'.
modules/hr/src/api/controllers/PerformanceController.ts(93,101): error TS2345: Argument of type 'string | number | undefined' is not assignable to parameter of type 'string'.
  Type 'undefined' is not assignable to type 'string'.
modules/hr/src/api/controllers/PerformanceController.ts(117,17): error TS2345: Argument of type 'string | number | undefined' is not assignable to parameter of type 'string'.
  Type 'undefined' is not assignable to type 'string'.
modules/hr/src/api/controllers/PerformanceController.ts(131,17): error TS2345: Argument of type 'string | number | undefined' is not assignable to parameter of type 'string'.
  Type 'undefined' is not assignable to type 'string'.
modules/hr/src/api/controllers/PerformanceController.ts(150,102): error TS2345: Argument of type 'string | number | undefined' is not assignable to parameter of type 'string'.
  Type 'undefined' is not assignable to type 'string'.
modules/hr/src/api/routes/index.ts(2,26): error TS2307: Cannot find module 'express-joi-validation' or its corresponding type declarations.
modules/hr/src/domain/services/AttendanceService.ts(25,17): error TS2353: Object literal may only specify known properties, and 'updatedBy' does not exist in type 'Partial<AttendanceRecordEntity>'.
modules/hr/src/domain/services/AttendanceService.ts(37,13): error TS2353: Object literal may only specify known properties, and 'createdBy' does not exist in type 'Partial<AttendanceRecordEntity>'.
modules/hr/src/domain/services/AttendanceService.ts(64,13): error TS2353: Object literal may only specify known properties, and 'updatedBy' does not exist in type 'Partial<AttendanceRecordEntity>'.
modules/hr/src/domain/services/AttendanceService.ts(140,13): error TS2353: Object literal may only specify known properties, and 'updatedBy' does not exist in type 'Partial<AttendanceRecordEntity>'.
modules/hr/src/domain/services/EmployeeService.ts(19,53): error TS2345: Argument of type '{ status: "active"; employmentStatus: "active"; createdBy: string; code: string; userId: string; firstName: string; lastName: string; email: string; phone?: string; dateOfBirth: string; gender: "male" | "female" | "other"; ... 20 more ...; bankCode?: string; }' is not assignable to parameter of type 'Partial<EmployeeEntity>'.
  Types of property 'dateOfBirth' are incompatible.
    Type 'string' is not assignable to type 'Date'.
modules/hr/src/domain/services/EmployeeService.ts(45,58): error TS2345: Argument of type '{ updatedBy: string; firstName?: string; lastName?: string; email?: string; phone?: string; dateOfBirth?: string; gender?: "male" | "female" | "other"; nationalIdNumber?: string; passportNumber?: string; ... 16 more ...; bankCode?: string; }' is not assignable to parameter of type 'Partial<EmployeeEntity>'.
  Types of property 'dateOfBirth' are incompatible.
    Type 'string | undefined' is not assignable to type 'Date | undefined'.
      Type 'string' is not assignable to type 'Date'.
modules/hr/src/domain/services/PayrollService.ts(45,67): error TS2345: Argument of type '{ updatedBy: string; name?: string; paymentDate?: string; remarks?: string; }' is not assignable to parameter of type 'Partial<PayrollRunEntity>'.
  Types of property 'paymentDate' are incompatible.
    Type 'string | undefined' is not assignable to type 'Date | undefined'.
      Type 'string' is not assignable to type 'Date'.
modules/hr/src/infrastructure/entities/AttendanceRecord.ts(9,5): error TS2564: Property 'id' has no initializer and is not definitely assigned in the constructor.
modules/hr/src/infrastructure/entities/AttendanceRecord.ts(12,5): error TS2564: Property 'employeeId' has no initializer and is not definitely assigned in the constructor.
modules/hr/src/infrastructure/entities/AttendanceRecord.ts(15,5): error TS2564: Property 'shiftId' has no initializer and is not definitely assigned in the constructor.
modules/hr/src/infrastructure/entities/AttendanceRecord.ts(18,5): error TS2564: Property 'attendanceDate' has no initializer and is not definitely assigned in the constructor.
modules/hr/src/infrastructure/entities/AttendanceRecord.ts(21,5): error TS2564: Property 'clockInTime' has no initializer and is not definitely assigned in the constructor.
modules/hr/src/infrastructure/entities/AttendanceRecord.ts(24,5): error TS2564: Property 'clockInLatitude' has no initializer and is not definitely assigned in the constructor.
modules/hr/src/infrastructure/entities/AttendanceRecord.ts(27,5): error TS2564: Property 'clockInLongitude' has no initializer and is not definitely assigned in the constructor.
modules/hr/src/infrastructure/entities/AttendanceRecord.ts(30,5): error TS2564: Property 'clockInLocation' has no initializer and is not definitely assigned in the constructor.
modules/hr/src/infrastructure/entities/AttendanceRecord.ts(33,5): error TS2564: Property 'clockOutTime' has no initializer and is not definitely assigned in the constructor.
modules/hr/src/infrastructure/entities/AttendanceRecord.ts(36,5): error TS2564: Property 'clockOutLatitude' has no initializer and is not definitely assigned in the constructor.
modules/hr/src/infrastructure/entities/AttendanceRecord.ts(39,5): error TS2564: Property 'clockOutLongitude' has no initializer and is not definitely assigned in the constructor.
modules/hr/src/infrastructure/entities/AttendanceRecord.ts(42,5): error TS2564: Property 'clockOutLocation' has no initializer and is not definitely assigned in the constructor.
modules/hr/src/infrastructure/entities/AttendanceRecord.ts(45,5): error TS2564: Property 'hoursWorked' has no initializer and is not definitely assigned in the constructor.
modules/hr/src/infrastructure/entities/AttendanceRecord.ts(48,5): error TS2564: Property 'overtimeHours' has no initializer and is not definitely assigned in the constructor.
modules/hr/src/infrastructure/entities/AttendanceRecord.ts(51,5): error TS2564: Property 'status' has no initializer and is not definitely assigned in the constructor.
modules/hr/src/infrastructure/entities/AttendanceRecord.ts(54,5): error TS2564: Property 'remarks' has no initializer and is not definitely assigned in the constructor.
modules/hr/src/infrastructure/entities/AttendanceRecord.ts(57,5): error TS2564: Property 'createdAt' has no initializer and is not definitely assigned in the constructor.
modules/hr/src/infrastructure/entities/AttendanceRecord.ts(60,5): error TS2564: Property 'updatedAt' has no initializer and is not definitely assigned in the constructor.
modules/hr/src/infrastructure/entities/AttendanceRecord.ts(63,5): error TS2564: Property 'approvedBy' has no initializer and is not definitely assigned in the constructor.
modules/hr/src/infrastructure/entities/AttendanceRecord.ts(66,5): error TS2564: Property 'approvedAt' has no initializer and is not definitely assigned in the constructor.
modules/hr/src/infrastructure/entities/Department.ts(18,5): error TS2564: Property 'id' has no initializer and is not definitely assigned in the constructor.
modules/hr/src/infrastructure/entities/Department.ts(21,5): error TS2564: Property 'code' has no initializer and is not definitely assigned in the constructor.
modules/hr/src/infrastructure/entities/Department.ts(24,5): error TS2564: Property 'name' has no initializer and is not definitely assigned in the constructor.
modules/hr/src/infrastructure/entities/Department.ts(27,5): error TS2564: Property 'description' has no initializer and is not definitely assigned in the constructor.
modules/hr/src/infrastructure/entities/Department.ts(30,5): error TS2564: Property 'parentDepartmentId' has no initializer and is not definitely assigned in the constructor.
modules/hr/src/infrastructure/entities/Department.ts(37,5): error TS2564: Property 'parentDepartment' has no initializer and is not definitely assigned in the constructor.
modules/hr/src/infrastructure/entities/Department.ts(40,5): error TS2564: Property 'childDepartments' has no initializer and is not definitely assigned in the constructor.
modules/hr/src/infrastructure/entities/Department.ts(43,5): error TS2564: Property 'headId' has no initializer and is not definitely assigned in the constructor.
modules/hr/src/infrastructure/entities/Department.ts(46,5): error TS2564: Property 'costCenter' has no initializer and is not definitely assigned in the constructor.
modules/hr/src/infrastructure/entities/Department.ts(49,5): error TS2564: Property 'headcount' has no initializer and is not definitely assigned in the constructor.
modules/hr/src/infrastructure/entities/Department.ts(52,5): error TS2564: Property 'status' has no initializer and is not definitely assigned in the constructor.
modules/hr/src/infrastructure/entities/Department.ts(55,5): error TS2564: Property 'createdAt' has no initializer and is not definitely assigned in the constructor.
modules/hr/src/infrastructure/entities/Department.ts(58,5): error TS2564: Property 'updatedAt' has no initializer and is not definitely assigned in the constructor.
modules/hr/src/infrastructure/entities/Department.ts(61,5): error TS2564: Property 'createdBy' has no initializer and is not definitely assigned in the constructor.
modules/hr/src/infrastructure/entities/Department.ts(64,5): error TS2564: Property 'updatedBy' has no initializer and is not definitely assigned in the constructor.
modules/hr/src/infrastructure/entities/Employee.ts(21,5): error TS2564: Property 'id' has no initializer and is not definitely assigned in the constructor.
modules/hr/src/infrastructure/entities/Employee.ts(24,5): error TS2564: Property 'code' has no initializer and is not definitely assigned in the constructor.
modules/hr/src/infrastructure/entities/Employee.ts(27,5): error TS2564: Property 'userId' has no initializer and is not definitely assigned in the constructor.
modules/hr/src/infrastructure/entities/Employee.ts(30,5): error TS2564: Property 'firstName' has no initializer and is not definitely assigned in the constructor.
modules/hr/src/infrastructure/entities/Employee.ts(33,5): error TS2564: Property 'lastName' has no initializer and is not definitely assigned in the constructor.
modules/hr/src/infrastructure/entities/Employee.ts(36,5): error TS2564: Property 'email' has no initializer and is not definitely assigned in the constructor.
modules/hr/src/infrastructure/entities/Employee.ts(39,5): error TS2564: Property 'phone' has no initializer and is not definitely assigned in the constructor.
modules/hr/src/infrastructure/entities/Employee.ts(42,5): error TS2564: Property 'dateOfBirth' has no initializer and is not definitely assigned in the constructor.
modules/hr/src/infrastructure/entities/Employee.ts(45,5): error TS2564: Property 'gender' has no initializer and is not definitely assigned in the constructor.
modules/hr/src/infrastructure/entities/Employee.ts(48,5): error TS2564: Property 'nationalIdNumber' has no initializer and is not definitely assigned in the constructor.
modules/hr/src/infrastructure/entities/Employee.ts(51,5): error TS2564: Property 'passportNumber' has no initializer and is not definitely assigned in the constructor.
modules/hr/src/infrastructure/entities/Employee.ts(54,5): error TS2564: Property 'address' has no initializer and is not definitely assigned in the constructor.
modules/hr/src/infrastructure/entities/Employee.ts(57,5): error TS2564: Property 'city' has no initializer and is not definitely assigned in the constructor.
modules/hr/src/infrastructure/entities/Employee.ts(60,5): error TS2564: Property 'county' has no initializer and is not definitely assigned in the constructor.
modules/hr/src/infrastructure/entities/Employee.ts(63,5): error TS2564: Property 'postalCode' has no initializer and is not definitely assigned in the constructor.
modules/hr/src/infrastructure/entities/Employee.ts(66,5): error TS2564: Property 'country' has no initializer and is not definitely assigned in the constructor.
modules/hr/src/infrastructure/entities/Employee.ts(69,5): error TS2564: Property 'emergencyContactPhone' has no initializer and is not definitely assigned in the constructor.
modules/hr/src/infrastructure/entities/Employee.ts(72,5): error TS2564: Property 'emergencyContactName' has no initializer and is not definitely assigned in the constructor.
modules/hr/src/infrastructure/entities/Employee.ts(75,5): error TS2564: Property 'emergencyContactRelation' has no initializer and is not definitely assigned in the constructor.
modules/hr/src/infrastructure/entities/Employee.ts(78,5): error TS2564: Property 'departmentId' has no initializer and is not definitely assigned in the constructor.
modules/hr/src/infrastructure/entities/Employee.ts(81,5): error TS2564: Property 'positionId' has no initializer and is not definitely assigned in the constructor.
modules/hr/src/infrastructure/entities/Employee.ts(84,5): error TS2564: Property 'managerId' has no initializer and is not definitely assigned in the constructor.
modules/hr/src/infrastructure/entities/Employee.ts(91,5): error TS2564: Property 'manager' has no initializer and is not definitely assigned in the constructor.
modules/hr/src/infrastructure/entities/Employee.ts(94,5): error TS2564: Property 'subordinates' has no initializer and is not definitely assigned in the constructor.
modules/hr/src/infrastructure/entities/Employee.ts(97,5): error TS2564: Property 'hireDate' has no initializer and is not definitely assigned in the constructor.
modules/hr/src/infrastructure/entities/Employee.ts(100,5): error TS2564: Property 'terminationDate' has no initializer and is not definitely assigned in the constructor.
modules/hr/src/infrastructure/entities/Employee.ts(103,5): error TS2564: Property 'employmentStatus' has no initializer and is not definitely assigned in the constructor.
modules/hr/src/infrastructure/entities/Employee.ts(106,5): error TS2564: Property 'employmentType' has no initializer and is not definitely assigned in the constructor.
modules/hr/src/infrastructure/entities/Employee.ts(109,5): error TS2564: Property 'baseSalary' has no initializer and is not definitely assigned in the constructor.
modules/hr/src/infrastructure/entities/Employee.ts(112,5): error TS2564: Property 'salaryFrequency' has no initializer and is not definitely assigned in the constructor.
modules/hr/src/infrastructure/entities/Employee.ts(115,5): error TS2564: Property 'hoursPerWeek' has no initializer and is not definitely assigned in the constructor.
modules/hr/src/infrastructure/entities/Employee.ts(118,5): error TS2564: Property 'bankAccountNumber' has no initializer and is not definitely assigned in the constructor.
modules/hr/src/infrastructure/entities/Employee.ts(121,5): error TS2564: Property 'bankName' has no initializer and is not definitely assigned in the constructor.
modules/hr/src/infrastructure/entities/Employee.ts(124,5): error TS2564: Property 'bankCode' has no initializer and is not definitely assigned in the constructor.
modules/hr/src/infrastructure/entities/Employee.ts(127,5): error TS2564: Property 'status' has no initializer and is not definitely assigned in the constructor.
modules/hr/src/infrastructure/entities/Employee.ts(130,5): error TS2564: Property 'isDeleted' has no initializer and is not definitely assigned in the constructor.
modules/hr/src/infrastructure/entities/Employee.ts(133,5): error TS2564: Property 'createdAt' has no initializer and is not definitely assigned in the constructor.
modules/hr/src/infrastructure/entities/Employee.ts(136,5): error TS2564: Property 'updatedAt' has no initializer and is not definitely assigned in the constructor.
modules/hr/src/infrastructure/entities/Employee.ts(139,5): error TS2564: Property 'createdBy' has no initializer and is not definitely assigned in the constructor.
modules/hr/src/infrastructure/entities/Employee.ts(142,5): error TS2564: Property 'updatedBy' has no initializer and is not definitely assigned in the constructor.
modules/hr/src/infrastructure/entities/EmployeeDocument.ts(8,5): error TS2564: Property 'id' has no initializer and is not definitely assigned in the constructor.
modules/hr/src/infrastructure/entities/EmployeeDocument.ts(11,5): error TS2564: Property 'employeeId' has no initializer and is not definitely assigned in the constructor.
modules/hr/src/infrastructure/entities/EmployeeDocument.ts(14,5): error TS2564: Property 'documentType' has no initializer and is not definitely assigned in the constructor.
modules/hr/src/infrastructure/entities/EmployeeDocument.ts(17,5): error TS2564: Property 'fileName' has no initializer and is not definitely assigned in the constructor.
modules/hr/src/infrastructure/entities/EmployeeDocument.ts(20,5): error TS2564: Property 'filePath' has no initializer and is not definitely assigned in the constructor.
modules/hr/src/infrastructure/entities/EmployeeDocument.ts(23,5): error TS2564: Property 'fileExtension' has no initializer and is not definitely assigned in the constructor.
modules/hr/src/infrastructure/entities/EmployeeDocument.ts(26,5): error TS2564: Property 'fileSize' has no initializer and is not definitely assigned in the constructor.
modules/hr/src/infrastructure/entities/EmployeeDocument.ts(29,5): error TS2564: Property 'issueDate' has no initializer and is not definitely assigned in the constructor.
modules/hr/src/infrastructure/entities/EmployeeDocument.ts(32,5): error TS2564: Property 'expiryDate' has no initializer and is not definitely assigned in the constructor.
modules/hr/src/infrastructure/entities/EmployeeDocument.ts(35,5): error TS2564: Property 'remarks' has no initializer and is not definitely assigned in the constructor.
modules/hr/src/infrastructure/entities/EmployeeDocument.ts(38,5): error TS2564: Property 'status' has no initializer and is not definitely assigned in the constructor.
modules/hr/src/infrastructure/entities/EmployeeDocument.ts(41,5): error TS2564: Property 'uploadedAt' has no initializer and is not definitely assigned in the constructor.
modules/hr/src/infrastructure/entities/EmployeeDocument.ts(44,5): error TS2564: Property 'uploadedBy' has no initializer and is not definitely assigned in the constructor.
modules/hr/src/infrastructure/entities/EmployeeDocument.ts(47,5): error TS2564: Property 'updatedAt' has no initializer and is not definitely assigned in the constructor.
modules/hr/src/infrastructure/entities/EmployeeDocument.ts(50,5): error TS2564: Property 'updatedBy' has no initializer and is not definitely assigned in the constructor.
modules/hr/src/infrastructure/entities/EmployeePosition.ts(8,5): error TS2564: Property 'id' has no initializer and is not definitely assigned in the constructor.
modules/hr/src/infrastructure/entities/EmployeePosition.ts(11,5): error TS2564: Property 'code' has no initializer and is not definitely assigned in the constructor.
modules/hr/src/infrastructure/entities/EmployeePosition.ts(14,5): error TS2564: Property 'title' has no initializer and is not definitely assigned in the constructor.
modules/hr/src/infrastructure/entities/EmployeePosition.ts(17,5): error TS2564: Property 'description' has no initializer and is not definitely assigned in the constructor.
modules/hr/src/infrastructure/entities/EmployeePosition.ts(20,5): error TS2564: Property 'departmentId' has no initializer and is not definitely assigned in the constructor.
modules/hr/src/infrastructure/entities/EmployeePosition.ts(23,5): error TS2564: Property 'grade' has no initializer and is not definitely assigned in the constructor.
modules/hr/src/infrastructure/entities/EmployeePosition.ts(26,5): error TS2564: Property 'level' has no initializer and is not definitely assigned in the constructor.
modules/hr/src/infrastructure/entities/EmployeePosition.ts(29,5): error TS2564: Property 'baseSalary' has no initializer and is not definitely assigned in the constructor.
modules/hr/src/infrastructure/entities/EmployeePosition.ts(32,5): error TS2564: Property 'headcount' has no initializer and is not definitely assigned in the constructor.
modules/hr/src/infrastructure/entities/EmployeePosition.ts(35,5): error TS2564: Property 'status' has no initializer and is not definitely assigned in the constructor.
modules/hr/src/infrastructure/entities/EmployeePosition.ts(38,5): error TS2564: Property 'responsibilities' has no initializer and is not definitely assigned in the constructor.
modules/hr/src/infrastructure/entities/EmployeePosition.ts(41,5): error TS2564: Property 'requiredQualifications' has no initializer and is not definitely assigned in the constructor.
modules/hr/src/infrastructure/entities/EmployeePosition.ts(44,5): error TS2564: Property 'createdAt' has no initializer and is not definitely assigned in the constructor.
modules/hr/src/infrastructure/entities/EmployeePosition.ts(47,5): error TS2564: Property 'updatedAt' has no initializer and is not definitely assigned in the constructor.
modules/hr/src/infrastructure/entities/EmployeePosition.ts(50,5): error TS2564: Property 'createdBy' has no initializer and is not definitely assigned in the constructor.
modules/hr/src/infrastructure/entities/EmployeePosition.ts(53,5): error TS2564: Property 'updatedBy' has no initializer and is not definitely assigned in the constructor.
modules/hr/src/infrastructure/entities/EmploymentHistory.ts(8,5): error TS2564: Property 'id' has no initializer and is not definitely assigned in the constructor.
modules/hr/src/infrastructure/entities/EmploymentHistory.ts(11,5): error TS2564: Property 'employeeId' has no initializer and is not definitely assigned in the constructor.
modules/hr/src/infrastructure/entities/EmploymentHistory.ts(14,5): error TS2564: Property 'positionId' has no initializer and is not definitely assigned in the constructor.
modules/hr/src/infrastructure/entities/EmploymentHistory.ts(17,5): error TS2564: Property 'departmentId' has no initializer and is not definitely assigned in the constructor.
modules/hr/src/infrastructure/entities/EmploymentHistory.ts(20,5): error TS2564: Property 'managerId' has no initializer and is not definitely assigned in the constructor.
modules/hr/src/infrastructure/entities/EmploymentHistory.ts(23,5): error TS2564: Property 'positionTitle' has no initializer and is not definitely assigned in the constructor.
modules/hr/src/infrastructure/entities/EmploymentHistory.ts(26,5): error TS2564: Property 'departmentName' has no initializer and is not definitely assigned in the constructor.
modules/hr/src/infrastructure/entities/EmploymentHistory.ts(29,5): error TS2564: Property 'startDate' has no initializer and is not definitely assigned in the constructor.
modules/hr/src/infrastructure/entities/EmploymentHistory.ts(32,5): error TS2564: Property 'endDate' has no initializer and is not definitely assigned in the constructor.
modules/hr/src/infrastructure/entities/EmploymentHistory.ts(35,5): error TS2564: Property 'employmentType' has no initializer and is not definitely assigned in the constructor.
modules/hr/src/infrastructure/entities/EmploymentHistory.ts(38,5): error TS2564: Property 'baseSalary' has no initializer and is not definitely assigned in the constructor.
modules/hr/src/infrastructure/entities/EmploymentHistory.ts(41,5): error TS2564: Property 'reasonForChange' has no initializer and is not definitely assigned in the constructor.
modules/hr/src/infrastructure/entities/EmploymentHistory.ts(44,5): error TS2564: Property 'status' has no initializer and is not definitely assigned in the constructor.
modules/hr/src/infrastructure/entities/EmploymentHistory.ts(47,5): error TS2564: Property 'createdAt' has no initializer and is not definitely assigned in the constructor.
modules/hr/src/infrastructure/entities/EmploymentHistory.ts(50,5): error TS2564: Property 'updatedAt' has no initializer and is not definitely assigned in the constructor.
modules/hr/src/infrastructure/entities/EmploymentHistory.ts(53,5): error TS2564: Property 'createdBy' has no initializer and is not definitely assigned in the constructor.
modules/hr/src/infrastructure/entities/EmploymentHistory.ts(56,5): error TS2564: Property 'updatedBy' has no initializer and is not definitely assigned in the constructor.
modules/hr/src/infrastructure/entities/HolidayCalendar.ts(8,5): error TS2564: Property 'id' has no initializer and is not definitely assigned in the constructor.
modules/hr/src/infrastructure/entities/HolidayCalendar.ts(11,5): error TS2564: Property 'name' has no initializer and is not definitely assigned in the constructor.
modules/hr/src/infrastructure/entities/HolidayCalendar.ts(14,5): error TS2564: Property 'date' has no initializer and is not definitely assigned in the constructor.
modules/hr/src/infrastructure/entities/HolidayCalendar.ts(17,5): error TS2564: Property 'description' has no initializer and is not definitely assigned in the constructor.
modules/hr/src/infrastructure/entities/HolidayCalendar.ts(20,5): error TS2564: Property 'type' has no initializer and is not definitely assigned in the constructor.
modules/hr/src/infrastructure/entities/HolidayCalendar.ts(23,5): error TS2564: Property 'isMandatory' has no initializer and is not definitely assigned in the constructor.
modules/hr/src/infrastructure/entities/HolidayCalendar.ts(26,5): error TS2564: Property 'departmentId' has no initializer and is not definitely assigned in the constructor.
modules/hr/src/infrastructure/entities/HolidayCalendar.ts(29,5): error TS2564: Property 'status' has no initializer and is not definitely assigned in the constructor.
modules/hr/src/infrastructure/entities/HolidayCalendar.ts(32,5): error TS2564: Property 'createdAt' has no initializer and is not definitely assigned in the constructor.
modules/hr/src/infrastructure/entities/HolidayCalendar.ts(35,5): error TS2564: Property 'updatedAt' has no initializer and is not definitely assigned in the constructor.
modules/hr/src/infrastructure/entities/HolidayCalendar.ts(38,5): error TS2564: Property 'createdBy' has no initializer and is not definitely assigned in the constructor.
modules/hr/src/infrastructure/entities/HolidayCalendar.ts(41,5): error TS2564: Property 'updatedBy' has no initializer and is not definitely assigned in the constructor.
modules/hr/src/infrastructure/entities/LeaveBalance.ts(8,5): error TS2564: Property 'id' has no initializer and is not definitely assigned in the constructor.
modules/hr/src/infrastructure/entities/LeaveBalance.ts(11,5): error TS2564: Property 'employeeId' has no initializer and is not definitely assigned in the constructor.
modules/hr/src/infrastructure/entities/LeaveBalance.ts(14,5): error TS2564: Property 'leaveTypeId' has no initializer and is not definitely assigned in the constructor.
modules/hr/src/infrastructure/entities/LeaveBalance.ts(17,5): error TS2564: Property 'year' has no initializer and is not definitely assigned in the constructor.
modules/hr/src/infrastructure/entities/LeaveBalance.ts(20,5): error TS2564: Property 'allocatedDays' has no initializer and is not definitely assigned in the constructor.
modules/hr/src/infrastructure/entities/LeaveBalance.ts(23,5): error TS2564: Property 'usedDays' has no initializer and is not definitely assigned in the constructor.
modules/hr/src/infrastructure/entities/LeaveBalance.ts(26,5): error TS2564: Property 'carriedOverDays' has no initializer and is not definitely assigned in the constructor.
modules/hr/src/infrastructure/entities/LeaveBalance.ts(29,5): error TS2564: Property 'pendingDays' has no initializer and is not definitely assigned in the constructor.
modules/hr/src/infrastructure/entities/LeaveBalance.ts(37,5): error TS2564: Property 'lastUpdated' has no initializer and is not definitely assigned in the constructor.
modules/hr/src/infrastructure/entities/LeaveBalance.ts(40,5): error TS2564: Property 'createdAt' has no initializer and is not definitely assigned in the constructor.
modules/hr/src/infrastructure/entities/LeaveBalance.ts(43,5): error TS2564: Property 'updatedAt' has no initializer and is not definitely assigned in the constructor.
modules/hr/src/infrastructure/entities/LeaveBalance.ts(46,5): error TS2564: Property 'createdBy' has no initializer and is not definitely assigned in the constructor.
modules/hr/src/infrastructure/entities/LeaveBalance.ts(49,5): error TS2564: Property 'updatedBy' has no initializer and is not definitely assigned in the constructor.
modules/hr/src/infrastructure/entities/LeaveRequest.ts(10,5): error TS2564: Property 'id' has no initializer and is not definitely assigned in the constructor.
modules/hr/src/infrastructure/entities/LeaveRequest.ts(13,5): error TS2564: Property 'employeeId' has no initializer and is not definitely assigned in the constructor.
modules/hr/src/infrastructure/entities/LeaveRequest.ts(16,5): error TS2564: Property 'leaveTypeId' has no initializer and is not definitely assigned in the constructor.
modules/hr/src/infrastructure/entities/LeaveRequest.ts(19,5): error TS2564: Property 'startDate' has no initializer and is not definitely assigned in the constructor.
modules/hr/src/infrastructure/entities/LeaveRequest.ts(22,5): error TS2564: Property 'endDate' has no initializer and is not definitely assigned in the constructor.
modules/hr/src/infrastructure/entities/LeaveRequest.ts(25,5): error TS2564: Property 'numberOfDays' has no initializer and is not definitely assigned in the constructor.
modules/hr/src/infrastructure/entities/LeaveRequest.ts(28,5): error TS2564: Property 'reason' has no initializer and is not definitely assigned in the constructor.
modules/hr/src/infrastructure/entities/LeaveRequest.ts(31,5): error TS2564: Property 'attachmentPath' has no initializer and is not definitely assigned in the constructor.
modules/hr/src/infrastructure/entities/LeaveRequest.ts(34,5): error TS2564: Property 'status' has no initializer and is not definitely assigned in the constructor.
modules/hr/src/infrastructure/entities/LeaveRequest.ts(37,5): error TS2564: Property 'approvedBy' has no initializer and is not definitely assigned in the constructor.
modules/hr/src/infrastructure/entities/LeaveRequest.ts(40,5): error TS2564: Property 'approvedAt' has no initializer and is not definitely assigned in the constructor.
modules/hr/src/infrastructure/entities/LeaveRequest.ts(43,5): error TS2564: Property 'approvalRemarks' has no initializer and is not definitely assigned in the constructor.
modules/hr/src/infrastructure/entities/LeaveRequest.ts(46,5): error TS2564: Property 'approvalAttachmentPath' has no initializer and is not definitely assigned in the constructor.
modules/hr/src/infrastructure/entities/LeaveRequest.ts(49,5): error TS2564: Property 'rejectionReason' has no initializer and is not definitely assigned in the constructor.
modules/hr/src/infrastructure/entities/LeaveRequest.ts(52,5): error TS2564: Property 'reportingManagerId' has no initializer and is not definitely assigned in the constructor.
modules/hr/src/infrastructure/entities/LeaveRequest.ts(55,5): error TS2564: Property 'isBackfill' has no initializer and is not definitely assigned in the constructor.
modules/hr/src/infrastructure/entities/LeaveRequest.ts(58,5): error TS2564: Property 'backfillEmployeeId' has no initializer and is not definitely assigned in the constructor.
modules/hr/src/infrastructure/entities/LeaveRequest.ts(61,5): error TS2564: Property 'requestedAt' has no initializer and is not definitely assigned in the constructor.
modules/hr/src/infrastructure/entities/LeaveRequest.ts(64,5): error TS2564: Property 'updatedAt' has no initializer and is not definitely assigned in the constructor.
modules/hr/src/infrastructure/entities/LeaveRequest.ts(67,5): error TS2564: Property 'createdBy' has no initializer and is not definitely assigned in the constructor.
modules/hr/src/infrastructure/entities/LeaveRequest.ts(70,5): error TS2564: Property 'updatedBy' has no initializer and is not definitely assigned in the constructor.
modules/hr/src/infrastructure/entities/LeaveType.ts(7,5): error TS2564: Property 'id' has no initializer and is not definitely assigned in the constructor.
modules/hr/src/infrastructure/entities/LeaveType.ts(10,5): error TS2564: Property 'code' has no initializer and is not definitely assigned in the constructor.
modules/hr/src/infrastructure/entities/LeaveType.ts(13,5): error TS2564: Property 'name' has no initializer and is not definitely assigned in the constructor.
modules/hr/src/infrastructure/entities/LeaveType.ts(16,5): error TS2564: Property 'description' has no initializer and is not definitely assigned in the constructor.
modules/hr/src/infrastructure/entities/LeaveType.ts(19,5): error TS2564: Property 'defaultDaysPerYear' has no initializer and is not definitely assigned in the constructor.
modules/hr/src/infrastructure/entities/LeaveType.ts(22,5): error TS2564: Property 'requiresApproval' has no initializer and is not definitely assigned in the constructor.
modules/hr/src/infrastructure/entities/LeaveType.ts(25,5): error TS2564: Property 'paidLeave' has no initializer and is not definitely assigned in the constructor.
modules/hr/src/infrastructure/entities/LeaveType.ts(28,5): error TS2564: Property 'maxConsecutiveDays' has no initializer and is not definitely assigned in the constructor.
modules/hr/src/infrastructure/entities/LeaveType.ts(31,5): error TS2564: Property 'carryOverAllowed' has no initializer and is not definitely assigned in the constructor.
modules/hr/src/infrastructure/entities/LeaveType.ts(34,5): error TS2564: Property 'maxCarryOverDays' has no initializer and is not definitely assigned in the constructor.
modules/hr/src/infrastructure/entities/LeaveType.ts(37,5): error TS2564: Property 'minimumNoticeDays' has no initializer and is not definitely assigned in the constructor.
modules/hr/src/infrastructure/entities/LeaveType.ts(40,5): error TS2564: Property 'status' has no initializer and is not definitely assigned in the constructor.
modules/hr/src/infrastructure/entities/LeaveType.ts(43,5): error TS2564: Property 'displayOrder' has no initializer and is not definitely assigned in the constructor.
modules/hr/src/infrastructure/entities/LeaveType.ts(46,5): error TS2564: Property 'createdAt' has no initializer and is not definitely assigned in the constructor.
modules/hr/src/infrastructure/entities/LeaveType.ts(49,5): error TS2564: Property 'updatedAt' has no initializer and is not definitely assigned in the constructor.
modules/hr/src/infrastructure/entities/LeaveType.ts(52,5): error TS2564: Property 'createdBy' has no initializer and is not definitely assigned in the constructor.
modules/hr/src/infrastructure/entities/LeaveType.ts(55,5): error TS2564: Property 'updatedBy' has no initializer and is not definitely assigned in the constructor.
modules/hr/src/infrastructure/entities/PayrollEntry.ts(9,5): error TS2564: Property 'id' has no initializer and is not definitely assigned in the constructor.
modules/hr/src/infrastructure/entities/PayrollEntry.ts(12,5): error TS2564: Property 'payrollRunId' has no initializer and is not definitely assigned in the constructor.
modules/hr/src/infrastructure/entities/PayrollEntry.ts(15,5): error TS2564: Property 'employeeId' has no initializer and is not definitely assigned in the constructor.
modules/hr/src/infrastructure/entities/PayrollEntry.ts(18,5): error TS2564: Property 'salaryStructureId' has no initializer and is not definitely assigned in the constructor.
modules/hr/src/infrastructure/entities/PayrollEntry.ts(21,5): error TS2564: Property 'baseSalary' has no initializer and is not definitely assigned in the constructor.
modules/hr/src/infrastructure/entities/PayrollEntry.ts(24,5): error TS2564: Property 'allowances' has no initializer and is not definitely assigned in the constructor.
modules/hr/src/infrastructure/entities/PayrollEntry.ts(31,5): error TS2564: Property 'deductions' has no initializer and is not definitely assigned in the constructor.
modules/hr/src/infrastructure/entities/PayrollEntry.ts(38,5): error TS2564: Property 'grossSalary' has no initializer and is not definitely assigned in the constructor.
modules/hr/src/infrastructure/entities/PayrollEntry.ts(41,5): error TS2564: Property 'cas' has no initializer and is not definitely assigned in the constructor.
modules/hr/src/infrastructure/entities/PayrollEntry.ts(44,5): error TS2564: Property 'casss' has no initializer and is not definitely assigned in the constructor.
modules/hr/src/infrastructure/entities/PayrollEntry.ts(47,5): error TS2564: Property 'incomeTax' has no initializer and is not definitely assigned in the constructor.
modules/hr/src/infrastructure/entities/PayrollEntry.ts(50,5): error TS2564: Property 'totalTax' has no initializer and is not definitely assigned in the constructor.
modules/hr/src/infrastructure/entities/PayrollEntry.ts(53,5): error TS2564: Property 'totalDeductions' has no initializer and is not definitely assigned in the constructor.
modules/hr/src/infrastructure/entities/PayrollEntry.ts(56,5): error TS2564: Property 'netSalary' has no initializer and is not definitely assigned in the constructor.
modules/hr/src/infrastructure/entities/PayrollEntry.ts(59,5): error TS2564: Property 'workingDays' has no initializer and is not definitely assigned in the constructor.
modules/hr/src/infrastructure/entities/PayrollEntry.ts(62,5): error TS2564: Property 'absentDays' has no initializer and is not definitely assigned in the constructor.
modules/hr/src/infrastructure/entities/PayrollEntry.ts(65,5): error TS2564: Property 'overtimeHours' has no initializer and is not definitely assigned in the constructor.
modules/hr/src/infrastructure/entities/PayrollEntry.ts(68,5): error TS2564: Property 'overtimeAmount' has no initializer and is not definitely assigned in the constructor.
modules/hr/src/infrastructure/entities/PayrollEntry.ts(71,5): error TS2564: Property 'status' has no initializer and is not definitely assigned in the constructor.
modules/hr/src/infrastructure/entities/PayrollEntry.ts(74,5): error TS2564: Property 'approvedBy' has no initializer and is not definitely assigned in the constructor.
modules/hr/src/infrastructure/entities/PayrollEntry.ts(77,5): error TS2564: Property 'approvedAt' has no initializer and is not definitely assigned in the constructor.
modules/hr/src/infrastructure/entities/PayrollEntry.ts(80,5): error TS2564: Property 'remarks' has no initializer and is not definitely assigned in the constructor.
modules/hr/src/infrastructure/entities/PayrollEntry.ts(83,5): error TS2564: Property 'createdAt' has no initializer and is not definitely assigned in the constructor.
modules/hr/src/infrastructure/entities/PayrollEntry.ts(86,5): error TS2564: Property 'updatedAt' has no initializer and is not definitely assigned in the constructor.
modules/hr/src/infrastructure/entities/PayrollEntry.ts(89,5): error TS2564: Property 'createdBy' has no initializer and is not definitely assigned in the constructor.
modules/hr/src/infrastructure/entities/PayrollEntry.ts(92,5): error TS2564: Property 'updatedBy' has no initializer and is not definitely assigned in the constructor.
modules/hr/src/infrastructure/entities/PayrollRun.ts(9,5): error TS2564: Property 'id' has no initializer and is not definitely assigned in the constructor.
modules/hr/src/infrastructure/entities/PayrollRun.ts(12,5): error TS2564: Property 'code' has no initializer and is not definitely assigned in the constructor.
modules/hr/src/infrastructure/entities/PayrollRun.ts(15,5): error TS2564: Property 'name' has no initializer and is not definitely assigned in the constructor.
modules/hr/src/infrastructure/entities/PayrollRun.ts(18,5): error TS2564: Property 'month' has no initializer and is not definitely assigned in the constructor.
modules/hr/src/infrastructure/entities/PayrollRun.ts(21,5): error TS2564: Property 'year' has no initializer and is not definitely assigned in the constructor.
modules/hr/src/infrastructure/entities/PayrollRun.ts(24,5): error TS2564: Property 'startDate' has no initializer and is not definitely assigned in the constructor.
modules/hr/src/infrastructure/entities/PayrollRun.ts(27,5): error TS2564: Property 'endDate' has no initializer and is not definitely assigned in the constructor.
modules/hr/src/infrastructure/entities/PayrollRun.ts(30,5): error TS2564: Property 'paymentDate' has no initializer and is not definitely assigned in the constructor.
modules/hr/src/infrastructure/entities/PayrollRun.ts(33,5): error TS2564: Property 'frequency' has no initializer and is not definitely assigned in the constructor.
modules/hr/src/infrastructure/entities/PayrollRun.ts(36,5): error TS2564: Property 'totalEmployees' has no initializer and is not definitely assigned in the constructor.
modules/hr/src/infrastructure/entities/PayrollRun.ts(39,5): error TS2564: Property 'totalGrossSalary' has no initializer and is not definitely assigned in the constructor.
modules/hr/src/infrastructure/entities/PayrollRun.ts(42,5): error TS2564: Property 'totalNetSalary' has no initializer and is not definitely assigned in the constructor.
modules/hr/src/infrastructure/entities/PayrollRun.ts(45,5): error TS2564: Property 'totalTax' has no initializer and is not definitely assigned in the constructor.
modules/hr/src/infrastructure/entities/PayrollRun.ts(48,5): error TS2564: Property 'totalCAS' has no initializer and is not definitely assigned in the constructor.
modules/hr/src/infrastructure/entities/PayrollRun.ts(51,5): error TS2564: Property 'totalCASSS' has no initializer and is not definitely assigned in the constructor.
modules/hr/src/infrastructure/entities/PayrollRun.ts(54,5): error TS2564: Property 'totalDeductions' has no initializer and is not definitely assigned in the constructor.
modules/hr/src/infrastructure/entities/PayrollRun.ts(57,5): error TS2564: Property 'status' has no initializer and is not definitely assigned in the constructor.
modules/hr/src/infrastructure/entities/PayrollRun.ts(60,5): error TS2564: Property 'approvedBy' has no initializer and is not definitely assigned in the constructor.
modules/hr/src/infrastructure/entities/PayrollRun.ts(63,5): error TS2564: Property 'approvedAt' has no initializer and is not definitely assigned in the constructor.
modules/hr/src/infrastructure/entities/PayrollRun.ts(66,5): error TS2564: Property 'processedBy' has no initializer and is not definitely assigned in the constructor.
modules/hr/src/infrastructure/entities/PayrollRun.ts(69,5): error TS2564: Property 'processedAt' has no initializer and is not definitely assigned in the constructor.
modules/hr/src/infrastructure/entities/PayrollRun.ts(72,5): error TS2564: Property 'remarks' has no initializer and is not definitely assigned in the constructor.
modules/hr/src/infrastructure/entities/PayrollRun.ts(75,5): error TS2564: Property 'createdAt' has no initializer and is not definitely assigned in the constructor.
modules/hr/src/infrastructure/entities/PayrollRun.ts(78,5): error TS2564: Property 'updatedAt' has no initializer and is not definitely assigned in the constructor.
modules/hr/src/infrastructure/entities/PayrollRun.ts(81,5): error TS2564: Property 'createdBy' has no initializer and is not definitely assigned in the constructor.
modules/hr/src/infrastructure/entities/PayrollRun.ts(84,5): error TS2564: Property 'updatedBy' has no initializer and is not definitely assigned in the constructor.
modules/hr/src/infrastructure/entities/Payslip.ts(9,5): error TS2564: Property 'id' has no initializer and is not definitely assigned in the constructor.
modules/hr/src/infrastructure/entities/Payslip.ts(12,5): error TS2564: Property 'payrollRunId' has no initializer and is not definitely assigned in the constructor.
modules/hr/src/infrastructure/entities/Payslip.ts(15,5): error TS2564: Property 'payrollEntryId' has no initializer and is not definitely assigned in the constructor.
modules/hr/src/infrastructure/entities/Payslip.ts(18,5): error TS2564: Property 'employeeId' has no initializer and is not definitely assigned in the constructor.
modules/hr/src/infrastructure/entities/Payslip.ts(21,5): error TS2564: Property 'employeeCode' has no initializer and is not definitely assigned in the constructor.
modules/hr/src/infrastructure/entities/Payslip.ts(24,5): error TS2564: Property 'employeeName' has no initializer and is not definitely assigned in the constructor.
modules/hr/src/infrastructure/entities/Payslip.ts(27,5): error TS2564: Property 'month' has no initializer and is not definitely assigned in the constructor.
modules/hr/src/infrastructure/entities/Payslip.ts(30,5): error TS2564: Property 'year' has no initializer and is not definitely assigned in the constructor.
modules/hr/src/infrastructure/entities/Payslip.ts(33,5): error TS2564: Property 'payslipNumber' has no initializer and is not definitely assigned in the constructor.
modules/hr/src/infrastructure/entities/Payslip.ts(36,5): error TS2564: Property 'generatedDate' has no initializer and is not definitely assigned in the constructor.
modules/hr/src/infrastructure/entities/Payslip.ts(39,5): error TS2564: Property 'pdfPath' has no initializer and is not definitely assigned in the constructor.
modules/hr/src/infrastructure/entities/Payslip.ts(42,5): error TS2564: Property 'baseSalary' has no initializer and is not definitely assigned in the constructor.
modules/hr/src/infrastructure/entities/Payslip.ts(45,5): error TS2564: Property 'earnings' has no initializer and is not definitely assigned in the constructor.
modules/hr/src/infrastructure/entities/Payslip.ts(51,5): error TS2564: Property 'deductions' has no initializer and is not definitely assigned in the constructor.
modules/hr/src/infrastructure/entities/Payslip.ts(57,5): error TS2564: Property 'grossSalary' has no initializer and is not definitely assigned in the constructor.
modules/hr/src/infrastructure/entities/Payslip.ts(60,5): error TS2564: Property 'totalDeductions' has no initializer and is not definitely assigned in the constructor.
modules/hr/src/infrastructure/entities/Payslip.ts(63,5): error TS2564: Property 'netSalary' has no initializer and is not definitely assigned in the constructor.
modules/hr/src/infrastructure/entities/Payslip.ts(66,5): error TS2564: Property 'status' has no initializer and is not definitely assigned in the constructor.
modules/hr/src/infrastructure/entities/Payslip.ts(69,5): error TS2564: Property 'sentTo' has no initializer and is not definitely assigned in the constructor.
modules/hr/src/infrastructure/entities/Payslip.ts(72,5): error TS2564: Property 'viewedAt' has no initializer and is not definitely assigned in the constructor.
modules/hr/src/infrastructure/entities/Payslip.ts(75,5): error TS2564: Property 'createdAt' has no initializer and is not definitely assigned in the constructor.
modules/hr/src/infrastructure/entities/Payslip.ts(78,5): error TS2564: Property 'updatedAt' has no initializer and is not definitely assigned in the constructor.
modules/hr/src/infrastructure/entities/Payslip.ts(81,5): error TS2564: Property 'createdBy' has no initializer and is not definitely assigned in the constructor.
modules/hr/src/infrastructure/entities/Payslip.ts(84,5): error TS2564: Property 'updatedBy' has no initializer and is not definitely assigned in the constructor.
modules/hr/src/infrastructure/entities/PerformanceKPI.ts(9,5): error TS2564: Property 'id' has no initializer and is not definitely assigned in the constructor.
modules/hr/src/infrastructure/entities/PerformanceKPI.ts(12,5): error TS2564: Property 'employeeId' has no initializer and is not definitely assigned in the constructor.
modules/hr/src/infrastructure/entities/PerformanceKPI.ts(15,5): error TS2564: Property 'positionId' has no initializer and is not definitely assigned in the constructor.
modules/hr/src/infrastructure/entities/PerformanceKPI.ts(18,5): error TS2564: Property 'kpiName' has no initializer and is not definitely assigned in the constructor.
modules/hr/src/infrastructure/entities/PerformanceKPI.ts(21,5): error TS2564: Property 'description' has no initializer and is not definitely assigned in the constructor.
modules/hr/src/infrastructure/entities/PerformanceKPI.ts(24,5): error TS2564: Property 'kpiType' has no initializer and is not definitely assigned in the constructor.
modules/hr/src/infrastructure/entities/PerformanceKPI.ts(27,5): error TS2564: Property 'year' has no initializer and is not definitely assigned in the constructor.
modules/hr/src/infrastructure/entities/PerformanceKPI.ts(30,5): error TS2564: Property 'weightage' has no initializer and is not definitely assigned in the constructor.
modules/hr/src/infrastructure/entities/PerformanceKPI.ts(33,5): error TS2564: Property 'targetValue' has no initializer and is not definitely assigned in the constructor.
modules/hr/src/infrastructure/entities/PerformanceKPI.ts(36,5): error TS2564: Property 'unit' has no initializer and is not definitely assigned in the constructor.
modules/hr/src/infrastructure/entities/PerformanceKPI.ts(39,5): error TS2564: Property 'startDate' has no initializer and is not definitely assigned in the constructor.
modules/hr/src/infrastructure/entities/PerformanceKPI.ts(42,5): error TS2564: Property 'endDate' has no initializer and is not definitely assigned in the constructor.
modules/hr/src/infrastructure/entities/PerformanceKPI.ts(45,5): error TS2564: Property 'achievedValue' has no initializer and is not definitely assigned in the constructor.
modules/hr/src/infrastructure/entities/PerformanceKPI.ts(48,5): error TS2564: Property 'achievementPercentage' has no initializer and is not definitely assigned in the constructor.
modules/hr/src/infrastructure/entities/PerformanceKPI.ts(51,5): error TS2564: Property 'status' has no initializer and is not definitely assigned in the constructor.
modules/hr/src/infrastructure/entities/PerformanceKPI.ts(54,5): error TS2564: Property 'remarks' has no initializer and is not definitely assigned in the constructor.
modules/hr/src/infrastructure/entities/PerformanceKPI.ts(57,5): error TS2564: Property 'createdAt' has no initializer and is not definitely assigned in the constructor.
modules/hr/src/infrastructure/entities/PerformanceKPI.ts(60,5): error TS2564: Property 'updatedAt' has no initializer and is not definitely assigned in the constructor.
modules/hr/src/infrastructure/entities/PerformanceKPI.ts(63,5): error TS2564: Property 'createdBy' has no initializer and is not definitely assigned in the constructor.
modules/hr/src/infrastructure/entities/PerformanceKPI.ts(66,5): error TS2564: Property 'updatedBy' has no initializer and is not definitely assigned in the constructor.
modules/hr/src/infrastructure/entities/PerformanceRating.ts(8,5): error TS2564: Property 'id' has no initializer and is not definitely assigned in the constructor.
modules/hr/src/infrastructure/entities/PerformanceRating.ts(11,5): error TS2564: Property 'reviewId' has no initializer and is not definitely assigned in the constructor.
modules/hr/src/infrastructure/entities/PerformanceRating.ts(14,5): error TS2564: Property 'kpiId' has no initializer and is not definitely assigned in the constructor.
modules/hr/src/infrastructure/entities/PerformanceRating.ts(17,5): error TS2564: Property 'kpiName' has no initializer and is not definitely assigned in the constructor.
modules/hr/src/infrastructure/entities/PerformanceRating.ts(20,5): error TS2564: Property 'weightage' has no initializer and is not definitely assigned in the constructor.
modules/hr/src/infrastructure/entities/PerformanceRating.ts(23,5): error TS2564: Property 'rating' has no initializer and is not definitely assigned in the constructor.
modules/hr/src/infrastructure/entities/PerformanceRating.ts(26,5): error TS2564: Property 'feedback' has no initializer and is not definitely assigned in the constructor.
modules/hr/src/infrastructure/entities/PerformanceRating.ts(29,5): error TS2564: Property 'status' has no initializer and is not definitely assigned in the constructor.
modules/hr/src/infrastructure/entities/PerformanceRating.ts(32,5): error TS2564: Property 'createdAt' has no initializer and is not definitely assigned in the constructor.
modules/hr/src/infrastructure/entities/PerformanceRating.ts(35,5): error TS2564: Property 'updatedAt' has no initializer and is not definitely assigned in the constructor.
modules/hr/src/infrastructure/entities/PerformanceRating.ts(38,5): error TS2564: Property 'createdBy' has no initializer and is not definitely assigned in the constructor.
modules/hr/src/infrastructure/entities/PerformanceRating.ts(41,5): error TS2564: Property 'updatedBy' has no initializer and is not definitely assigned in the constructor.
modules/hr/src/infrastructure/entities/PerformanceReview.ts(9,5): error TS2564: Property 'id' has no initializer and is not definitely assigned in the constructor.
modules/hr/src/infrastructure/entities/PerformanceReview.ts(12,5): error TS2564: Property 'employeeId' has no initializer and is not definitely assigned in the constructor.
modules/hr/src/infrastructure/entities/PerformanceReview.ts(15,5): error TS2564: Property 'reviewerId' has no initializer and is not definitely assigned in the constructor.
modules/hr/src/infrastructure/entities/PerformanceReview.ts(18,5): error TS2564: Property 'reviewType' has no initializer and is not definitely assigned in the constructor.
modules/hr/src/infrastructure/entities/PerformanceReview.ts(21,5): error TS2564: Property 'reviewYear' has no initializer and is not definitely assigned in the constructor.
modules/hr/src/infrastructure/entities/PerformanceReview.ts(24,5): error TS2564: Property 'reviewQuarter' has no initializer and is not definitely assigned in the constructor.
modules/hr/src/infrastructure/entities/PerformanceReview.ts(27,5): error TS2564: Property 'startDate' has no initializer and is not definitely assigned in the constructor.
modules/hr/src/infrastructure/entities/PerformanceReview.ts(30,5): error TS2564: Property 'endDate' has no initializer and is not definitely assigned in the constructor.
modules/hr/src/infrastructure/entities/PerformanceReview.ts(33,5): error TS2564: Property 'reviewDate' has no initializer and is not definitely assigned in the constructor.
modules/hr/src/infrastructure/entities/PerformanceReview.ts(36,5): error TS2564: Property 'overallComments' has no initializer and is not definitely assigned in the constructor.
modules/hr/src/infrastructure/entities/PerformanceReview.ts(39,5): error TS2564: Property 'strengthsIdentified' has no initializer and is not definitely assigned in the constructor.
modules/hr/src/infrastructure/entities/PerformanceReview.ts(42,5): error TS2564: Property 'areasForImprovement' has no initializer and is not definitely assigned in the constructor.
modules/hr/src/infrastructure/entities/PerformanceReview.ts(45,5): error TS2564: Property 'developmentPlan' has no initializer and is not definitely assigned in the constructor.
modules/hr/src/infrastructure/entities/PerformanceReview.ts(48,5): error TS2564: Property 'overallRating' has no initializer and is not definitely assigned in the constructor.
modules/hr/src/infrastructure/entities/PerformanceReview.ts(51,5): error TS2564: Property 'status' has no initializer and is not definitely assigned in the constructor.
modules/hr/src/infrastructure/entities/PerformanceReview.ts(54,5): error TS2564: Property 'approvedBy' has no initializer and is not definitely assigned in the constructor.
modules/hr/src/infrastructure/entities/PerformanceReview.ts(57,5): error TS2564: Property 'approvedAt' has no initializer and is not definitely assigned in the constructor.
modules/hr/src/infrastructure/entities/PerformanceReview.ts(60,5): error TS2564: Property 'employeeAcknowledged' has no initializer and is not definitely assigned in the constructor.
modules/hr/src/infrastructure/entities/PerformanceReview.ts(63,5): error TS2564: Property 'acknowledgedAt' has no initializer and is not definitely assigned in the constructor.
modules/hr/src/infrastructure/entities/PerformanceReview.ts(66,5): error TS2564: Property 'createdAt' has no initializer and is not definitely assigned in the constructor.
modules/hr/src/infrastructure/entities/PerformanceReview.ts(69,5): error TS2564: Property 'updatedAt' has no initializer and is not definitely assigned in the constructor.
modules/hr/src/infrastructure/entities/PerformanceReview.ts(72,5): error TS2564: Property 'createdBy' has no initializer and is not definitely assigned in the constructor.
modules/hr/src/infrastructure/entities/PerformanceReview.ts(75,5): error TS2564: Property 'updatedBy' has no initializer and is not definitely assigned in the constructor.
modules/hr/src/infrastructure/entities/SalaryComponent.ts(8,5): error TS2564: Property 'id' has no initializer and is not definitely assigned in the constructor.
modules/hr/src/infrastructure/entities/SalaryComponent.ts(11,5): error TS2564: Property 'code' has no initializer and is not definitely assigned in the constructor.
modules/hr/src/infrastructure/entities/SalaryComponent.ts(14,5): error TS2564: Property 'name' has no initializer and is not definitely assigned in the constructor.
modules/hr/src/infrastructure/entities/SalaryComponent.ts(17,5): error TS2564: Property 'description' has no initializer and is not definitely assigned in the constructor.
modules/hr/src/infrastructure/entities/SalaryComponent.ts(20,5): error TS2564: Property 'type' has no initializer and is not definitely assigned in the constructor.
modules/hr/src/infrastructure/entities/SalaryComponent.ts(23,5): error TS2564: Property 'category' has no initializer and is not definitely assigned in the constructor.
modules/hr/src/infrastructure/entities/SalaryComponent.ts(26,5): error TS2564: Property 'calculationType' has no initializer and is not definitely assigned in the constructor.
modules/hr/src/infrastructure/entities/SalaryComponent.ts(29,5): error TS2564: Property 'formula' has no initializer and is not definitely assigned in the constructor.
modules/hr/src/infrastructure/entities/SalaryComponent.ts(32,5): error TS2564: Property 'affectsTaxableIncome' has no initializer and is not definitely assigned in the constructor.
modules/hr/src/infrastructure/entities/SalaryComponent.ts(35,5): error TS2564: Property 'affectsSocialSecurity' has no initializer and is not definitely assigned in the constructor.
modules/hr/src/infrastructure/entities/SalaryComponent.ts(38,5): error TS2564: Property 'isOptional' has no initializer and is not definitely assigned in the constructor.
modules/hr/src/infrastructure/entities/SalaryComponent.ts(41,5): error TS2564: Property 'status' has no initializer and is not definitely assigned in the constructor.
modules/hr/src/infrastructure/entities/SalaryComponent.ts(44,5): error TS2564: Property 'displayOrder' has no initializer and is not definitely assigned in the constructor.
modules/hr/src/infrastructure/entities/SalaryComponent.ts(47,5): error TS2564: Property 'createdAt' has no initializer and is not definitely assigned in the constructor.
modules/hr/src/infrastructure/entities/SalaryComponent.ts(50,5): error TS2564: Property 'updatedAt' has no initializer and is not definitely assigned in the constructor.
modules/hr/src/infrastructure/entities/SalaryComponent.ts(53,5): error TS2564: Property 'createdBy' has no initializer and is not definitely assigned in the constructor.
modules/hr/src/infrastructure/entities/SalaryComponent.ts(56,5): error TS2564: Property 'updatedBy' has no initializer and is not definitely assigned in the constructor.
modules/hr/src/infrastructure/entities/SalaryStructure.ts(8,5): error TS2564: Property 'id' has no initializer and is not definitely assigned in the constructor.
modules/hr/src/infrastructure/entities/SalaryStructure.ts(11,5): error TS2564: Property 'positionId' has no initializer and is not definitely assigned in the constructor.
modules/hr/src/infrastructure/entities/SalaryStructure.ts(14,5): error TS2564: Property 'name' has no initializer and is not definitely assigned in the constructor.
modules/hr/src/infrastructure/entities/SalaryStructure.ts(17,5): error TS2564: Property 'description' has no initializer and is not definitely assigned in the constructor.
modules/hr/src/infrastructure/entities/SalaryStructure.ts(20,5): error TS2564: Property 'effectiveFrom' has no initializer and is not definitely assigned in the constructor.
modules/hr/src/infrastructure/entities/SalaryStructure.ts(23,5): error TS2564: Property 'effectiveTo' has no initializer and is not definitely assigned in the constructor.
modules/hr/src/infrastructure/entities/SalaryStructure.ts(26,5): error TS2564: Property 'baseSalary' has no initializer and is not definitely assigned in the constructor.
modules/hr/src/infrastructure/entities/SalaryStructure.ts(29,5): error TS2564: Property 'allowances' has no initializer and is not definitely assigned in the constructor.
modules/hr/src/infrastructure/entities/SalaryStructure.ts(37,5): error TS2564: Property 'deductions' has no initializer and is not definitely assigned in the constructor.
modules/hr/src/infrastructure/entities/SalaryStructure.ts(45,5): error TS2564: Property 'status' has no initializer and is not definitely assigned in the constructor.
modules/hr/src/infrastructure/entities/SalaryStructure.ts(48,5): error TS2564: Property 'createdAt' has no initializer and is not definitely assigned in the constructor.
modules/hr/src/infrastructure/entities/SalaryStructure.ts(51,5): error TS2564: Property 'updatedAt' has no initializer and is not definitely assigned in the constructor.
modules/hr/src/infrastructure/entities/SalaryStructure.ts(54,5): error TS2564: Property 'createdBy' has no initializer and is not definitely assigned in the constructor.
modules/hr/src/infrastructure/entities/SalaryStructure.ts(57,5): error TS2564: Property 'updatedBy' has no initializer and is not definitely assigned in the constructor.
modules/hr/src/infrastructure/entities/Shift.ts(8,5): error TS2564: Property 'id' has no initializer and is not definitely assigned in the constructor.
modules/hr/src/infrastructure/entities/Shift.ts(11,5): error TS2564: Property 'code' has no initializer and is not definitely assigned in the constructor.
modules/hr/src/infrastructure/entities/Shift.ts(14,5): error TS2564: Property 'name' has no initializer and is not definitely assigned in the constructor.
modules/hr/src/infrastructure/entities/Shift.ts(17,5): error TS2564: Property 'description' has no initializer and is not definitely assigned in the constructor.
modules/hr/src/infrastructure/entities/Shift.ts(20,5): error TS2564: Property 'departmentId' has no initializer and is not definitely assigned in the constructor.
modules/hr/src/infrastructure/entities/Shift.ts(23,5): error TS2564: Property 'startTime' has no initializer and is not definitely assigned in the constructor.
modules/hr/src/infrastructure/entities/Shift.ts(26,5): error TS2564: Property 'endTime' has no initializer and is not definitely assigned in the constructor.
modules/hr/src/infrastructure/entities/Shift.ts(29,5): error TS2564: Property 'hoursPerDay' has no initializer and is not definitely assigned in the constructor.
modules/hr/src/infrastructure/entities/Shift.ts(32,5): error TS2564: Property 'daysPerWeek' has no initializer and is not definitely assigned in the constructor.
modules/hr/src/infrastructure/entities/Shift.ts(35,5): error TS2564: Property 'workDays' has no initializer and is not definitely assigned in the constructor.
modules/hr/src/infrastructure/entities/Shift.ts(38,5): error TS2564: Property 'allowOvertime' has no initializer and is not definitely assigned in the constructor.
modules/hr/src/infrastructure/entities/Shift.ts(41,5): error TS2564: Property 'overtimeMultiplier' has no initializer and is not definitely assigned in the constructor.
modules/hr/src/infrastructure/entities/Shift.ts(44,5): error TS2564: Property 'status' has no initializer and is not definitely assigned in the constructor.
modules/hr/src/infrastructure/entities/Shift.ts(47,5): error TS2564: Property 'createdAt' has no initializer and is not definitely assigned in the constructor.
modules/hr/src/infrastructure/entities/Shift.ts(50,5): error TS2564: Property 'updatedAt' has no initializer and is not definitely assigned in the constructor.
modules/hr/src/infrastructure/entities/Shift.ts(53,5): error TS2564: Property 'createdBy' has no initializer and is not definitely assigned in the constructor.
modules/hr/src/infrastructure/entities/Shift.ts(56,5): error TS2564: Property 'updatedBy' has no initializer and is not definitely assigned in the constructor.
modules/hr/src/infrastructure/entities/TaxConfiguration.ts(8,5): error TS2564: Property 'id' has no initializer and is not definitely assigned in the constructor.
modules/hr/src/infrastructure/entities/TaxConfiguration.ts(11,5): error TS2564: Property 'country' has no initializer and is not definitely assigned in the constructor.
modules/hr/src/infrastructure/entities/TaxConfiguration.ts(14,5): error TS2564: Property 'year' has no initializer and is not definitely assigned in the constructor.
modules/hr/src/infrastructure/entities/TaxConfiguration.ts(17,5): error TS2564: Property 'casRate' has no initializer and is not definitely assigned in the constructor.
modules/hr/src/infrastructure/entities/TaxConfiguration.ts(20,5): error TS2564: Property 'cassRate' has no initializer and is not definitely assigned in the constructor.
modules/hr/src/infrastructure/entities/TaxConfiguration.ts(23,5): error TS2564: Property 'incomeIncomeTaxRate' has no initializer and is not definitely assigned in the constructor.
modules/hr/src/infrastructure/entities/TaxConfiguration.ts(26,5): error TS2564: Property 'personalDeduction' has no initializer and is not definitely assigned in the constructor.
modules/hr/src/infrastructure/entities/TaxConfiguration.ts(29,5): error TS2564: Property 'taxExemptionThreshold' has no initializer and is not definitely assigned in the constructor.
modules/hr/src/infrastructure/entities/TaxConfiguration.ts(32,5): error TS2564: Property 'taxBrackets' has no initializer and is not definitely assigned in the constructor.
modules/hr/src/infrastructure/entities/TaxConfiguration.ts(39,5): error TS2564: Property 'allowances' has no initializer and is not definitely assigned in the constructor.
modules/hr/src/infrastructure/entities/TaxConfiguration.ts(46,5): error TS2564: Property 'mealVoucherValue' has no initializer and is not definitely assigned in the constructor.
modules/hr/src/infrastructure/entities/TaxConfiguration.ts(49,5): error TS2564: Property 'isMealVoucherTaxExempt' has no initializer and is not definitely assigned in the constructor.
modules/hr/src/infrastructure/entities/TaxConfiguration.ts(52,5): error TS2564: Property 'status' has no initializer and is not definitely assigned in the constructor.
modules/hr/src/infrastructure/entities/TaxConfiguration.ts(55,5): error TS2564: Property 'createdAt' has no initializer and is not definitely assigned in the constructor.
modules/hr/src/infrastructure/entities/TaxConfiguration.ts(58,5): error TS2564: Property 'updatedAt' has no initializer and is not definitely assigned in the constructor.
modules/hr/src/infrastructure/entities/TaxConfiguration.ts(61,5): error TS2564: Property 'createdBy' has no initializer and is not definitely assigned in the constructor.
modules/hr/src/infrastructure/entities/TaxConfiguration.ts(64,5): error TS2564: Property 'updatedBy' has no initializer and is not definitely assigned in the constructor.
modules/hr/src/infrastructure/repositories/DepartmentRepository.ts(81,13): error TS2322: Type '{ parentDepartmentId: null; status: "active"; }' is not assignable to type 'FindOptionsWhere<DepartmentEntity> | FindOptionsWhere<DepartmentEntity>[] | undefined'.
  Types of property 'parentDepartmentId' are incompatible.
    Type 'null' is not assignable to type 'string | FindOperator<string> | undefined'.
modules/purchasing/src/api/controllers/GRNController.ts(11,36): error TS2554: Expected 1-2 arguments, but got 4.
modules/purchasing/src/api/controllers/GRNController.ts(13,21): error TS2345: Argument of type 'Response<any, Record<string, any>>' is not assignable to parameter of type 'string'.
modules/purchasing/src/api/controllers/GRNController.ts(21,36): error TS2554: Expected 1-2 arguments, but got 3.
modules/purchasing/src/api/controllers/GRNController.ts(23,21): error TS2345: Argument of type 'Response<any, Record<string, any>>' is not assignable to parameter of type 'string'.
modules/purchasing/src/api/controllers/GRNController.ts(30,36): error TS2554: Expected 1-2 arguments, but got 3.
modules/purchasing/src/api/controllers/GRNController.ts(32,21): error TS2345: Argument of type 'Response<any, Record<string, any>>' is not assignable to parameter of type 'string'.
modules/purchasing/src/api/controllers/GRNController.ts(40,36): error TS2554: Expected 1-2 arguments, but got 3.
modules/purchasing/src/api/controllers/GRNController.ts(42,21): error TS2345: Argument of type 'Response<any, Record<string, any>>' is not assignable to parameter of type 'string'.
modules/purchasing/src/api/controllers/GRNController.ts(51,36): error TS2554: Expected 1-2 arguments, but got 3.
modules/purchasing/src/api/controllers/GRNController.ts(53,21): error TS2345: Argument of type 'Response<any, Record<string, any>>' is not assignable to parameter of type 'string'.
modules/purchasing/src/api/controllers/GRNController.ts(60,36): error TS2554: Expected 1-2 arguments, but got 3.
modules/purchasing/src/api/controllers/GRNController.ts(62,21): error TS2345: Argument of type 'Response<any, Record<string, any>>' is not assignable to parameter of type 'string'.
modules/purchasing/src/api/controllers/GRNController.ts(71,36): error TS2554: Expected 1-2 arguments, but got 3.
modules/purchasing/src/api/controllers/GRNController.ts(73,21): error TS2345: Argument of type 'Response<any, Record<string, any>>' is not assignable to parameter of type 'string'.
modules/purchasing/src/api/controllers/GRNController.ts(81,36): error TS2554: Expected 1-2 arguments, but got 3.
modules/purchasing/src/api/controllers/GRNController.ts(83,21): error TS2345: Argument of type 'Response<any, Record<string, any>>' is not assignable to parameter of type 'string'.
modules/purchasing/src/api/controllers/GRNController.ts(91,36): error TS2554: Expected 1-2 arguments, but got 3.
modules/purchasing/src/api/controllers/GRNController.ts(93,21): error TS2345: Argument of type 'Response<any, Record<string, any>>' is not assignable to parameter of type 'string'.
modules/purchasing/src/api/controllers/GRNController.ts(101,36): error TS2554: Expected 1-2 arguments, but got 3.
modules/purchasing/src/api/controllers/GRNController.ts(103,21): error TS2345: Argument of type 'Response<any, Record<string, any>>' is not assignable to parameter of type 'string'.
modules/purchasing/src/api/controllers/GRNController.ts(116,7): error TS2554: Expected 4 arguments, but got 2.
modules/purchasing/src/api/controllers/GRNController.ts(118,21): error TS2345: Argument of type 'Response<any, Record<string, any>>' is not assignable to parameter of type 'string'.
modules/purchasing/src/api/controllers/GRNController.ts(131,7): error TS2554: Expected 4 arguments, but got 2.
modules/purchasing/src/api/controllers/GRNController.ts(133,21): error TS2345: Argument of type 'Response<any, Record<string, any>>' is not assignable to parameter of type 'string'.
modules/purchasing/src/api/controllers/GRNController.ts(141,7): error TS2554: Expected 4 arguments, but got 2.
modules/purchasing/src/api/controllers/GRNController.ts(143,21): error TS2345: Argument of type 'Response<any, Record<string, any>>' is not assignable to parameter of type 'string'.
modules/purchasing/src/api/controllers/InvoiceController.ts(11,36): error TS2554: Expected 1-2 arguments, but got 4.
modules/purchasing/src/api/controllers/InvoiceController.ts(13,21): error TS2345: Argument of type 'Response<any, Record<string, any>>' is not assignable to parameter of type 'string'.
modules/purchasing/src/api/controllers/InvoiceController.ts(20,36): error TS2554: Expected 1-2 arguments, but got 3.
modules/purchasing/src/api/controllers/InvoiceController.ts(22,21): error TS2345: Argument of type 'Response<any, Record<string, any>>' is not assignable to parameter of type 'string'.
modules/purchasing/src/api/controllers/InvoiceController.ts(29,36): error TS2554: Expected 1-2 arguments, but got 3.
modules/purchasing/src/api/controllers/InvoiceController.ts(31,21): error TS2345: Argument of type 'Response<any, Record<string, any>>' is not assignable to parameter of type 'string'.
modules/purchasing/src/api/controllers/InvoiceController.ts(39,36): error TS2554: Expected 1-2 arguments, but got 3.
modules/purchasing/src/api/controllers/InvoiceController.ts(41,21): error TS2345: Argument of type 'Response<any, Record<string, any>>' is not assignable to parameter of type 'string'.
modules/purchasing/src/api/controllers/InvoiceController.ts(48,36): error TS2554: Expected 1-2 arguments, but got 3.
modules/purchasing/src/api/controllers/InvoiceController.ts(50,21): error TS2345: Argument of type 'Response<any, Record<string, any>>' is not assignable to parameter of type 'string'.
modules/purchasing/src/api/controllers/InvoiceController.ts(58,34): error TS2554: Expected 1-2 arguments, but got 3.
modules/purchasing/src/api/controllers/InvoiceController.ts(60,21): error TS2345: Argument of type 'Response<any, Record<string, any>>' is not assignable to parameter of type 'string'.
modules/purchasing/src/api/controllers/InvoiceController.ts(68,36): error TS2554: Expected 1-2 arguments, but got 3.
modules/purchasing/src/api/controllers/InvoiceController.ts(70,21): error TS2345: Argument of type 'Response<any, Record<string, any>>' is not assignable to parameter of type 'string'.
modules/purchasing/src/api/controllers/InvoiceController.ts(78,36): error TS2554: Expected 1-2 arguments, but got 3.
modules/purchasing/src/api/controllers/InvoiceController.ts(80,21): error TS2345: Argument of type 'Response<any, Record<string, any>>' is not assignable to parameter of type 'string'.
modules/purchasing/src/api/controllers/InvoiceController.ts(93,7): error TS2554: Expected 4 arguments, but got 2.
modules/purchasing/src/api/controllers/InvoiceController.ts(95,21): error TS2345: Argument of type 'Response<any, Record<string, any>>' is not assignable to parameter of type 'string'.
modules/purchasing/src/api/controllers/InvoiceController.ts(108,7): error TS2554: Expected 4 arguments, but got 2.
modules/purchasing/src/api/controllers/InvoiceController.ts(110,21): error TS2345: Argument of type 'Response<any, Record<string, any>>' is not assignable to parameter of type 'string'.
modules/purchasing/src/api/controllers/InvoiceController.ts(118,7): error TS2554: Expected 4 arguments, but got 2.
modules/purchasing/src/api/controllers/InvoiceController.ts(120,21): error TS2345: Argument of type 'Response<any, Record<string, any>>' is not assignable to parameter of type 'string'.
modules/purchasing/src/api/controllers/InvoiceController.ts(132,7): error TS2554: Expected 4 arguments, but got 2.
modules/purchasing/src/api/controllers/InvoiceController.ts(134,21): error TS2345: Argument of type 'Response<any, Record<string, any>>' is not assignable to parameter of type 'string'.
modules/purchasing/src/api/controllers/InvoiceController.ts(142,7): error TS2554: Expected 4 arguments, but got 2.
modules/purchasing/src/api/controllers/InvoiceController.ts(144,21): error TS2345: Argument of type 'Response<any, Record<string, any>>' is not assignable to parameter of type 'string'.
modules/purchasing/src/api/controllers/MatchingController.ts(11,36): error TS2554: Expected 1-2 arguments, but got 4.
modules/purchasing/src/api/controllers/MatchingController.ts(13,21): error TS2345: Argument of type 'Response<any, Record<string, any>>' is not assignable to parameter of type 'string'.
modules/purchasing/src/api/controllers/MatchingController.ts(20,57): error TS2554: Expected 1-2 arguments, but got 3.
modules/purchasing/src/api/controllers/MatchingController.ts(22,21): error TS2345: Argument of type 'Response<any, Record<string, any>>' is not assignable to parameter of type 'string'.
modules/purchasing/src/api/controllers/MatchingController.ts(29,36): error TS2554: Expected 1-2 arguments, but got 3.
modules/purchasing/src/api/controllers/MatchingController.ts(31,21): error TS2345: Argument of type 'Response<any, Record<string, any>>' is not assignable to parameter of type 'string'.
modules/purchasing/src/api/controllers/MatchingController.ts(39,36): error TS2554: Expected 1-2 arguments, but got 3.
modules/purchasing/src/api/controllers/MatchingController.ts(41,21): error TS2345: Argument of type 'Response<any, Record<string, any>>' is not assignable to parameter of type 'string'.
modules/purchasing/src/api/controllers/MatchingController.ts(49,36): error TS2554: Expected 1-2 arguments, but got 3.
modules/purchasing/src/api/controllers/MatchingController.ts(51,21): error TS2345: Argument of type 'Response<any, Record<string, any>>' is not assignable to parameter of type 'string'.
modules/purchasing/src/api/controllers/MatchingController.ts(59,36): error TS2554: Expected 1-2 arguments, but got 3.
modules/purchasing/src/api/controllers/MatchingController.ts(61,21): error TS2345: Argument of type 'Response<any, Record<string, any>>' is not assignable to parameter of type 'string'.
modules/purchasing/src/api/controllers/MatchingController.ts(69,36): error TS2554: Expected 1-2 arguments, but got 3.
modules/purchasing/src/api/controllers/MatchingController.ts(71,21): error TS2345: Argument of type 'Response<any, Record<string, any>>' is not assignable to parameter of type 'string'.
modules/purchasing/src/api/controllers/MatchingController.ts(82,7): error TS2554: Expected 4 arguments, but got 2.
modules/purchasing/src/api/controllers/MatchingController.ts(84,21): error TS2345: Argument of type 'Response<any, Record<string, any>>' is not assignable to parameter of type 'string'.
modules/purchasing/src/api/controllers/MatchingController.ts(92,7): error TS2554: Expected 4 arguments, but got 2.
modules/purchasing/src/api/controllers/MatchingController.ts(94,21): error TS2345: Argument of type 'Response<any, Record<string, any>>' is not assignable to parameter of type 'string'.
modules/purchasing/src/api/controllers/MatchingController.ts(101,36): error TS2554: Expected 1-2 arguments, but got 3.
modules/purchasing/src/api/controllers/MatchingController.ts(103,21): error TS2345: Argument of type 'Response<any, Record<string, any>>' is not assignable to parameter of type 'string'.
modules/purchasing/src/api/controllers/PurchaseOrderController.ts(11,36): error TS2554: Expected 1-2 arguments, but got 4.
modules/purchasing/src/api/controllers/PurchaseOrderController.ts(13,21): error TS2345: Argument of type 'Response<any, Record<string, any>>' is not assignable to parameter of type 'string'.
modules/purchasing/src/api/controllers/PurchaseOrderController.ts(20,36): error TS2554: Expected 1-2 arguments, but got 3.
modules/purchasing/src/api/controllers/PurchaseOrderController.ts(22,21): error TS2345: Argument of type 'Response<any, Record<string, any>>' is not assignable to parameter of type 'string'.
modules/purchasing/src/api/controllers/PurchaseOrderController.ts(29,36): error TS2554: Expected 1-2 arguments, but got 3.
modules/purchasing/src/api/controllers/PurchaseOrderController.ts(31,21): error TS2345: Argument of type 'Response<any, Record<string, any>>' is not assignable to parameter of type 'string'.
modules/purchasing/src/api/controllers/PurchaseOrderController.ts(38,36): error TS2554: Expected 1-2 arguments, but got 3.
modules/purchasing/src/api/controllers/PurchaseOrderController.ts(40,21): error TS2345: Argument of type 'Response<any, Record<string, any>>' is not assignable to parameter of type 'string'.
modules/purchasing/src/api/controllers/PurchaseOrderController.ts(47,36): error TS2554: Expected 1-2 arguments, but got 3.
modules/purchasing/src/api/controllers/PurchaseOrderController.ts(49,21): error TS2345: Argument of type 'Response<any, Record<string, any>>' is not assignable to parameter of type 'string'.
modules/purchasing/src/api/controllers/PurchaseOrderController.ts(57,36): error TS2554: Expected 1-2 arguments, but got 3.
modules/purchasing/src/api/controllers/PurchaseOrderController.ts(59,21): error TS2345: Argument of type 'Response<any, Record<string, any>>' is not assignable to parameter of type 'string'.
modules/purchasing/src/api/controllers/PurchaseOrderController.ts(67,36): error TS2554: Expected 1-2 arguments, but got 3.
modules/purchasing/src/api/controllers/PurchaseOrderController.ts(69,21): error TS2345: Argument of type 'Response<any, Record<string, any>>' is not assignable to parameter of type 'string'.
modules/purchasing/src/api/controllers/PurchaseOrderController.ts(82,7): error TS2554: Expected 4 arguments, but got 2.
modules/purchasing/src/api/controllers/PurchaseOrderController.ts(84,21): error TS2345: Argument of type 'Response<any, Record<string, any>>' is not assignable to parameter of type 'string'.
modules/purchasing/src/api/controllers/PurchaseOrderController.ts(97,7): error TS2554: Expected 4 arguments, but got 2.
modules/purchasing/src/api/controllers/PurchaseOrderController.ts(99,21): error TS2345: Argument of type 'Response<any, Record<string, any>>' is not assignable to parameter of type 'string'.
modules/purchasing/src/api/controllers/PurchaseOrderController.ts(107,7): error TS2554: Expected 4 arguments, but got 2.
modules/purchasing/src/api/controllers/PurchaseOrderController.ts(109,21): error TS2345: Argument of type 'Response<any, Record<string, any>>' is not assignable to parameter of type 'string'.
modules/purchasing/src/api/controllers/PurchaseOrderController.ts(117,34): error TS2554: Expected 1-2 arguments, but got 3.
modules/purchasing/src/api/controllers/PurchaseOrderController.ts(119,21): error TS2345: Argument of type 'Response<any, Record<string, any>>' is not assignable to parameter of type 'string'.
modules/purchasing/src/api/controllers/PurchaseOrderController.ts(127,34): error TS2554: Expected 1-2 arguments, but got 3.
modules/purchasing/src/api/controllers/PurchaseOrderController.ts(129,21): error TS2345: Argument of type 'Response<any, Record<string, any>>' is not assignable to parameter of type 'string'.
modules/purchasing/src/api/controllers/RequisitionController.ts(11,36): error TS2554: Expected 1-2 arguments, but got 4.
modules/purchasing/src/api/controllers/RequisitionController.ts(13,21): error TS2345: Argument of type 'Response<any, Record<string, any>>' is not assignable to parameter of type 'string'.
modules/purchasing/src/api/controllers/RequisitionController.ts(20,36): error TS2554: Expected 1-2 arguments, but got 3.
modules/purchasing/src/api/controllers/RequisitionController.ts(22,21): error TS2345: Argument of type 'Response<any, Record<string, any>>' is not assignable to parameter of type 'string'.
modules/purchasing/src/api/controllers/RequisitionController.ts(29,36): error TS2554: Expected 1-2 arguments, but got 3.
modules/purchasing/src/api/controllers/RequisitionController.ts(31,21): error TS2345: Argument of type 'Response<any, Record<string, any>>' is not assignable to parameter of type 'string'.
modules/purchasing/src/api/controllers/RequisitionController.ts(38,36): error TS2554: Expected 1-2 arguments, but got 3.
modules/purchasing/src/api/controllers/RequisitionController.ts(40,21): error TS2345: Argument of type 'Response<any, Record<string, any>>' is not assignable to parameter of type 'string'.
modules/purchasing/src/api/controllers/RequisitionController.ts(48,36): error TS2554: Expected 1-2 arguments, but got 3.
modules/purchasing/src/api/controllers/RequisitionController.ts(50,21): error TS2345: Argument of type 'Response<any, Record<string, any>>' is not assignable to parameter of type 'string'.
modules/purchasing/src/api/controllers/RequisitionController.ts(58,36): error TS2554: Expected 1-2 arguments, but got 3.
modules/purchasing/src/api/controllers/RequisitionController.ts(60,21): error TS2345: Argument of type 'Response<any, Record<string, any>>' is not assignable to parameter of type 'string'.
modules/purchasing/src/api/controllers/RequisitionController.ts(73,7): error TS2554: Expected 4 arguments, but got 2.
modules/purchasing/src/api/controllers/RequisitionController.ts(75,21): error TS2345: Argument of type 'Response<any, Record<string, any>>' is not assignable to parameter of type 'string'.
modules/purchasing/src/api/controllers/RequisitionController.ts(88,7): error TS2554: Expected 4 arguments, but got 2.
modules/purchasing/src/api/controllers/RequisitionController.ts(90,21): error TS2345: Argument of type 'Response<any, Record<string, any>>' is not assignable to parameter of type 'string'.
modules/purchasing/src/api/controllers/RequisitionController.ts(98,7): error TS2554: Expected 4 arguments, but got 2.
modules/purchasing/src/api/controllers/RequisitionController.ts(100,21): error TS2345: Argument of type 'Response<any, Record<string, any>>' is not assignable to parameter of type 'string'.
modules/purchasing/src/api/controllers/RequisitionController.ts(108,34): error TS2554: Expected 1-2 arguments, but got 3.
modules/purchasing/src/api/controllers/RequisitionController.ts(110,21): error TS2345: Argument of type 'Response<any, Record<string, any>>' is not assignable to parameter of type 'string'.
modules/purchasing/src/api/routes/index.ts(2,33): error TS2307: Cannot find module '@shared/middleware/validation' or its corresponding type declarations.
modules/purchasing/src/application/use-cases/MatchingUseCases.ts(111,60): error TS2345: Argument of type '"matched"' is not assignable to parameter of type 'MatchStatus'.
modules/purchasing/src/application/use-cases/MatchingUseCases.ts(113,63): error TS2345: Argument of type '"resolved"' is not assignable to parameter of type 'MatchStatus'.
modules/purchasing/src/domain/entities/Budget.ts(15,3): error TS2564: Property 'id' has no initializer and is not definitely assigned in the constructor.
modules/purchasing/src/domain/entities/Budget.ts(16,3): error TS2564: Property 'budgetCode' has no initializer and is not definitely assigned in the constructor.
modules/purchasing/src/domain/entities/Budget.ts(17,3): error TS2564: Property 'departmentId' has no initializer and is not definitely assigned in the constructor.
modules/purchasing/src/domain/entities/Budget.ts(18,3): error TS2564: Property 'departmentName' has no initializer and is not definitely assigned in the constructor.
modules/purchasing/src/domain/entities/Budget.ts(19,3): error TS2564: Property 'period' has no initializer and is not definitely assigned in the constructor.
modules/purchasing/src/domain/entities/Budget.ts(20,3): error TS2564: Property 'periodStart' has no initializer and is not definitely assigned in the constructor.
modules/purchasing/src/domain/entities/Budget.ts(21,3): error TS2564: Property 'periodEnd' has no initializer and is not definitely assigned in the constructor.
modules/purchasing/src/domain/entities/Budget.ts(22,3): error TS2564: Property 'status' has no initializer and is not definitely assigned in the constructor.
modules/purchasing/src/domain/entities/Budget.ts(23,3): error TS2564: Property 'allocatedAmount' has no initializer and is not definitely assigned in the constructor.
modules/purchasing/src/domain/entities/Budget.ts(24,3): error TS2564: Property 'spentAmount' has no initializer and is not definitely assigned in the constructor.
modules/purchasing/src/domain/entities/Budget.ts(25,3): error TS2564: Property 'reservedAmount' has no initializer and is not definitely assigned in the constructor.
modules/purchasing/src/domain/entities/Budget.ts(26,3): error TS2564: Property 'currency' has no initializer and is not definitely assigned in the constructor.
modules/purchasing/src/domain/entities/Budget.ts(27,3): error TS2564: Property 'approvedBy' has no initializer and is not definitely assigned in the constructor.
modules/purchasing/src/domain/entities/Budget.ts(30,3): error TS2564: Property 'createdAt' has no initializer and is not definitely assigned in the constructor.
modules/purchasing/src/domain/entities/Budget.ts(31,3): error TS2564: Property 'updatedAt' has no initializer and is not definitely assigned in the constructor.
modules/purchasing/src/domain/entities/GoodsReceiptNote.ts(36,3): error TS2564: Property 'id' has no initializer and is not definitely assigned in the constructor.
modules/purchasing/src/domain/entities/GoodsReceiptNote.ts(37,3): error TS2564: Property 'grnNumber' has no initializer and is not definitely assigned in the constructor.
modules/purchasing/src/domain/entities/GoodsReceiptNote.ts(38,3): error TS2564: Property 'poId' has no initializer and is not definitely assigned in the constructor.
modules/purchasing/src/domain/entities/GoodsReceiptNote.ts(39,3): error TS2564: Property 'poNumber' has no initializer and is not definitely assigned in the constructor.
modules/purchasing/src/domain/entities/GoodsReceiptNote.ts(40,3): error TS2564: Property 'vendorId' has no initializer and is not definitely assigned in the constructor.
modules/purchasing/src/domain/entities/GoodsReceiptNote.ts(41,3): error TS2564: Property 'vendorName' has no initializer and is not definitely assigned in the constructor.
modules/purchasing/src/domain/entities/GoodsReceiptNote.ts(42,3): error TS2564: Property 'grn_date' has no initializer and is not definitely assigned in the constructor.
modules/purchasing/src/domain/entities/GoodsReceiptNote.ts(43,3): error TS2564: Property 'receiveDate' has no initializer and is not definitely assigned in the constructor.
modules/purchasing/src/domain/entities/GoodsReceiptNote.ts(44,3): error TS2564: Property 'status' has no initializer and is not definitely assigned in the constructor.
modules/purchasing/src/domain/entities/GoodsReceiptNote.ts(47,3): error TS2564: Property 'totalQuantity' has no initializer and is not definitely assigned in the constructor.
modules/purchasing/src/domain/entities/GoodsReceiptNote.ts(50,3): error TS2564: Property 'currency' has no initializer and is not definitely assigned in the constructor.
modules/purchasing/src/domain/entities/GoodsReceiptNote.ts(51,3): error TS2564: Property 'totalReceivedAmount' has no initializer and is not definitely assigned in the constructor.
modules/purchasing/src/domain/entities/GoodsReceiptNote.ts(54,3): error TS2564: Property 'receivingDetails' has no initializer and is not definitely assigned in the constructor.
modules/purchasing/src/domain/entities/GoodsReceiptNote.ts(55,3): error TS2564: Property 'createdAt' has no initializer and is not definitely assigned in the constructor.
modules/purchasing/src/domain/entities/GoodsReceiptNote.ts(56,3): error TS2564: Property 'updatedAt' has no initializer and is not definitely assigned in the constructor.
modules/purchasing/src/domain/entities/GoodsReceiptNote.ts(105,3): error TS2564: Property 'id' has no initializer and is not definitely assigned in the constructor.
modules/purchasing/src/domain/entities/GoodsReceiptNote.ts(106,3): error TS2564: Property 'grnId' has no initializer and is not definitely assigned in the constructor.
modules/purchasing/src/domain/entities/GoodsReceiptNote.ts(107,3): error TS2564: Property 'poLineId' has no initializer and is not definitely assigned in the constructor.
modules/purchasing/src/domain/entities/GoodsReceiptNote.ts(108,3): error TS2564: Property 'lineNumber' has no initializer and is not definitely assigned in the constructor.
modules/purchasing/src/domain/entities/GoodsReceiptNote.ts(109,3): error TS2564: Property 'productId' has no initializer and is not definitely assigned in the constructor.
modules/purchasing/src/domain/entities/GoodsReceiptNote.ts(110,3): error TS2564: Property 'productCode' has no initializer and is not definitely assigned in the constructor.
modules/purchasing/src/domain/entities/GoodsReceiptNote.ts(111,3): error TS2564: Property 'productName' has no initializer and is not definitely assigned in the constructor.
modules/purchasing/src/domain/entities/GoodsReceiptNote.ts(112,3): error TS2564: Property 'quantityOrdered' has no initializer and is not definitely assigned in the constructor.
modules/purchasing/src/domain/entities/GoodsReceiptNote.ts(113,3): error TS2564: Property 'quantityReceived' has no initializer and is not definitely assigned in the constructor.
modules/purchasing/src/domain/entities/GoodsReceiptNote.ts(114,3): error TS2564: Property 'quantityRejected' has no initializer and is not definitely assigned in the constructor.
modules/purchasing/src/domain/entities/GoodsReceiptNote.ts(115,3): error TS2564: Property 'unit' has no initializer and is not definitely assigned in the constructor.
modules/purchasing/src/domain/entities/GoodsReceiptNote.ts(116,3): error TS2564: Property 'priceOrdered' has no initializer and is not definitely assigned in the constructor.
modules/purchasing/src/domain/entities/GoodsReceiptNote.ts(117,3): error TS2564: Property 'priceReceived' has no initializer and is not definitely assigned in the constructor.
modules/purchasing/src/domain/entities/GoodsReceiptNote.ts(118,3): error TS2564: Property 'status' has no initializer and is not definitely assigned in the constructor.
modules/purchasing/src/domain/entities/GoodsReceiptNote.ts(123,3): error TS2564: Property 'createdAt' has no initializer and is not definitely assigned in the constructor.
modules/purchasing/src/domain/entities/GoodsReceiptNote.ts(124,3): error TS2564: Property 'updatedAt' has no initializer and is not definitely assigned in the constructor.
modules/purchasing/src/domain/entities/GoodsReceiptNote.ts(151,3): error TS2564: Property 'id' has no initializer and is not definitely assigned in the constructor.
modules/purchasing/src/domain/entities/GoodsReceiptNote.ts(152,3): error TS2564: Property 'grnId' has no initializer and is not definitely assigned in the constructor.
modules/purchasing/src/domain/entities/GoodsReceiptNote.ts(153,3): error TS2564: Property 'grnLineId' has no initializer and is not definitely assigned in the constructor.
modules/purchasing/src/domain/entities/GoodsReceiptNote.ts(154,3): error TS2564: Property 'productId' has no initializer and is not definitely assigned in the constructor.
modules/purchasing/src/domain/entities/GoodsReceiptNote.ts(155,3): error TS2564: Property 'productName' has no initializer and is not definitely assigned in the constructor.
modules/purchasing/src/domain/entities/GoodsReceiptNote.ts(156,3): error TS2564: Property 'quantityReturned' has no initializer and is not definitely assigned in the constructor.
modules/purchasing/src/domain/entities/GoodsReceiptNote.ts(157,3): error TS2564: Property 'unit' has no initializer and is not definitely assigned in the constructor.
modules/purchasing/src/domain/entities/GoodsReceiptNote.ts(158,3): error TS2564: Property 'reason' has no initializer and is not definitely assigned in the constructor.
modules/purchasing/src/domain/entities/GoodsReceiptNote.ts(159,3): error TS2564: Property 'returnDate' has no initializer and is not definitely assigned in the constructor.
modules/purchasing/src/domain/entities/GoodsReceiptNote.ts(160,3): error TS2564: Property 'status' has no initializer and is not definitely assigned in the constructor.
modules/purchasing/src/domain/entities/GoodsReceiptNote.ts(162,3): error TS2564: Property 'createdAt' has no initializer and is not definitely assigned in the constructor.
modules/purchasing/src/domain/entities/GoodsReceiptNote.ts(163,3): error TS2564: Property 'updatedAt' has no initializer and is not definitely assigned in the constructor.
modules/purchasing/src/domain/entities/PurchaseOrder.ts(43,3): error TS2564: Property 'id' has no initializer and is not definitely assigned in the constructor.
modules/purchasing/src/domain/entities/PurchaseOrder.ts(44,3): error TS2564: Property 'poNumber' has no initializer and is not definitely assigned in the constructor.
modules/purchasing/src/domain/entities/PurchaseOrder.ts(46,3): error TS2564: Property 'vendorId' has no initializer and is not definitely assigned in the constructor.
modules/purchasing/src/domain/entities/PurchaseOrder.ts(47,3): error TS2564: Property 'vendorName' has no initializer and is not definitely assigned in the constructor.
modules/purchasing/src/domain/entities/PurchaseOrder.ts(48,3): error TS2564: Property 'vendorCode' has no initializer and is not definitely assigned in the constructor.
modules/purchasing/src/domain/entities/PurchaseOrder.ts(49,3): error TS2564: Property 'status' has no initializer and is not definitely assigned in the constructor.
modules/purchasing/src/domain/entities/PurchaseOrder.ts(50,3): error TS2564: Property 'type' has no initializer and is not definitely assigned in the constructor.
modules/purchasing/src/domain/entities/PurchaseOrder.ts(51,3): error TS2564: Property 'issuedDate' has no initializer and is not definitely assigned in the constructor.
modules/purchasing/src/domain/entities/PurchaseOrder.ts(52,3): error TS2564: Property 'requiredByDate' has no initializer and is not definitely assigned in the constructor.
modules/purchasing/src/domain/entities/PurchaseOrder.ts(56,3): error TS2564: Property 'shippingDetails' has no initializer and is not definitely assigned in the constructor.
modules/purchasing/src/domain/entities/PurchaseOrder.ts(57,3): error TS2564: Property 'contact' has no initializer and is not definitely assigned in the constructor.
modules/purchasing/src/domain/entities/PurchaseOrder.ts(58,3): error TS2564: Property 'currency' has no initializer and is not definitely assigned in the constructor.
modules/purchasing/src/domain/entities/PurchaseOrder.ts(59,3): error TS2564: Property 'totalAmount' has no initializer and is not definitely assigned in the constructor.
modules/purchasing/src/domain/entities/PurchaseOrder.ts(60,3): error TS2564: Property 'taxAmount' has no initializer and is not definitely assigned in the constructor.
modules/purchasing/src/domain/entities/PurchaseOrder.ts(61,3): error TS2564: Property 'shippingCost' has no initializer and is not definitely assigned in the constructor.
modules/purchasing/src/domain/entities/PurchaseOrder.ts(62,3): error TS2564: Property 'discountAmount' has no initializer and is not definitely assigned in the constructor.
modules/purchasing/src/domain/entities/PurchaseOrder.ts(63,3): error TS2564: Property 'discountPercentage' has no initializer and is not definitely assigned in the constructor.
modules/purchasing/src/domain/entities/PurchaseOrder.ts(66,3): error TS2564: Property 'createdBy' has no initializer and is not definitely assigned in the constructor.
modules/purchasing/src/domain/entities/PurchaseOrder.ts(70,3): error TS2564: Property 'createdAt' has no initializer and is not definitely assigned in the constructor.
modules/purchasing/src/domain/entities/PurchaseOrder.ts(71,3): error TS2564: Property 'updatedAt' has no initializer and is not definitely assigned in the constructor.
modules/purchasing/src/domain/entities/PurchaseOrder.ts(134,56): error TS2322: Type '"rejected_for_edit"' is not assignable to type 'POStatus'.
modules/purchasing/src/domain/entities/PurchaseOrder.ts(134,65): error TS2339: Property 'REJECTED_FOR_EDIT' does not exist on type 'typeof POStatus'.
modules/purchasing/src/domain/entities/PurchaseOrder.ts(155,3): error TS2564: Property 'id' has no initializer and is not definitely assigned in the constructor.
modules/purchasing/src/domain/entities/PurchaseOrder.ts(156,3): error TS2564: Property 'poId' has no initializer and is not definitely assigned in the constructor.
modules/purchasing/src/domain/entities/PurchaseOrder.ts(157,3): error TS2564: Property 'lineNumber' has no initializer and is not definitely assigned in the constructor.
modules/purchasing/src/domain/entities/PurchaseOrder.ts(158,3): error TS2564: Property 'productId' has no initializer and is not definitely assigned in the constructor.
modules/purchasing/src/domain/entities/PurchaseOrder.ts(159,3): error TS2564: Property 'productCode' has no initializer and is not definitely assigned in the constructor.
modules/purchasing/src/domain/entities/PurchaseOrder.ts(160,3): error TS2564: Property 'productName' has no initializer and is not definitely assigned in the constructor.
modules/purchasing/src/domain/entities/PurchaseOrder.ts(161,3): error TS2564: Property 'description' has no initializer and is not definitely assigned in the constructor.
modules/purchasing/src/domain/entities/PurchaseOrder.ts(162,3): error TS2564: Property 'quantity' has no initializer and is not definitely assigned in the constructor.
modules/purchasing/src/domain/entities/PurchaseOrder.ts(163,3): error TS2564: Property 'unit' has no initializer and is not definitely assigned in the constructor.
modules/purchasing/src/domain/entities/PurchaseOrder.ts(164,3): error TS2564: Property 'unitPrice' has no initializer and is not definitely assigned in the constructor.
modules/purchasing/src/domain/entities/PurchaseOrder.ts(165,3): error TS2564: Property 'totalPrice' has no initializer and is not definitely assigned in the constructor.
modules/purchasing/src/domain/entities/PurchaseOrder.ts(166,3): error TS2564: Property 'status' has no initializer and is not definitely assigned in the constructor.
modules/purchasing/src/domain/entities/PurchaseOrder.ts(167,3): error TS2564: Property 'taxRate' has no initializer and is not definitely assigned in the constructor.
modules/purchasing/src/domain/entities/PurchaseOrder.ts(168,3): error TS2564: Property 'taxAmount' has no initializer and is not definitely assigned in the constructor.
modules/purchasing/src/domain/entities/PurchaseOrder.ts(172,3): error TS2564: Property 'createdAt' has no initializer and is not definitely assigned in the constructor.
modules/purchasing/src/domain/entities/PurchaseOrder.ts(173,3): error TS2564: Property 'updatedAt' has no initializer and is not definitely assigned in the constructor.
modules/purchasing/src/domain/entities/PurchaseOrder.ts(214,3): error TS2564: Property 'id' has no initializer and is not definitely assigned in the constructor.
modules/purchasing/src/domain/entities/PurchaseOrder.ts(215,3): error TS2564: Property 'poId' has no initializer and is not definitely assigned in the constructor.
modules/purchasing/src/domain/entities/PurchaseOrder.ts(216,3): error TS2564: Property 'revisionNumber' has no initializer and is not definitely assigned in the constructor.
modules/purchasing/src/domain/entities/PurchaseOrder.ts(218,3): error TS2564: Property 'changedFields' has no initializer and is not definitely assigned in the constructor.
modules/purchasing/src/domain/entities/PurchaseOrder.ts(219,3): error TS2564: Property 'reason' has no initializer and is not definitely assigned in the constructor.
modules/purchasing/src/domain/entities/PurchaseOrder.ts(220,3): error TS2564: Property 'createdBy' has no initializer and is not definitely assigned in the constructor.
modules/purchasing/src/domain/entities/PurchaseOrder.ts(221,3): error TS2564: Property 'createdAt' has no initializer and is not definitely assigned in the constructor.
modules/purchasing/src/domain/entities/PurchaseOrder.ts(224,3): error TS2564: Property 'status' has no initializer and is not definitely assigned in the constructor.
modules/purchasing/src/domain/entities/PurchaseRequisition.ts(38,3): error TS2564: Property 'id' has no initializer and is not definitely assigned in the constructor.
modules/purchasing/src/domain/entities/PurchaseRequisition.ts(39,3): error TS2564: Property 'requisitionNumber' has no initializer and is not definitely assigned in the constructor.
modules/purchasing/src/domain/entities/PurchaseRequisition.ts(40,3): error TS2564: Property 'departmentId' has no initializer and is not definitely assigned in the constructor.
modules/purchasing/src/domain/entities/PurchaseRequisition.ts(41,3): error TS2564: Property 'departmentName' has no initializer and is not definitely assigned in the constructor.
modules/purchasing/src/domain/entities/PurchaseRequisition.ts(42,3): error TS2564: Property 'requestedById' has no initializer and is not definitely assigned in the constructor.
modules/purchasing/src/domain/entities/PurchaseRequisition.ts(43,3): error TS2564: Property 'requestedByName' has no initializer and is not definitely assigned in the constructor.
modules/purchasing/src/domain/entities/PurchaseRequisition.ts(44,3): error TS2564: Property 'requestedByEmail' has no initializer and is not definitely assigned in the constructor.
modules/purchasing/src/domain/entities/PurchaseRequisition.ts(45,3): error TS2564: Property 'status' has no initializer and is not definitely assigned in the constructor.
modules/purchasing/src/domain/entities/PurchaseRequisition.ts(46,3): error TS2564: Property 'priority' has no initializer and is not definitely assigned in the constructor.
modules/purchasing/src/domain/entities/PurchaseRequisition.ts(47,3): error TS2564: Property 'title' has no initializer and is not definitely assigned in the constructor.
modules/purchasing/src/domain/entities/PurchaseRequisition.ts(48,3): error TS2564: Property 'description' has no initializer and is not definitely assigned in the constructor.
modules/purchasing/src/domain/entities/PurchaseRequisition.ts(49,3): error TS2564: Property 'justification' has no initializer and is not definitely assigned in the constructor.
modules/purchasing/src/domain/entities/PurchaseRequisition.ts(50,3): error TS2564: Property 'budgetCode' has no initializer and is not definitely assigned in the constructor.
modules/purchasing/src/domain/entities/PurchaseRequisition.ts(51,3): error TS2564: Property 'costCenter' has no initializer and is not definitely assigned in the constructor.
modules/purchasing/src/domain/entities/PurchaseRequisition.ts(52,3): error TS2564: Property 'requiredBy' has no initializer and is not definitely assigned in the constructor.
modules/purchasing/src/domain/entities/PurchaseRequisition.ts(54,3): error TS2564: Property 'totalAmount' has no initializer and is not definitely assigned in the constructor.
modules/purchasing/src/domain/entities/PurchaseRequisition.ts(55,3): error TS2564: Property 'currency' has no initializer and is not definitely assigned in the constructor.
modules/purchasing/src/domain/entities/PurchaseRequisition.ts(56,3): error TS2564: Property 'createdAt' has no initializer and is not definitely assigned in the constructor.
modules/purchasing/src/domain/entities/PurchaseRequisition.ts(57,3): error TS2564: Property 'updatedAt' has no initializer and is not definitely assigned in the constructor.
modules/purchasing/src/domain/entities/PurchaseRequisition.ts(59,3): error TS2564: Property 'lines' has no initializer and is not definitely assigned in the constructor.
modules/purchasing/src/domain/entities/PurchaseRequisition.ts(60,3): error TS2564: Property 'approvals' has no initializer and is not definitely assigned in the constructor.
modules/purchasing/src/domain/entities/PurchaseRequisition.ts(90,3): error TS2564: Property 'id' has no initializer and is not definitely assigned in the constructor.
modules/purchasing/src/domain/entities/PurchaseRequisition.ts(91,3): error TS2564: Property 'requisitionId' has no initializer and is not definitely assigned in the constructor.
modules/purchasing/src/domain/entities/PurchaseRequisition.ts(92,3): error TS2564: Property 'lineNumber' has no initializer and is not definitely assigned in the constructor.
modules/purchasing/src/domain/entities/PurchaseRequisition.ts(95,3): error TS2564: Property 'productName' has no initializer and is not definitely assigned in the constructor.
modules/purchasing/src/domain/entities/PurchaseRequisition.ts(96,3): error TS2564: Property 'description' has no initializer and is not definitely assigned in the constructor.
modules/purchasing/src/domain/entities/PurchaseRequisition.ts(97,3): error TS2564: Property 'quantity' has no initializer and is not definitely assigned in the constructor.
modules/purchasing/src/domain/entities/PurchaseRequisition.ts(98,3): error TS2564: Property 'unit' has no initializer and is not definitely assigned in the constructor.
modules/purchasing/src/domain/entities/PurchaseRequisition.ts(99,3): error TS2564: Property 'estimatedUnitPrice' has no initializer and is not definitely assigned in the constructor.
modules/purchasing/src/domain/entities/PurchaseRequisition.ts(100,3): error TS2564: Property 'estimatedTotalPrice' has no initializer and is not definitely assigned in the constructor.
modules/purchasing/src/domain/entities/PurchaseRequisition.ts(102,3): error TS2564: Property 'createdAt' has no initializer and is not definitely assigned in the constructor.
modules/purchasing/src/domain/entities/PurchaseRequisition.ts(103,3): error TS2564: Property 'updatedAt' has no initializer and is not definitely assigned in the constructor.
modules/purchasing/src/domain/entities/ThreeWayMatch.ts(27,3): error TS2564: Property 'id' has no initializer and is not definitely assigned in the constructor.
modules/purchasing/src/domain/entities/ThreeWayMatch.ts(28,3): error TS2564: Property 'poId' has no initializer and is not definitely assigned in the constructor.
modules/purchasing/src/domain/entities/ThreeWayMatch.ts(29,3): error TS2564: Property 'poNumber' has no initializer and is not definitely assigned in the constructor.
modules/purchasing/src/domain/entities/ThreeWayMatch.ts(30,3): error TS2564: Property 'grnId' has no initializer and is not definitely assigned in the constructor.
modules/purchasing/src/domain/entities/ThreeWayMatch.ts(31,3): error TS2564: Property 'grnNumber' has no initializer and is not definitely assigned in the constructor.
modules/purchasing/src/domain/entities/ThreeWayMatch.ts(32,3): error TS2564: Property 'invoiceId' has no initializer and is not definitely assigned in the constructor.
modules/purchasing/src/domain/entities/ThreeWayMatch.ts(33,3): error TS2564: Property 'invoiceNumber' has no initializer and is not definitely assigned in the constructor.
modules/purchasing/src/domain/entities/ThreeWayMatch.ts(34,3): error TS2564: Property 'vendorId' has no initializer and is not definitely assigned in the constructor.
modules/purchasing/src/domain/entities/ThreeWayMatch.ts(35,3): error TS2564: Property 'vendorName' has no initializer and is not definitely assigned in the constructor.
modules/purchasing/src/domain/entities/ThreeWayMatch.ts(36,3): error TS2564: Property 'status' has no initializer and is not definitely assigned in the constructor.
modules/purchasing/src/domain/entities/ThreeWayMatch.ts(37,3): error TS2564: Property 'matchedAt' has no initializer and is not definitely assigned in the constructor.
modules/purchasing/src/domain/entities/ThreeWayMatch.ts(38,3): error TS2564: Property 'matchedBy' has no initializer and is not definitely assigned in the constructor.
modules/purchasing/src/domain/entities/ThreeWayMatch.ts(39,3): error TS2564: Property 'totalPOAmount' has no initializer and is not definitely assigned in the constructor.
modules/purchasing/src/domain/entities/ThreeWayMatch.ts(40,3): error TS2564: Property 'totalGRNAmount' has no initializer and is not definitely assigned in the constructor.
modules/purchasing/src/domain/entities/ThreeWayMatch.ts(41,3): error TS2564: Property 'totalInvoiceAmount' has no initializer and is not definitely assigned in the constructor.
modules/purchasing/src/domain/entities/ThreeWayMatch.ts(42,3): error TS2564: Property 'variance' has no initializer and is not definitely assigned in the constructor.
modules/purchasing/src/domain/entities/ThreeWayMatch.ts(52,3): error TS2564: Property 'createdAt' has no initializer and is not definitely assigned in the constructor.
modules/purchasing/src/domain/entities/ThreeWayMatch.ts(53,3): error TS2564: Property 'updatedAt' has no initializer and is not definitely assigned in the constructor.
modules/purchasing/src/domain/entities/ThreeWayMatch.ts(102,3): error TS2564: Property 'id' has no initializer and is not definitely assigned in the constructor.
modules/purchasing/src/domain/entities/ThreeWayMatch.ts(103,3): error TS2564: Property 'matchId' has no initializer and is not definitely assigned in the constructor.
modules/purchasing/src/domain/entities/ThreeWayMatch.ts(104,3): error TS2564: Property 'type' has no initializer and is not definitely assigned in the constructor.
modules/purchasing/src/domain/entities/ThreeWayMatch.ts(105,3): error TS2564: Property 'severity' has no initializer and is not definitely assigned in the constructor.
modules/purchasing/src/domain/entities/ThreeWayMatch.ts(106,3): error TS2564: Property 'description' has no initializer and is not definitely assigned in the constructor.
modules/purchasing/src/domain/entities/ThreeWayMatch.ts(107,3): error TS2564: Property 'variance' has no initializer and is not definitely assigned in the constructor.
modules/purchasing/src/domain/entities/ThreeWayMatch.ts(111,3): error TS2564: Property 'status' has no initializer and is not definitely assigned in the constructor.
modules/purchasing/src/domain/entities/ThreeWayMatch.ts(115,3): error TS2564: Property 'createdAt' has no initializer and is not definitely assigned in the constructor.
modules/purchasing/src/domain/entities/ThreeWayMatch.ts(116,3): error TS2564: Property 'updatedAt' has no initializer and is not definitely assigned in the constructor.
modules/purchasing/src/domain/entities/ThreeWayMatch.ts(132,3): error TS2564: Property 'id' has no initializer and is not definitely assigned in the constructor.
modules/purchasing/src/domain/entities/ThreeWayMatch.ts(133,3): error TS2564: Property 'exceptionId' has no initializer and is not definitely assigned in the constructor.
modules/purchasing/src/domain/entities/ThreeWayMatch.ts(134,3): error TS2564: Property 'matchId' has no initializer and is not definitely assigned in the constructor.
modules/purchasing/src/domain/entities/ThreeWayMatch.ts(135,3): error TS2564: Property 'action' has no initializer and is not definitely assigned in the constructor.
modules/purchasing/src/domain/entities/ThreeWayMatch.ts(136,3): error TS2564: Property 'reason' has no initializer and is not definitely assigned in the constructor.
modules/purchasing/src/domain/entities/ThreeWayMatch.ts(137,3): error TS2564: Property 'approvedBy' has no initializer and is not definitely assigned in the constructor.
modules/purchasing/src/domain/entities/ThreeWayMatch.ts(138,3): error TS2564: Property 'approvedAt' has no initializer and is not definitely assigned in the constructor.
modules/purchasing/src/domain/entities/ThreeWayMatch.ts(141,3): error TS2564: Property 'vendorNotificationSent' has no initializer and is not definitely assigned in the constructor.
modules/purchasing/src/domain/entities/ThreeWayMatch.ts(142,3): error TS2564: Property 'createdAt' has no initializer and is not definitely assigned in the constructor.
modules/purchasing/src/domain/entities/VendorInvoice.ts(29,3): error TS2564: Property 'id' has no initializer and is not definitely assigned in the constructor.
modules/purchasing/src/domain/entities/VendorInvoice.ts(30,3): error TS2564: Property 'invoiceNumber' has no initializer and is not definitely assigned in the constructor.
modules/purchasing/src/domain/entities/VendorInvoice.ts(31,3): error TS2564: Property 'invoiceDate' has no initializer and is not definitely assigned in the constructor.
modules/purchasing/src/domain/entities/VendorInvoice.ts(32,3): error TS2564: Property 'vendorId' has no initializer and is not definitely assigned in the constructor.
modules/purchasing/src/domain/entities/VendorInvoice.ts(33,3): error TS2564: Property 'vendorName' has no initializer and is not definitely assigned in the constructor.
modules/purchasing/src/domain/entities/VendorInvoice.ts(34,3): error TS2564: Property 'vendorInvoiceNumber' has no initializer and is not definitely assigned in the constructor.
modules/purchasing/src/domain/entities/VendorInvoice.ts(35,3): error TS2564: Property 'vendorInvoiceDate' has no initializer and is not definitely assigned in the constructor.
modules/purchasing/src/domain/entities/VendorInvoice.ts(38,3): error TS2564: Property 'receivedDate' has no initializer and is not definitely assigned in the constructor.
modules/purchasing/src/domain/entities/VendorInvoice.ts(39,3): error TS2564: Property 'dueDate' has no initializer and is not definitely assigned in the constructor.
modules/purchasing/src/domain/entities/VendorInvoice.ts(42,3): error TS2564: Property 'status' has no initializer and is not definitely assigned in the constructor.
modules/purchasing/src/domain/entities/VendorInvoice.ts(43,3): error TS2564: Property 'currency' has no initializer and is not definitely assigned in the constructor.
modules/purchasing/src/domain/entities/VendorInvoice.ts(44,3): error TS2564: Property 'subtotalAmount' has no initializer and is not definitely assigned in the constructor.
modules/purchasing/src/domain/entities/VendorInvoice.ts(45,3): error TS2564: Property 'taxAmount' has no initializer and is not definitely assigned in the constructor.
modules/purchasing/src/domain/entities/VendorInvoice.ts(46,3): error TS2564: Property 'shippingAmount' has no initializer and is not definitely assigned in the constructor.
modules/purchasing/src/domain/entities/VendorInvoice.ts(47,3): error TS2564: Property 'otherCharges' has no initializer and is not definitely assigned in the constructor.
modules/purchasing/src/domain/entities/VendorInvoice.ts(48,3): error TS2564: Property 'discountAmount' has no initializer and is not definitely assigned in the constructor.
modules/purchasing/src/domain/entities/VendorInvoice.ts(49,3): error TS2564: Property 'totalInvoicedAmount' has no initializer and is not definitely assigned in the constructor.
modules/purchasing/src/domain/entities/VendorInvoice.ts(50,3): error TS2564: Property 'totalMatchedAmount' has no initializer and is not definitely assigned in the constructor.
modules/purchasing/src/domain/entities/VendorInvoice.ts(51,3): error TS2564: Property 'remainingAmount' has no initializer and is not definitely assigned in the constructor.
modules/purchasing/src/domain/entities/VendorInvoice.ts(55,3): error TS2564: Property 'registeredBy' has no initializer and is not definitely assigned in the constructor.
modules/purchasing/src/domain/entities/VendorInvoice.ts(59,3): error TS2564: Property 'paidAmount' has no initializer and is not definitely assigned in the constructor.
modules/purchasing/src/domain/entities/VendorInvoice.ts(60,3): error TS2564: Property 'createdAt' has no initializer and is not definitely assigned in the constructor.
modules/purchasing/src/domain/entities/VendorInvoice.ts(61,3): error TS2564: Property 'updatedAt' has no initializer and is not definitely assigned in the constructor.
modules/purchasing/src/domain/entities/VendorInvoice.ts(62,3): error TS2564: Property 'dispatchStatus' has no initializer and is not definitely assigned in the constructor.
modules/purchasing/src/domain/entities/VendorInvoice.ts(130,3): error TS2564: Property 'id' has no initializer and is not definitely assigned in the constructor.
modules/purchasing/src/domain/entities/VendorInvoice.ts(131,3): error TS2564: Property 'invoiceId' has no initializer and is not definitely assigned in the constructor.
modules/purchasing/src/domain/entities/VendorInvoice.ts(132,3): error TS2564: Property 'lineNumber' has no initializer and is not definitely assigned in the constructor.
modules/purchasing/src/domain/entities/VendorInvoice.ts(134,3): error TS2564: Property 'description' has no initializer and is not definitely assigned in the constructor.
modules/purchasing/src/domain/entities/VendorInvoice.ts(135,3): error TS2564: Property 'quantity' has no initializer and is not definitely assigned in the constructor.
modules/purchasing/src/domain/entities/VendorInvoice.ts(136,3): error TS2564: Property 'unit' has no initializer and is not definitely assigned in the constructor.
modules/purchasing/src/domain/entities/VendorInvoice.ts(137,3): error TS2564: Property 'unitPrice' has no initializer and is not definitely assigned in the constructor.
modules/purchasing/src/domain/entities/VendorInvoice.ts(138,3): error TS2564: Property 'totalAmount' has no initializer and is not definitely assigned in the constructor.
modules/purchasing/src/domain/entities/VendorInvoice.ts(139,3): error TS2564: Property 'taxRate' has no initializer and is not definitely assigned in the constructor.
modules/purchasing/src/domain/entities/VendorInvoice.ts(140,3): error TS2564: Property 'taxAmount' has no initializer and is not definitely assigned in the constructor.
modules/purchasing/src/domain/entities/VendorInvoice.ts(141,3): error TS2564: Property 'matchStatus' has no initializer and is not definitely assigned in the constructor.
modules/purchasing/src/domain/entities/VendorInvoice.ts(142,3): error TS2564: Property 'matchedQuantity' has no initializer and is not definitely assigned in the constructor.
modules/purchasing/src/domain/entities/VendorInvoice.ts(143,3): error TS2564: Property 'matchedAmount' has no initializer and is not definitely assigned in the constructor.
modules/purchasing/src/domain/entities/VendorInvoice.ts(145,3): error TS2564: Property 'createdAt' has no initializer and is not definitely assigned in the constructor.
modules/purchasing/src/domain/entities/VendorInvoice.ts(146,3): error TS2564: Property 'updatedAt' has no initializer and is not definitely assigned in the constructor.
modules/purchasing/src/domain/services/GRNService.ts(185,7): error TS2322: Type '"rejected" | "partial_rejection"' is not assignable to type 'GRNLineStatus'.
  Type '"rejected"' is not assignable to type 'GRNLineStatus'.
modules/purchasing/src/domain/services/MatchingService.ts(59,11): error TS2739: Type '{ id: string; poId: string; poNumber: string; grnId: string; grnNumber: string; invoiceId: string; invoiceNumber: string; vendorId: string; vendorName: string; status: MatchStatus.MATCHED | MatchStatus.EXCEPTION; ... 8 more ...; updatedAt: Date; }' is missing the following properties from type 'ThreeWayMatch': hasExceptions, canAutoApprove, isExceptionWithinTolerance
modules/purchasing/src/domain/services/MatchingService.ts(195,23): error TS2345: Argument of type '{ id: string; matchId: string; type: ExceptionType.QUANTITY_VARIANCE; severity: "medium" | "high"; description: string; variance: number; status: "pending"; createdAt: Date; updatedAt: Date; }' is not assignable to parameter of type 'MatchException'.
  Type '{ id: string; matchId: string; type: ExceptionType.QUANTITY_VARIANCE; severity: "medium" | "high"; description: string; variance: number; status: "pending"; createdAt: Date; updatedAt: Date; }' is missing the following properties from type 'MatchException': canResolve, shouldEscalate
modules/purchasing/src/domain/services/MatchingService.ts(209,23): error TS2345: Argument of type '{ id: string; matchId: string; type: ExceptionType.PRICE_VARIANCE; severity: "medium" | "high"; description: string; variance: number; status: "pending"; createdAt: Date; updatedAt: Date; }' is not assignable to parameter of type 'MatchException'.
  Type '{ id: string; matchId: string; type: ExceptionType.PRICE_VARIANCE; severity: "medium" | "high"; description: string; variance: number; status: "pending"; createdAt: Date; updatedAt: Date; }' is missing the following properties from type 'MatchException': canResolve, shouldEscalate
modules/purchasing/src/domain/services/MatchingService.ts(228,23): error TS2345: Argument of type '{ id: string; matchId: string; type: ExceptionType.AMOUNT_VARIANCE; severity: "low" | "high"; description: string; variance: number; status: "pending"; createdAt: Date; updatedAt: Date; }' is not assignable to parameter of type 'MatchException'.
  Type '{ id: string; matchId: string; type: ExceptionType.AMOUNT_VARIANCE; severity: "low" | "high"; description: string; variance: number; status: "pending"; createdAt: Date; updatedAt: Date; }' is missing the following properties from type 'MatchException': canResolve, shouldEscalate
modules/workflow-engine/src/api/controllers/WorkflowController.ts(32,11): error TS2564: Property 'createTemplateUseCase' has no initializer and is not definitely assigned in the constructor.
modules/workflow-engine/src/api/controllers/WorkflowController.ts(33,11): error TS2564: Property 'createInstanceUseCase' has no initializer and is not definitely assigned in the constructor.
modules/workflow-engine/src/api/controllers/WorkflowController.ts(34,11): error TS2564: Property 'approveStepUseCase' has no initializer and is not definitely assigned in the constructor.
modules/workflow-engine/src/api/controllers/WorkflowController.ts(35,11): error TS2564: Property 'getInstanceUseCase' has no initializer and is not definitely assigned in the constructor.
modules/workflow-engine/src/api/controllers/WorkflowController.ts(36,11): error TS2564: Property 'getPendingApprovalsUseCase' has no initializer and is not definitely assigned in the constructor.
modules/workflow-engine/src/api/controllers/WorkflowController.ts(37,11): error TS2564: Property 'getTemplateUseCase' has no initializer and is not definitely assigned in the constructor.
modules/workflow-engine/src/api/controllers/WorkflowController.ts(38,11): error TS2564: Property 'escalateWorkflowUseCase' has no initializer and is not definitely assigned in the constructor.
modules/workflow-engine/src/api/controllers/WorkflowController.ts(164,70): error TS2345: Argument of type 'string | number' is not assignable to parameter of type 'string'.
  Type 'number' is not assignable to type 'string'.
modules/workflow-engine/src/api/controllers/WorkflowController.ts(223,38): error TS2339: Property 'name' does not exist on type 'User'.
modules/workflow-engine/src/api/controllers/WorkflowController.ts(226,57): error TS2345: Argument of type 'string | number' is not assignable to parameter of type 'string'.
  Type 'number' is not assignable to type 'string'.
modules/workflow-engine/src/api/controllers/WorkflowController.ts(236,71): error TS2345: Argument of type 'string | number' is not assignable to parameter of type 'string'.
  Type 'number' is not assignable to type 'string'.
modules/workflow-engine/src/api/controllers/WorkflowController.ts(255,62): error TS2345: Argument of type 'string | number' is not assignable to parameter of type 'string'.
  Type 'number' is not assignable to type 'string'.
modules/workflow-engine/src/infrastructure/entities/WorkflowAnalyticsEntity.ts(14,3): error TS2564: Property 'id' has no initializer and is not definitely assigned in the constructor.
modules/workflow-engine/src/infrastructure/entities/WorkflowAnalyticsEntity.ts(17,3): error TS2564: Property 'templateId' has no initializer and is not definitely assigned in the constructor.
modules/workflow-engine/src/infrastructure/entities/WorkflowAnalyticsEntity.ts(20,3): error TS2564: Property 'entityType' has no initializer and is not definitely assigned in the constructor.
modules/workflow-engine/src/infrastructure/entities/WorkflowAnalyticsEntity.ts(23,3): error TS2564: Property 'instanceId' has no initializer and is not definitely assigned in the constructor.
modules/workflow-engine/src/infrastructure/entities/WorkflowAnalyticsEntity.ts(26,3): error TS2564: Property 'stepId' has no initializer and is not definitely assigned in the constructor.
modules/workflow-engine/src/infrastructure/entities/WorkflowAnalyticsEntity.ts(29,3): error TS2564: Property 'totalApprovals' has no initializer and is not definitely assigned in the constructor.
modules/workflow-engine/src/infrastructure/entities/WorkflowAnalyticsEntity.ts(32,3): error TS2564: Property 'totalRejections' has no initializer and is not definitely assigned in the constructor.
modules/workflow-engine/src/infrastructure/entities/WorkflowAnalyticsEntity.ts(35,3): error TS2564: Property 'escalationCount' has no initializer and is not definitely assigned in the constructor.
modules/workflow-engine/src/infrastructure/entities/WorkflowAnalyticsEntity.ts(38,3): error TS2564: Property 'durationMs' has no initializer and is not definitely assigned in the constructor.
modules/workflow-engine/src/infrastructure/entities/WorkflowAnalyticsEntity.ts(41,3): error TS2564: Property 'completedAt' has no initializer and is not definitely assigned in the constructor.
modules/workflow-engine/src/infrastructure/entities/WorkflowAnalyticsEntity.ts(43,11): error TS2769: No overload matches this call.
  The last overload gave the following error.
    Argument of type 'string' is not assignable to parameter of type '(type?: any) => Function'.
modules/workflow-engine/src/infrastructure/entities/WorkflowAnalyticsEntity.ts(47,3): error TS2564: Property 'outcome' has no initializer and is not definitely assigned in the constructor.
modules/workflow-engine/src/infrastructure/entities/WorkflowAnalyticsEntity.ts(50,3): error TS2564: Property 'recordedAt' has no initializer and is not definitely assigned in the constructor.
modules/workflow-engine/src/infrastructure/entities/WorkflowDelegationEntity.ts(16,3): error TS2564: Property 'id' has no initializer and is not definitely assigned in the constructor.
modules/workflow-engine/src/infrastructure/entities/WorkflowDelegationEntity.ts(19,3): error TS2564: Property 'fromUserId' has no initializer and is not definitely assigned in the constructor.
modules/workflow-engine/src/infrastructure/entities/WorkflowDelegationEntity.ts(22,3): error TS2564: Property 'toUserId' has no initializer and is not definitely assigned in the constructor.
modules/workflow-engine/src/infrastructure/entities/WorkflowDelegationEntity.ts(25,3): error TS2564: Property 'workflowStepId' has no initializer and is not definitely assigned in the constructor.
modules/workflow-engine/src/infrastructure/entities/WorkflowDelegationEntity.ts(31,3): error TS2564: Property 'createdAt' has no initializer and is not definitely assigned in the constructor.
modules/workflow-engine/src/infrastructure/entities/WorkflowDelegationEntity.ts(34,3): error TS2564: Property 'expiresAt' has no initializer and is not definitely assigned in the constructor.
modules/workflow-engine/src/infrastructure/entities/WorkflowDelegationEntity.ts(37,3): error TS2564: Property 'isActive' has no initializer and is not definitely assigned in the constructor.
modules/workflow-engine/src/infrastructure/entities/WorkflowInstanceEntity.ts(18,3): error TS2564: Property 'id' has no initializer and is not definitely assigned in the constructor.
modules/workflow-engine/src/infrastructure/entities/WorkflowInstanceEntity.ts(21,3): error TS2564: Property 'templateId' has no initializer and is not definitely assigned in the constructor.
modules/workflow-engine/src/infrastructure/entities/WorkflowInstanceEntity.ts(24,3): error TS2564: Property 'entityType' has no initializer and is not definitely assigned in the constructor.
modules/workflow-engine/src/infrastructure/entities/WorkflowInstanceEntity.ts(27,3): error TS2564: Property 'entityId' has no initializer and is not definitely assigned in the constructor.
modules/workflow-engine/src/infrastructure/entities/WorkflowInstanceEntity.ts(29,11): error TS2769: No overload matches this call.
  The last overload gave the following error.
    Argument of type 'string' is not assignable to parameter of type '(type?: any) => Function'.
modules/workflow-engine/src/infrastructure/entities/WorkflowInstanceEntity.ts(33,3): error TS2564: Property 'status' has no initializer and is not definitely assigned in the constructor.
modules/workflow-engine/src/infrastructure/entities/WorkflowInstanceEntity.ts(36,3): error TS2564: Property 'currentStepId' has no initializer and is not definitely assigned in the constructor.
modules/workflow-engine/src/infrastructure/entities/WorkflowInstanceEntity.ts(39,3): error TS2564: Property 'steps' has no initializer and is not definitely assigned in the constructor.
modules/workflow-engine/src/infrastructure/entities/WorkflowInstanceEntity.ts(48,3): error TS2564: Property 'createdAt' has no initializer and is not definitely assigned in the constructor.
modules/workflow-engine/src/infrastructure/entities/WorkflowInstanceEntity.ts(51,3): error TS2564: Property 'updatedAt' has no initializer and is not definitely assigned in the constructor.
modules/workflow-engine/src/infrastructure/entities/WorkflowTemplateEntity.ts(16,3): error TS2564: Property 'id' has no initializer and is not definitely assigned in the constructor.
modules/workflow-engine/src/infrastructure/entities/WorkflowTemplateEntity.ts(19,3): error TS2564: Property 'name' has no initializer and is not definitely assigned in the constructor.
modules/workflow-engine/src/infrastructure/entities/WorkflowTemplateEntity.ts(22,3): error TS2564: Property 'description' has no initializer and is not definitely assigned in the constructor.
modules/workflow-engine/src/infrastructure/entities/WorkflowTemplateEntity.ts(25,3): error TS2564: Property 'entityType' has no initializer and is not definitely assigned in the constructor.
modules/workflow-engine/src/infrastructure/entities/WorkflowTemplateEntity.ts(28,3): error TS2564: Property 'version' has no initializer and is not definitely assigned in the constructor.
modules/workflow-engine/src/infrastructure/entities/WorkflowTemplateEntity.ts(31,3): error TS2564: Property 'steps' has no initializer and is not definitely assigned in the constructor.
modules/workflow-engine/src/infrastructure/entities/WorkflowTemplateEntity.ts(34,3): error TS2564: Property 'isActive' has no initializer and is not definitely assigned in the constructor.
modules/workflow-engine/src/infrastructure/entities/WorkflowTemplateEntity.ts(37,3): error TS2564: Property 'createdAt' has no initializer and is not definitely assigned in the constructor.
modules/workflow-engine/src/infrastructure/entities/WorkflowTemplateEntity.ts(40,3): error TS2564: Property 'updatedAt' has no initializer and is not definitely assigned in the constructor.
modules/workflow-engine/src/infrastructure/mappers/WorkflowInstanceMapper.ts(33,5): error TS2322: Type 'Date | undefined' is not assignable to type 'Date'.
  Type 'undefined' is not assignable to type 'Date'.
modules/workflow-engine/src/infrastructure/mappers/WorkflowInstanceMapper.ts(34,5): error TS2322: Type 'Date | undefined' is not assignable to type 'Date'.
  Type 'undefined' is not assignable to type 'Date'.
modules/workflow-engine/src/infrastructure/repositories/WorkflowInstanceRepository.ts(82,38): error TS2345: Argument of type '{ updatedAt: Date; completedAt?: Date | undefined; metadata?: Record<string, any> | undefined; steps?: IWorkflowInstanceStep[] | undefined; currentStepId?: string | undefined; status?: any; }' is not assignable to parameter of type '_QueryDeepPartialEntity<WorkflowInstanceEntity>'.
  Types of property 'steps' are incompatible.
    Type 'IWorkflowInstanceStep[] | undefined' is not assignable to type '(() => string) | _QueryDeepPartialEntity<any>[] | undefined'.
      Type 'IWorkflowInstanceStep[]' is not assignable to type '(() => string) | _QueryDeepPartialEntity<any>[] | undefined'.
        Type 'IWorkflowInstanceStep[]' is not assignable to type '_QueryDeepPartialEntity<any>[]'.
          Type 'IWorkflowInstanceStep' is not assignable to type '_QueryDeepPartialEntity<any>'.
            Index signature for type 'string' is missing in type 'IWorkflowInstanceStep'.
modules/workflow-engine/src/infrastructure/repositories/WorkflowTemplateRepository.ts(47,38): error TS2345: Argument of type '{ updatedAt: Date; isActive?: boolean | undefined; steps?: IWorkflowStep[] | undefined; description?: string | undefined; name?: string | undefined; }' is not assignable to parameter of type '_QueryDeepPartialEntity<WorkflowTemplateEntity>'.
  Types of property 'steps' are incompatible.
    Type 'IWorkflowStep[] | undefined' is not assignable to type '(() => string) | _QueryDeepPartialEntity<any>[] | undefined'.
      Type 'IWorkflowStep[]' is not assignable to type '(() => string) | _QueryDeepPartialEntity<any>[] | undefined'.
        Type 'IWorkflowStep[]' is not assignable to type '_QueryDeepPartialEntity<any>[]'.
          Type 'IWorkflowStep' is not assignable to type '_QueryDeepPartialEntity<any>'.
            Index signature for type 'string' is missing in type 'IWorkflowStep'.
modules/workflow-engine/src/workflow-module.ts(62,67): error TS2339: Property 'buildCreateTableSql' does not exist on type 'Driver'.
