
> cypher-erp@0.1.0 build
> tsc

modules/financial-accounting/src/api/controllers/FinancialAccountingController.ts(37,52): error TS2345: Argument of type 'string' is not assignable to parameter of type 'Record<string, any>'.
modules/financial-accounting/src/api/controllers/FinancialAccountingController.ts(96,52): error TS2345: Argument of type 'string' is not assignable to parameter of type 'Record<string, any>'.
modules/financial-accounting/src/api/controllers/FinancialAccountingController.ts(129,69): error TS2345: Argument of type 'string | number' is not assignable to parameter of type 'string'.
  Type 'number' is not assignable to type 'string'.
modules/financial-accounting/src/api/controllers/FinancialAccountingController.ts(130,40): error TS2345: Argument of type 'string' is not assignable to parameter of type 'Record<string, any>'.
modules/financial-accounting/src/api/controllers/FinancialAccountingController.ts(153,67): error TS2345: Argument of type 'string | number' is not assignable to parameter of type 'string'.
  Type 'number' is not assignable to type 'string'.
modules/financial-accounting/src/api/controllers/FinancialAccountingController.ts(154,42): error TS2345: Argument of type 'string' is not assignable to parameter of type 'Record<string, any>'.
modules/financial-accounting/src/api/controllers/FinancialAccountingController.ts(172,40): error TS2345: Argument of type 'string' is not assignable to parameter of type 'Record<string, any>'.
modules/financial-accounting/src/api/controllers/FinancialAccountingController.ts(197,40): error TS2345: Argument of type 'string' is not assignable to parameter of type 'Record<string, any>'.
modules/financial-accounting/src/api/controllers/FinancialAccountingController.ts(215,40): error TS2345: Argument of type 'string' is not assignable to parameter of type 'Record<string, any>'.
modules/financial-accounting/src/api/controllers/FinancialAccountingController.ts(234,52): error TS2345: Argument of type 'string' is not assignable to parameter of type 'Record<string, any>'.
modules/financial-accounting/src/api/controllers/FinancialAccountingController.ts(263,87): error TS2345: Argument of type 'string | number' is not assignable to parameter of type 'string'.
  Type 'number' is not assignable to type 'string'.
modules/financial-accounting/src/api/controllers/FinancialAccountingController.ts(265,40): error TS2345: Argument of type 'string' is not assignable to parameter of type 'Record<string, any>'.
modules/financial-accounting/src/api/controllers/FinancialAccountingController.ts(310,52): error TS2345: Argument of type 'string' is not assignable to parameter of type 'Record<string, any>'.
modules/financial-accounting/src/api/controllers/FinancialAccountingController.ts(343,9): error TS2345: Argument of type 'string | number' is not assignable to parameter of type 'string'.
  Type 'number' is not assignable to type 'string'.
modules/financial-accounting/src/api/controllers/FinancialAccountingController.ts(347,40): error TS2345: Argument of type 'string' is not assignable to parameter of type 'Record<string, any>'.
modules/financial-accounting/src/api/controllers/FinancialAccountingController.ts(365,9): error TS2345: Argument of type 'string | number' is not assignable to parameter of type 'string'.
  Type 'number' is not assignable to type 'string'.
modules/financial-accounting/src/api/controllers/FinancialAccountingController.ts(369,40): error TS2345: Argument of type 'string' is not assignable to parameter of type 'Record<string, any>'.
modules/financial-accounting/src/api/routes/financialAccountingRoutes.ts(2,33): error TS2307: Cannot find module '@shared/middleware/validation' or its corresponding type declarations.
modules/financial-accounting/src/api/routes/financialAccountingRoutes.ts(3,41): error TS2307: Cannot find module '@shared/middleware/auth' or its corresponding type declarations.
modules/financial-accounting/src/domain/entities/ApInvoice.ts(35,3): error TS2564: Property 'id' has no initializer and is not definitely assigned in the constructor.
modules/financial-accounting/src/domain/entities/ApInvoice.ts(36,3): error TS2564: Property 'organizationId' has no initializer and is not definitely assigned in the constructor.
modules/financial-accounting/src/domain/entities/ApInvoice.ts(37,3): error TS2564: Property 'vendorId' has no initializer and is not definitely assigned in the constructor.
modules/financial-accounting/src/domain/entities/ApInvoice.ts(38,3): error TS2564: Property 'invoiceNumber' has no initializer and is not definitely assigned in the constructor.
modules/financial-accounting/src/domain/entities/ApInvoice.ts(41,3): error TS2564: Property 'invoiceDate' has no initializer and is not definitely assigned in the constructor.
modules/financial-accounting/src/domain/entities/ApInvoice.ts(42,3): error TS2564: Property 'dueDate' has no initializer and is not definitely assigned in the constructor.
modules/financial-accounting/src/domain/entities/ApInvoice.ts(55,3): error TS2564: Property 'apAccountId' has no initializer and is not definitely assigned in the constructor.
modules/financial-accounting/src/domain/entities/ApInvoice.ts(56,3): error TS2564: Property 'expenseAccountId' has no initializer and is not definitely assigned in the constructor.
modules/financial-accounting/src/domain/entities/ApInvoice.ts(63,3): error TS2564: Property 'createdAt' has no initializer and is not definitely assigned in the constructor.
modules/financial-accounting/src/domain/entities/ApInvoice.ts(64,3): error TS2564: Property 'updatedAt' has no initializer and is not definitely assigned in the constructor.
modules/financial-accounting/src/domain/entities/ApInvoice.ts(65,3): error TS2564: Property 'createdBy' has no initializer and is not definitely assigned in the constructor.
modules/financial-accounting/src/domain/entities/ApInvoice.ts(66,3): error TS2564: Property 'updatedBy' has no initializer and is not definitely assigned in the constructor.
modules/financial-accounting/src/domain/entities/ApInvoice.ts(70,30): error TS2565: Property 'currencyCode' is used before being assigned.
modules/financial-accounting/src/domain/entities/ApInvoice.ts(71,26): error TS2565: Property 'subtotal' is used before being assigned.
modules/financial-accounting/src/domain/entities/ApInvoice.ts(72,27): error TS2565: Property 'taxAmount' is used before being assigned.
modules/financial-accounting/src/domain/entities/ApInvoice.ts(73,32): error TS2565: Property 'discountAmount' is used before being assigned.
modules/financial-accounting/src/domain/entities/ApInvoice.ts(74,29): error TS2565: Property 'totalAmount' is used before being assigned.
modules/financial-accounting/src/domain/entities/ApInvoice.ts(75,28): error TS2565: Property 'amountPaid' is used before being assigned.
modules/financial-accounting/src/domain/entities/ApInvoice.ts(76,27): error TS2565: Property 'amountDue' is used before being assigned.
modules/financial-accounting/src/domain/entities/ApInvoice.ts(77,24): error TS2565: Property 'status' is used before being assigned.
modules/financial-accounting/src/domain/entities/ApInvoice.ts(78,37): error TS2565: Property 'threeWayMatchStatus' is used before being assigned.
modules/financial-accounting/src/domain/entities/ApInvoice.ts(79,26): error TS2565: Property 'isPosted' is used before being assigned.
modules/financial-accounting/src/domain/entities/ApInvoice.ts(80,23): error TS2565: Property 'lines' is used before being assigned.
modules/financial-accounting/src/domain/entities/ApInvoice.ts(81,26): error TS2565: Property 'metadata' is used before being assigned.
modules/financial-accounting/src/domain/entities/ApInvoice.ts(140,5): error TS2322: Type 'string | false | undefined' is not assignable to type 'boolean'.
  Type 'undefined' is not assignable to type 'boolean'.
modules/financial-accounting/src/domain/entities/ArInvoice.ts(25,3): error TS2564: Property 'id' has no initializer and is not definitely assigned in the constructor.
modules/financial-accounting/src/domain/entities/ArInvoice.ts(26,3): error TS2564: Property 'organizationId' has no initializer and is not definitely assigned in the constructor.
modules/financial-accounting/src/domain/entities/ArInvoice.ts(27,3): error TS2564: Property 'customerId' has no initializer and is not definitely assigned in the constructor.
modules/financial-accounting/src/domain/entities/ArInvoice.ts(28,3): error TS2564: Property 'invoiceNumber' has no initializer and is not definitely assigned in the constructor.
modules/financial-accounting/src/domain/entities/ArInvoice.ts(30,3): error TS2564: Property 'invoiceDate' has no initializer and is not definitely assigned in the constructor.
modules/financial-accounting/src/domain/entities/ArInvoice.ts(31,3): error TS2564: Property 'dueDate' has no initializer and is not definitely assigned in the constructor.
modules/financial-accounting/src/domain/entities/ArInvoice.ts(44,3): error TS2564: Property 'arAccountId' has no initializer and is not definitely assigned in the constructor.
modules/financial-accounting/src/domain/entities/ArInvoice.ts(45,3): error TS2564: Property 'revenueAccountId' has no initializer and is not definitely assigned in the constructor.
modules/financial-accounting/src/domain/entities/ArInvoice.ts(50,3): error TS2564: Property 'createdAt' has no initializer and is not definitely assigned in the constructor.
modules/financial-accounting/src/domain/entities/ArInvoice.ts(51,3): error TS2564: Property 'updatedAt' has no initializer and is not definitely assigned in the constructor.
modules/financial-accounting/src/domain/entities/ArInvoice.ts(52,3): error TS2564: Property 'createdBy' has no initializer and is not definitely assigned in the constructor.
modules/financial-accounting/src/domain/entities/ArInvoice.ts(53,3): error TS2564: Property 'updatedBy' has no initializer and is not definitely assigned in the constructor.
modules/financial-accounting/src/domain/entities/ArInvoice.ts(57,30): error TS2565: Property 'currencyCode' is used before being assigned.
modules/financial-accounting/src/domain/entities/ArInvoice.ts(58,26): error TS2565: Property 'subtotal' is used before being assigned.
modules/financial-accounting/src/domain/entities/ArInvoice.ts(59,27): error TS2565: Property 'taxAmount' is used before being assigned.
modules/financial-accounting/src/domain/entities/ArInvoice.ts(60,32): error TS2565: Property 'discountAmount' is used before being assigned.
modules/financial-accounting/src/domain/entities/ArInvoice.ts(61,29): error TS2565: Property 'totalAmount' is used before being assigned.
modules/financial-accounting/src/domain/entities/ArInvoice.ts(62,28): error TS2565: Property 'amountPaid' is used before being assigned.
modules/financial-accounting/src/domain/entities/ArInvoice.ts(63,27): error TS2565: Property 'amountDue' is used before being assigned.
modules/financial-accounting/src/domain/entities/ArInvoice.ts(64,24): error TS2565: Property 'status' is used before being assigned.
modules/financial-accounting/src/domain/entities/ArInvoice.ts(65,26): error TS2565: Property 'isPosted' is used before being assigned.
modules/financial-accounting/src/domain/entities/ArInvoice.ts(66,23): error TS2565: Property 'lines' is used before being assigned.
modules/financial-accounting/src/domain/entities/ArInvoice.ts(67,26): error TS2565: Property 'metadata' is used before being assigned.
modules/financial-accounting/src/domain/entities/ChartOfAccount.ts(12,3): error TS2564: Property 'id' has no initializer and is not definitely assigned in the constructor.
modules/financial-accounting/src/domain/entities/ChartOfAccount.ts(13,3): error TS2564: Property 'organizationId' has no initializer and is not definitely assigned in the constructor.
modules/financial-accounting/src/domain/entities/ChartOfAccount.ts(14,3): error TS2564: Property 'code' has no initializer and is not definitely assigned in the constructor.
modules/financial-accounting/src/domain/entities/ChartOfAccount.ts(15,3): error TS2564: Property 'name' has no initializer and is not definitely assigned in the constructor.
modules/financial-accounting/src/domain/entities/ChartOfAccount.ts(17,3): error TS2564: Property 'accountType' has no initializer and is not definitely assigned in the constructor.
modules/financial-accounting/src/domain/entities/ChartOfAccount.ts(26,3): error TS2564: Property 'createdAt' has no initializer and is not definitely assigned in the constructor.
modules/financial-accounting/src/domain/entities/ChartOfAccount.ts(27,3): error TS2564: Property 'updatedAt' has no initializer and is not definitely assigned in the constructor.
modules/financial-accounting/src/domain/entities/ChartOfAccount.ts(28,3): error TS2564: Property 'createdBy' has no initializer and is not definitely assigned in the constructor.
modules/financial-accounting/src/domain/entities/ChartOfAccount.ts(29,3): error TS2564: Property 'updatedBy' has no initializer and is not definitely assigned in the constructor.
modules/financial-accounting/src/domain/entities/ChartOfAccount.ts(33,26): error TS2565: Property 'isActive' is used before being assigned.
modules/financial-accounting/src/domain/entities/ChartOfAccount.ts(34,26): error TS2565: Property 'isHeader' is used before being assigned.
modules/financial-accounting/src/domain/entities/ChartOfAccount.ts(35,31): error TS2565: Property 'taxApplicable' is used before being assigned.
modules/financial-accounting/src/domain/entities/ChartOfAccount.ts(36,41): error TS2565: Property 'accumulatedDepreciation' is used before being assigned.
modules/financial-accounting/src/domain/entities/ChartOfAccount.ts(37,25): error TS2565: Property 'balance' is used before being assigned.
modules/financial-accounting/src/domain/entities/ChartOfAccount.ts(38,26): error TS2565: Property 'metadata' is used before being assigned.
modules/financial-accounting/src/domain/entities/CostCenter.ts(2,3): error TS2564: Property 'id' has no initializer and is not definitely assigned in the constructor.
modules/financial-accounting/src/domain/entities/CostCenter.ts(3,3): error TS2564: Property 'organizationId' has no initializer and is not definitely assigned in the constructor.
modules/financial-accounting/src/domain/entities/CostCenter.ts(4,3): error TS2564: Property 'code' has no initializer and is not definitely assigned in the constructor.
modules/financial-accounting/src/domain/entities/CostCenter.ts(5,3): error TS2564: Property 'name' has no initializer and is not definitely assigned in the constructor.
modules/financial-accounting/src/domain/entities/CostCenter.ts(11,3): error TS2564: Property 'createdAt' has no initializer and is not definitely assigned in the constructor.
modules/financial-accounting/src/domain/entities/CostCenter.ts(12,3): error TS2564: Property 'updatedAt' has no initializer and is not definitely assigned in the constructor.
modules/financial-accounting/src/domain/entities/CostCenter.ts(13,3): error TS2564: Property 'createdBy' has no initializer and is not definitely assigned in the constructor.
modules/financial-accounting/src/domain/entities/CostCenter.ts(14,3): error TS2564: Property 'updatedBy' has no initializer and is not definitely assigned in the constructor.
modules/financial-accounting/src/domain/entities/CostCenter.ts(18,26): error TS2565: Property 'isActive' is used before being assigned.
modules/financial-accounting/src/domain/entities/CostCenter.ts(19,26): error TS2565: Property 'metadata' is used before being assigned.
modules/financial-accounting/src/domain/entities/FiscalPeriod.ts(2,3): error TS2564: Property 'id' has no initializer and is not definitely assigned in the constructor.
modules/financial-accounting/src/domain/entities/FiscalPeriod.ts(3,3): error TS2564: Property 'organizationId' has no initializer and is not definitely assigned in the constructor.
modules/financial-accounting/src/domain/entities/FiscalPeriod.ts(4,3): error TS2564: Property 'periodName' has no initializer and is not definitely assigned in the constructor.
modules/financial-accounting/src/domain/entities/FiscalPeriod.ts(5,3): error TS2564: Property 'fiscalYear' has no initializer and is not definitely assigned in the constructor.
modules/financial-accounting/src/domain/entities/FiscalPeriod.ts(6,3): error TS2564: Property 'startDate' has no initializer and is not definitely assigned in the constructor.
modules/financial-accounting/src/domain/entities/FiscalPeriod.ts(7,3): error TS2564: Property 'endDate' has no initializer and is not definitely assigned in the constructor.
modules/financial-accounting/src/domain/entities/FiscalPeriod.ts(13,3): error TS2564: Property 'createdAt' has no initializer and is not definitely assigned in the constructor.
modules/financial-accounting/src/domain/entities/FiscalPeriod.ts(14,3): error TS2564: Property 'updatedAt' has no initializer and is not definitely assigned in the constructor.
modules/financial-accounting/src/domain/entities/FiscalPeriod.ts(15,3): error TS2564: Property 'createdBy' has no initializer and is not definitely assigned in the constructor.
modules/financial-accounting/src/domain/entities/FiscalPeriod.ts(16,3): error TS2564: Property 'updatedBy' has no initializer and is not definitely assigned in the constructor.
modules/financial-accounting/src/domain/entities/FiscalPeriod.ts(20,24): error TS2565: Property 'isOpen' is used before being assigned.
modules/financial-accounting/src/domain/entities/FiscalPeriod.ts(21,26): error TS2565: Property 'isLocked' is used before being assigned.
modules/financial-accounting/src/domain/entities/FiscalPeriod.ts(22,26): error TS2565: Property 'metadata' is used before being assigned.
modules/financial-accounting/src/domain/entities/JournalEntry.ts(32,3): error TS2564: Property 'id' has no initializer and is not definitely assigned in the constructor.
modules/financial-accounting/src/domain/entities/JournalEntry.ts(33,3): error TS2564: Property 'organizationId' has no initializer and is not definitely assigned in the constructor.
modules/financial-accounting/src/domain/entities/JournalEntry.ts(34,3): error TS2564: Property 'fiscalPeriodId' has no initializer and is not definitely assigned in the constructor.
modules/financial-accounting/src/domain/entities/JournalEntry.ts(35,3): error TS2564: Property 'entryNumber' has no initializer and is not definitely assigned in the constructor.
modules/financial-accounting/src/domain/entities/JournalEntry.ts(36,3): error TS2564: Property 'entryDate' has no initializer and is not definitely assigned in the constructor.
modules/financial-accounting/src/domain/entities/JournalEntry.ts(39,3): error TS2564: Property 'description' has no initializer and is not definitely assigned in the constructor.
modules/financial-accounting/src/domain/entities/JournalEntry.ts(52,3): error TS2564: Property 'createdAt' has no initializer and is not definitely assigned in the constructor.
modules/financial-accounting/src/domain/entities/JournalEntry.ts(53,3): error TS2564: Property 'updatedAt' has no initializer and is not definitely assigned in the constructor.
modules/financial-accounting/src/domain/entities/JournalEntry.ts(54,3): error TS2564: Property 'createdBy' has no initializer and is not definitely assigned in the constructor.
modules/financial-accounting/src/domain/entities/JournalEntry.ts(55,3): error TS2564: Property 'updatedBy' has no initializer and is not definitely assigned in the constructor.
modules/financial-accounting/src/domain/entities/JournalEntry.ts(59,24): error TS2565: Property 'status' is used before being assigned.
modules/financial-accounting/src/domain/entities/JournalEntry.ts(60,32): error TS2565: Property 'approvalStatus' is used before being assigned.
modules/financial-accounting/src/domain/entities/JournalEntry.ts(61,26): error TS2565: Property 'isPosted' is used before being assigned.
modules/financial-accounting/src/domain/entities/JournalEntry.ts(62,28): error TS2565: Property 'totalDebit' is used before being assigned.
modules/financial-accounting/src/domain/entities/JournalEntry.ts(63,29): error TS2565: Property 'totalCredit' is used before being assigned.
modules/financial-accounting/src/domain/entities/JournalEntry.ts(64,23): error TS2565: Property 'lines' is used before being assigned.
modules/financial-accounting/src/domain/entities/JournalEntry.ts(65,26): error TS2565: Property 'metadata' is used before being assigned.
modules/financial-accounting/src/infrastructure/entities/ApInvoiceEntity.ts(11,3): error TS2564: Property 'id' has no initializer and is not definitely assigned in the constructor.
modules/financial-accounting/src/infrastructure/entities/ApInvoiceEntity.ts(14,3): error TS2564: Property 'organizationId' has no initializer and is not definitely assigned in the constructor.
modules/financial-accounting/src/infrastructure/entities/ApInvoiceEntity.ts(17,3): error TS2564: Property 'vendorId' has no initializer and is not definitely assigned in the constructor.
modules/financial-accounting/src/infrastructure/entities/ApInvoiceEntity.ts(20,3): error TS2564: Property 'invoiceNumber' has no initializer and is not definitely assigned in the constructor.
modules/financial-accounting/src/infrastructure/entities/ApInvoiceEntity.ts(23,3): error TS2564: Property 'poNumber' has no initializer and is not definitely assigned in the constructor.
modules/financial-accounting/src/infrastructure/entities/ApInvoiceEntity.ts(26,3): error TS2564: Property 'grnNumber' has no initializer and is not definitely assigned in the constructor.
modules/financial-accounting/src/infrastructure/entities/ApInvoiceEntity.ts(29,3): error TS2564: Property 'invoiceDate' has no initializer and is not definitely assigned in the constructor.
modules/financial-accounting/src/infrastructure/entities/ApInvoiceEntity.ts(32,3): error TS2564: Property 'dueDate' has no initializer and is not definitely assigned in the constructor.
modules/financial-accounting/src/infrastructure/entities/ApInvoiceEntity.ts(35,3): error TS2564: Property 'currencyCode' has no initializer and is not definitely assigned in the constructor.
modules/financial-accounting/src/infrastructure/entities/ApInvoiceEntity.ts(38,3): error TS2564: Property 'subtotal' has no initializer and is not definitely assigned in the constructor.
modules/financial-accounting/src/infrastructure/entities/ApInvoiceEntity.ts(41,3): error TS2564: Property 'taxAmount' has no initializer and is not definitely assigned in the constructor.
modules/financial-accounting/src/infrastructure/entities/ApInvoiceEntity.ts(44,3): error TS2564: Property 'discountAmount' has no initializer and is not definitely assigned in the constructor.
modules/financial-accounting/src/infrastructure/entities/ApInvoiceEntity.ts(47,3): error TS2564: Property 'totalAmount' has no initializer and is not definitely assigned in the constructor.
modules/financial-accounting/src/infrastructure/entities/ApInvoiceEntity.ts(50,3): error TS2564: Property 'amountPaid' has no initializer and is not definitely assigned in the constructor.
modules/financial-accounting/src/infrastructure/entities/ApInvoiceEntity.ts(53,3): error TS2564: Property 'amountDue' has no initializer and is not definitely assigned in the constructor.
modules/financial-accounting/src/infrastructure/entities/ApInvoiceEntity.ts(56,3): error TS2564: Property 'status' has no initializer and is not definitely assigned in the constructor.
modules/financial-accounting/src/infrastructure/entities/ApInvoiceEntity.ts(59,3): error TS2564: Property 'paymentTerms' has no initializer and is not definitely assigned in the constructor.
modules/financial-accounting/src/infrastructure/entities/ApInvoiceEntity.ts(62,3): error TS2564: Property 'discountPercent' has no initializer and is not definitely assigned in the constructor.
modules/financial-accounting/src/infrastructure/entities/ApInvoiceEntity.ts(65,3): error TS2564: Property 'taxCodeId' has no initializer and is not definitely assigned in the constructor.
modules/financial-accounting/src/infrastructure/entities/ApInvoiceEntity.ts(68,3): error TS2564: Property 'notes' has no initializer and is not definitely assigned in the constructor.
modules/financial-accounting/src/infrastructure/entities/ApInvoiceEntity.ts(71,3): error TS2564: Property 'apAccountId' has no initializer and is not definitely assigned in the constructor.
modules/financial-accounting/src/infrastructure/entities/ApInvoiceEntity.ts(74,3): error TS2564: Property 'expenseAccountId' has no initializer and is not definitely assigned in the constructor.
modules/financial-accounting/src/infrastructure/entities/ApInvoiceEntity.ts(77,3): error TS2564: Property 'journalEntryId' has no initializer and is not definitely assigned in the constructor.
modules/financial-accounting/src/infrastructure/entities/ApInvoiceEntity.ts(80,3): error TS2564: Property 'threeWayMatchStatus' has no initializer and is not definitely assigned in the constructor.
modules/financial-accounting/src/infrastructure/entities/ApInvoiceEntity.ts(83,3): error TS2564: Property 'matchVariancePercent' has no initializer and is not definitely assigned in the constructor.
modules/financial-accounting/src/infrastructure/entities/ApInvoiceEntity.ts(86,3): error TS2564: Property 'isPosted' has no initializer and is not definitely assigned in the constructor.
modules/financial-accounting/src/infrastructure/entities/ApInvoiceEntity.ts(89,3): error TS2564: Property 'metadata' has no initializer and is not definitely assigned in the constructor.
modules/financial-accounting/src/infrastructure/entities/ApInvoiceEntity.ts(92,3): error TS2564: Property 'createdAt' has no initializer and is not definitely assigned in the constructor.
modules/financial-accounting/src/infrastructure/entities/ApInvoiceEntity.ts(95,3): error TS2564: Property 'updatedAt' has no initializer and is not definitely assigned in the constructor.
modules/financial-accounting/src/infrastructure/entities/ApInvoiceEntity.ts(98,3): error TS2564: Property 'createdBy' has no initializer and is not definitely assigned in the constructor.
modules/financial-accounting/src/infrastructure/entities/ApInvoiceEntity.ts(101,3): error TS2564: Property 'updatedBy' has no initializer and is not definitely assigned in the constructor.
modules/financial-accounting/src/infrastructure/entities/ApInvoiceEntity.ts(104,3): error TS2564: Property 'lines' has no initializer and is not definitely assigned in the constructor.
modules/financial-accounting/src/infrastructure/entities/ApInvoiceLineEntity.ts(8,3): error TS2564: Property 'id' has no initializer and is not definitely assigned in the constructor.
modules/financial-accounting/src/infrastructure/entities/ApInvoiceLineEntity.ts(11,3): error TS2564: Property 'apInvoiceId' has no initializer and is not definitely assigned in the constructor.
modules/financial-accounting/src/infrastructure/entities/ApInvoiceLineEntity.ts(14,3): error TS2564: Property 'lineNumber' has no initializer and is not definitely assigned in the constructor.
modules/financial-accounting/src/infrastructure/entities/ApInvoiceLineEntity.ts(17,3): error TS2564: Property 'description' has no initializer and is not definitely assigned in the constructor.
modules/financial-accounting/src/infrastructure/entities/ApInvoiceLineEntity.ts(20,3): error TS2564: Property 'quantity' has no initializer and is not definitely assigned in the constructor.
modules/financial-accounting/src/infrastructure/entities/ApInvoiceLineEntity.ts(23,3): error TS2564: Property 'unitPrice' has no initializer and is not definitely assigned in the constructor.
modules/financial-accounting/src/infrastructure/entities/ApInvoiceLineEntity.ts(26,3): error TS2564: Property 'amount' has no initializer and is not definitely assigned in the constructor.
modules/financial-accounting/src/infrastructure/entities/ApInvoiceLineEntity.ts(29,3): error TS2564: Property 'taxAmount' has no initializer and is not definitely assigned in the constructor.
modules/financial-accounting/src/infrastructure/entities/ApInvoiceLineEntity.ts(32,3): error TS2564: Property 'expenseAccountId' has no initializer and is not definitely assigned in the constructor.
modules/financial-accounting/src/infrastructure/entities/ApInvoiceLineEntity.ts(35,3): error TS2564: Property 'taxCodeId' has no initializer and is not definitely assigned in the constructor.
modules/financial-accounting/src/infrastructure/entities/ApInvoiceLineEntity.ts(38,3): error TS2564: Property 'costCenterId' has no initializer and is not definitely assigned in the constructor.
modules/financial-accounting/src/infrastructure/entities/ApInvoiceLineEntity.ts(41,3): error TS2564: Property 'poLineId' has no initializer and is not definitely assigned in the constructor.
modules/financial-accounting/src/infrastructure/entities/ApInvoiceLineEntity.ts(44,3): error TS2564: Property 'grnLineId' has no initializer and is not definitely assigned in the constructor.
modules/financial-accounting/src/infrastructure/entities/ApInvoiceLineEntity.ts(47,3): error TS2564: Property 'metadata' has no initializer and is not definitely assigned in the constructor.
modules/financial-accounting/src/infrastructure/entities/ApInvoiceLineEntity.ts(50,3): error TS2564: Property 'createdAt' has no initializer and is not definitely assigned in the constructor.
modules/financial-accounting/src/infrastructure/entities/ApInvoiceLineEntity.ts(53,3): error TS2564: Property 'updatedAt' has no initializer and is not definitely assigned in the constructor.
modules/financial-accounting/src/infrastructure/entities/ApInvoiceLineEntity.ts(57,3): error TS2564: Property 'invoice' has no initializer and is not definitely assigned in the constructor.
modules/financial-accounting/src/infrastructure/entities/ArInvoiceEntity.ts(11,3): error TS2564: Property 'id' has no initializer and is not definitely assigned in the constructor.
modules/financial-accounting/src/infrastructure/entities/ArInvoiceEntity.ts(14,3): error TS2564: Property 'organizationId' has no initializer and is not definitely assigned in the constructor.
modules/financial-accounting/src/infrastructure/entities/ArInvoiceEntity.ts(17,3): error TS2564: Property 'customerId' has no initializer and is not definitely assigned in the constructor.
modules/financial-accounting/src/infrastructure/entities/ArInvoiceEntity.ts(20,3): error TS2564: Property 'invoiceNumber' has no initializer and is not definitely assigned in the constructor.
modules/financial-accounting/src/infrastructure/entities/ArInvoiceEntity.ts(23,3): error TS2564: Property 'orderId' has no initializer and is not definitely assigned in the constructor.
modules/financial-accounting/src/infrastructure/entities/ArInvoiceEntity.ts(26,3): error TS2564: Property 'invoiceDate' has no initializer and is not definitely assigned in the constructor.
modules/financial-accounting/src/infrastructure/entities/ArInvoiceEntity.ts(29,3): error TS2564: Property 'dueDate' has no initializer and is not definitely assigned in the constructor.
modules/financial-accounting/src/infrastructure/entities/ArInvoiceEntity.ts(32,3): error TS2564: Property 'currencyCode' has no initializer and is not definitely assigned in the constructor.
modules/financial-accounting/src/infrastructure/entities/ArInvoiceEntity.ts(35,3): error TS2564: Property 'subtotal' has no initializer and is not definitely assigned in the constructor.
modules/financial-accounting/src/infrastructure/entities/ArInvoiceEntity.ts(38,3): error TS2564: Property 'taxAmount' has no initializer and is not definitely assigned in the constructor.
modules/financial-accounting/src/infrastructure/entities/ArInvoiceEntity.ts(41,3): error TS2564: Property 'discountAmount' has no initializer and is not definitely assigned in the constructor.
modules/financial-accounting/src/infrastructure/entities/ArInvoiceEntity.ts(44,3): error TS2564: Property 'totalAmount' has no initializer and is not definitely assigned in the constructor.
modules/financial-accounting/src/infrastructure/entities/ArInvoiceEntity.ts(47,3): error TS2564: Property 'amountPaid' has no initializer and is not definitely assigned in the constructor.
modules/financial-accounting/src/infrastructure/entities/ArInvoiceEntity.ts(50,3): error TS2564: Property 'amountDue' has no initializer and is not definitely assigned in the constructor.
modules/financial-accounting/src/infrastructure/entities/ArInvoiceEntity.ts(53,3): error TS2564: Property 'status' has no initializer and is not definitely assigned in the constructor.
modules/financial-accounting/src/infrastructure/entities/ArInvoiceEntity.ts(56,3): error TS2564: Property 'paymentTerms' has no initializer and is not definitely assigned in the constructor.
modules/financial-accounting/src/infrastructure/entities/ArInvoiceEntity.ts(59,3): error TS2564: Property 'discountPercent' has no initializer and is not definitely assigned in the constructor.
modules/financial-accounting/src/infrastructure/entities/ArInvoiceEntity.ts(62,3): error TS2564: Property 'taxCodeId' has no initializer and is not definitely assigned in the constructor.
modules/financial-accounting/src/infrastructure/entities/ArInvoiceEntity.ts(65,3): error TS2564: Property 'notes' has no initializer and is not definitely assigned in the constructor.
modules/financial-accounting/src/infrastructure/entities/ArInvoiceEntity.ts(68,3): error TS2564: Property 'arAccountId' has no initializer and is not definitely assigned in the constructor.
modules/financial-accounting/src/infrastructure/entities/ArInvoiceEntity.ts(71,3): error TS2564: Property 'revenueAccountId' has no initializer and is not definitely assigned in the constructor.
modules/financial-accounting/src/infrastructure/entities/ArInvoiceEntity.ts(74,3): error TS2564: Property 'journalEntryId' has no initializer and is not definitely assigned in the constructor.
modules/financial-accounting/src/infrastructure/entities/ArInvoiceEntity.ts(77,3): error TS2564: Property 'isPosted' has no initializer and is not definitely assigned in the constructor.
modules/financial-accounting/src/infrastructure/entities/ArInvoiceEntity.ts(80,3): error TS2564: Property 'metadata' has no initializer and is not definitely assigned in the constructor.
modules/financial-accounting/src/infrastructure/entities/ArInvoiceEntity.ts(83,3): error TS2564: Property 'createdAt' has no initializer and is not definitely assigned in the constructor.
modules/financial-accounting/src/infrastructure/entities/ArInvoiceEntity.ts(86,3): error TS2564: Property 'updatedAt' has no initializer and is not definitely assigned in the constructor.
modules/financial-accounting/src/infrastructure/entities/ArInvoiceEntity.ts(89,3): error TS2564: Property 'createdBy' has no initializer and is not definitely assigned in the constructor.
modules/financial-accounting/src/infrastructure/entities/ArInvoiceEntity.ts(92,3): error TS2564: Property 'updatedBy' has no initializer and is not definitely assigned in the constructor.
modules/financial-accounting/src/infrastructure/entities/ArInvoiceEntity.ts(95,3): error TS2564: Property 'lines' has no initializer and is not definitely assigned in the constructor.
modules/financial-accounting/src/infrastructure/entities/ArInvoiceLineEntity.ts(8,3): error TS2564: Property 'id' has no initializer and is not definitely assigned in the constructor.
modules/financial-accounting/src/infrastructure/entities/ArInvoiceLineEntity.ts(11,3): error TS2564: Property 'arInvoiceId' has no initializer and is not definitely assigned in the constructor.
modules/financial-accounting/src/infrastructure/entities/ArInvoiceLineEntity.ts(14,3): error TS2564: Property 'lineNumber' has no initializer and is not definitely assigned in the constructor.
modules/financial-accounting/src/infrastructure/entities/ArInvoiceLineEntity.ts(17,3): error TS2564: Property 'description' has no initializer and is not definitely assigned in the constructor.
modules/financial-accounting/src/infrastructure/entities/ArInvoiceLineEntity.ts(20,3): error TS2564: Property 'quantity' has no initializer and is not definitely assigned in the constructor.
modules/financial-accounting/src/infrastructure/entities/ArInvoiceLineEntity.ts(23,3): error TS2564: Property 'unitPrice' has no initializer and is not definitely assigned in the constructor.
modules/financial-accounting/src/infrastructure/entities/ArInvoiceLineEntity.ts(26,3): error TS2564: Property 'amount' has no initializer and is not definitely assigned in the constructor.
modules/financial-accounting/src/infrastructure/entities/ArInvoiceLineEntity.ts(29,3): error TS2564: Property 'taxAmount' has no initializer and is not definitely assigned in the constructor.
modules/financial-accounting/src/infrastructure/entities/ArInvoiceLineEntity.ts(32,3): error TS2564: Property 'revenueAccountId' has no initializer and is not definitely assigned in the constructor.
modules/financial-accounting/src/infrastructure/entities/ArInvoiceLineEntity.ts(35,3): error TS2564: Property 'taxCodeId' has no initializer and is not definitely assigned in the constructor.
modules/financial-accounting/src/infrastructure/entities/ArInvoiceLineEntity.ts(38,3): error TS2564: Property 'metadata' has no initializer and is not definitely assigned in the constructor.
modules/financial-accounting/src/infrastructure/entities/ArInvoiceLineEntity.ts(41,3): error TS2564: Property 'createdAt' has no initializer and is not definitely assigned in the constructor.
modules/financial-accounting/src/infrastructure/entities/ArInvoiceLineEntity.ts(44,3): error TS2564: Property 'updatedAt' has no initializer and is not definitely assigned in the constructor.
modules/financial-accounting/src/infrastructure/entities/ArInvoiceLineEntity.ts(48,3): error TS2564: Property 'invoice' has no initializer and is not definitely assigned in the constructor.
modules/financial-accounting/src/infrastructure/entities/ChartOfAccountEntity.ts(11,3): error TS2564: Property 'id' has no initializer and is not definitely assigned in the constructor.
modules/financial-accounting/src/infrastructure/entities/ChartOfAccountEntity.ts(14,3): error TS2564: Property 'organizationId' has no initializer and is not definitely assigned in the constructor.
modules/financial-accounting/src/infrastructure/entities/ChartOfAccountEntity.ts(17,3): error TS2564: Property 'code' has no initializer and is not definitely assigned in the constructor.
modules/financial-accounting/src/infrastructure/entities/ChartOfAccountEntity.ts(20,3): error TS2564: Property 'name' has no initializer and is not definitely assigned in the constructor.
modules/financial-accounting/src/infrastructure/entities/ChartOfAccountEntity.ts(23,3): error TS2564: Property 'description' has no initializer and is not definitely assigned in the constructor.
modules/financial-accounting/src/infrastructure/entities/ChartOfAccountEntity.ts(26,3): error TS2564: Property 'accountType' has no initializer and is not definitely assigned in the constructor.
modules/financial-accounting/src/infrastructure/entities/ChartOfAccountEntity.ts(29,3): error TS2564: Property 'parentAccountId' has no initializer and is not definitely assigned in the constructor.
modules/financial-accounting/src/infrastructure/entities/ChartOfAccountEntity.ts(32,3): error TS2564: Property 'isHeader' has no initializer and is not definitely assigned in the constructor.
modules/financial-accounting/src/infrastructure/entities/ChartOfAccountEntity.ts(35,3): error TS2564: Property 'isActive' has no initializer and is not definitely assigned in the constructor.
modules/financial-accounting/src/infrastructure/entities/ChartOfAccountEntity.ts(38,3): error TS2564: Property 'costCenterCode' has no initializer and is not definitely assigned in the constructor.
modules/financial-accounting/src/infrastructure/entities/ChartOfAccountEntity.ts(41,3): error TS2564: Property 'taxApplicable' has no initializer and is not definitely assigned in the constructor.
modules/financial-accounting/src/infrastructure/entities/ChartOfAccountEntity.ts(44,3): error TS2564: Property 'accumulatedDepreciation' has no initializer and is not definitely assigned in the constructor.
modules/financial-accounting/src/infrastructure/entities/ChartOfAccountEntity.ts(47,3): error TS2564: Property 'balance' has no initializer and is not definitely assigned in the constructor.
modules/financial-accounting/src/infrastructure/entities/ChartOfAccountEntity.ts(50,3): error TS2564: Property 'metadata' has no initializer and is not definitely assigned in the constructor.
modules/financial-accounting/src/infrastructure/entities/ChartOfAccountEntity.ts(53,3): error TS2564: Property 'createdAt' has no initializer and is not definitely assigned in the constructor.
modules/financial-accounting/src/infrastructure/entities/ChartOfAccountEntity.ts(56,3): error TS2564: Property 'updatedAt' has no initializer and is not definitely assigned in the constructor.
modules/financial-accounting/src/infrastructure/entities/ChartOfAccountEntity.ts(59,3): error TS2564: Property 'createdBy' has no initializer and is not definitely assigned in the constructor.
modules/financial-accounting/src/infrastructure/entities/ChartOfAccountEntity.ts(62,3): error TS2564: Property 'updatedBy' has no initializer and is not definitely assigned in the constructor.
modules/financial-accounting/src/infrastructure/entities/ChartOfAccountEntity.ts(65,3): error TS2564: Property 'journalEntryLines' has no initializer and is not definitely assigned in the constructor.
modules/financial-accounting/src/infrastructure/entities/FiscalPeriodEntity.ts(8,3): error TS2564: Property 'id' has no initializer and is not definitely assigned in the constructor.
modules/financial-accounting/src/infrastructure/entities/FiscalPeriodEntity.ts(11,3): error TS2564: Property 'organizationId' has no initializer and is not definitely assigned in the constructor.
modules/financial-accounting/src/infrastructure/entities/FiscalPeriodEntity.ts(14,3): error TS2564: Property 'periodName' has no initializer and is not definitely assigned in the constructor.
modules/financial-accounting/src/infrastructure/entities/FiscalPeriodEntity.ts(17,3): error TS2564: Property 'fiscalYear' has no initializer and is not definitely assigned in the constructor.
modules/financial-accounting/src/infrastructure/entities/FiscalPeriodEntity.ts(20,3): error TS2564: Property 'startDate' has no initializer and is not definitely assigned in the constructor.
modules/financial-accounting/src/infrastructure/entities/FiscalPeriodEntity.ts(23,3): error TS2564: Property 'endDate' has no initializer and is not definitely assigned in the constructor.
modules/financial-accounting/src/infrastructure/entities/FiscalPeriodEntity.ts(26,3): error TS2564: Property 'isOpen' has no initializer and is not definitely assigned in the constructor.
modules/financial-accounting/src/infrastructure/entities/FiscalPeriodEntity.ts(29,3): error TS2564: Property 'isLocked' has no initializer and is not definitely assigned in the constructor.
modules/financial-accounting/src/infrastructure/entities/FiscalPeriodEntity.ts(32,3): error TS2564: Property 'closingDate' has no initializer and is not definitely assigned in the constructor.
modules/financial-accounting/src/infrastructure/entities/FiscalPeriodEntity.ts(35,3): error TS2564: Property 'closedBy' has no initializer and is not definitely assigned in the constructor.
modules/financial-accounting/src/infrastructure/entities/FiscalPeriodEntity.ts(38,3): error TS2564: Property 'metadata' has no initializer and is not definitely assigned in the constructor.
modules/financial-accounting/src/infrastructure/entities/FiscalPeriodEntity.ts(41,3): error TS2564: Property 'createdAt' has no initializer and is not definitely assigned in the constructor.
modules/financial-accounting/src/infrastructure/entities/FiscalPeriodEntity.ts(44,3): error TS2564: Property 'updatedAt' has no initializer and is not definitely assigned in the constructor.
modules/financial-accounting/src/infrastructure/entities/FiscalPeriodEntity.ts(47,3): error TS2564: Property 'createdBy' has no initializer and is not definitely assigned in the constructor.
modules/financial-accounting/src/infrastructure/entities/FiscalPeriodEntity.ts(50,3): error TS2564: Property 'updatedBy' has no initializer and is not definitely assigned in the constructor.
modules/financial-accounting/src/infrastructure/entities/JournalEntryEntity.ts(12,3): error TS2564: Property 'id' has no initializer and is not definitely assigned in the constructor.
modules/financial-accounting/src/infrastructure/entities/JournalEntryEntity.ts(15,3): error TS2564: Property 'organizationId' has no initializer and is not definitely assigned in the constructor.
modules/financial-accounting/src/infrastructure/entities/JournalEntryEntity.ts(18,3): error TS2564: Property 'fiscalPeriodId' has no initializer and is not definitely assigned in the constructor.
modules/financial-accounting/src/infrastructure/entities/JournalEntryEntity.ts(21,3): error TS2564: Property 'entryNumber' has no initializer and is not definitely assigned in the constructor.
modules/financial-accounting/src/infrastructure/entities/JournalEntryEntity.ts(24,3): error TS2564: Property 'entryDate' has no initializer and is not definitely assigned in the constructor.
modules/financial-accounting/src/infrastructure/entities/JournalEntryEntity.ts(27,3): error TS2564: Property 'referenceType' has no initializer and is not definitely assigned in the constructor.
modules/financial-accounting/src/infrastructure/entities/JournalEntryEntity.ts(30,3): error TS2564: Property 'referenceId' has no initializer and is not definitely assigned in the constructor.
modules/financial-accounting/src/infrastructure/entities/JournalEntryEntity.ts(33,3): error TS2564: Property 'description' has no initializer and is not definitely assigned in the constructor.
modules/financial-accounting/src/infrastructure/entities/JournalEntryEntity.ts(36,3): error TS2564: Property 'totalDebit' has no initializer and is not definitely assigned in the constructor.
modules/financial-accounting/src/infrastructure/entities/JournalEntryEntity.ts(39,3): error TS2564: Property 'totalCredit' has no initializer and is not definitely assigned in the constructor.
modules/financial-accounting/src/infrastructure/entities/JournalEntryEntity.ts(42,3): error TS2564: Property 'status' has no initializer and is not definitely assigned in the constructor.
modules/financial-accounting/src/infrastructure/entities/JournalEntryEntity.ts(45,3): error TS2564: Property 'isPosted' has no initializer and is not definitely assigned in the constructor.
modules/financial-accounting/src/infrastructure/entities/JournalEntryEntity.ts(48,3): error TS2564: Property 'postedDate' has no initializer and is not definitely assigned in the constructor.
modules/financial-accounting/src/infrastructure/entities/JournalEntryEntity.ts(51,3): error TS2564: Property 'postedBy' has no initializer and is not definitely assigned in the constructor.
modules/financial-accounting/src/infrastructure/entities/JournalEntryEntity.ts(54,3): error TS2564: Property 'approvalStatus' has no initializer and is not definitely assigned in the constructor.
modules/financial-accounting/src/infrastructure/entities/JournalEntryEntity.ts(57,3): error TS2564: Property 'approvedBy' has no initializer and is not definitely assigned in the constructor.
modules/financial-accounting/src/infrastructure/entities/JournalEntryEntity.ts(60,3): error TS2564: Property 'approvedDate' has no initializer and is not definitely assigned in the constructor.
modules/financial-accounting/src/infrastructure/entities/JournalEntryEntity.ts(63,3): error TS2564: Property 'reversalEntryId' has no initializer and is not definitely assigned in the constructor.
modules/financial-accounting/src/infrastructure/entities/JournalEntryEntity.ts(66,3): error TS2564: Property 'metadata' has no initializer and is not definitely assigned in the constructor.
modules/financial-accounting/src/infrastructure/entities/JournalEntryEntity.ts(69,3): error TS2564: Property 'createdAt' has no initializer and is not definitely assigned in the constructor.
modules/financial-accounting/src/infrastructure/entities/JournalEntryEntity.ts(72,3): error TS2564: Property 'updatedAt' has no initializer and is not definitely assigned in the constructor.
modules/financial-accounting/src/infrastructure/entities/JournalEntryEntity.ts(75,3): error TS2564: Property 'createdBy' has no initializer and is not definitely assigned in the constructor.
modules/financial-accounting/src/infrastructure/entities/JournalEntryEntity.ts(78,3): error TS2564: Property 'updatedBy' has no initializer and is not definitely assigned in the constructor.
modules/financial-accounting/src/infrastructure/entities/JournalEntryEntity.ts(81,3): error TS2564: Property 'lines' has no initializer and is not definitely assigned in the constructor.
modules/financial-accounting/src/infrastructure/entities/JournalEntryLineEntity.ts(11,3): error TS2564: Property 'id' has no initializer and is not definitely assigned in the constructor.
modules/financial-accounting/src/infrastructure/entities/JournalEntryLineEntity.ts(14,3): error TS2564: Property 'journalEntryId' has no initializer and is not definitely assigned in the constructor.
modules/financial-accounting/src/infrastructure/entities/JournalEntryLineEntity.ts(17,3): error TS2564: Property 'lineNumber' has no initializer and is not definitely assigned in the constructor.
modules/financial-accounting/src/infrastructure/entities/JournalEntryLineEntity.ts(20,3): error TS2564: Property 'accountId' has no initializer and is not definitely assigned in the constructor.
modules/financial-accounting/src/infrastructure/entities/JournalEntryLineEntity.ts(23,3): error TS2564: Property 'costCenterId' has no initializer and is not definitely assigned in the constructor.
modules/financial-accounting/src/infrastructure/entities/JournalEntryLineEntity.ts(26,3): error TS2564: Property 'taxCodeId' has no initializer and is not definitely assigned in the constructor.
modules/financial-accounting/src/infrastructure/entities/JournalEntryLineEntity.ts(29,3): error TS2564: Property 'description' has no initializer and is not definitely assigned in the constructor.
modules/financial-accounting/src/infrastructure/entities/JournalEntryLineEntity.ts(32,3): error TS2564: Property 'debitAmount' has no initializer and is not definitely assigned in the constructor.
modules/financial-accounting/src/infrastructure/entities/JournalEntryLineEntity.ts(35,3): error TS2564: Property 'creditAmount' has no initializer and is not definitely assigned in the constructor.
modules/financial-accounting/src/infrastructure/entities/JournalEntryLineEntity.ts(38,3): error TS2564: Property 'quantity' has no initializer and is not definitely assigned in the constructor.
modules/financial-accounting/src/infrastructure/entities/JournalEntryLineEntity.ts(41,3): error TS2564: Property 'unitPrice' has no initializer and is not definitely assigned in the constructor.
modules/financial-accounting/src/infrastructure/entities/JournalEntryLineEntity.ts(44,3): error TS2564: Property 'referenceNumber' has no initializer and is not definitely assigned in the constructor.
modules/financial-accounting/src/infrastructure/entities/JournalEntryLineEntity.ts(47,3): error TS2564: Property 'metadata' has no initializer and is not definitely assigned in the constructor.
modules/financial-accounting/src/infrastructure/entities/JournalEntryLineEntity.ts(50,3): error TS2564: Property 'createdAt' has no initializer and is not definitely assigned in the constructor.
modules/financial-accounting/src/infrastructure/entities/JournalEntryLineEntity.ts(53,3): error TS2564: Property 'updatedAt' has no initializer and is not definitely assigned in the constructor.
modules/financial-accounting/src/infrastructure/entities/JournalEntryLineEntity.ts(57,3): error TS2564: Property 'journalEntry' has no initializer and is not definitely assigned in the constructor.
modules/financial-accounting/src/infrastructure/entities/JournalEntryLineEntity.ts(61,3): error TS2564: Property 'account' has no initializer and is not definitely assigned in the constructor.
modules/financial-accounting/src/infrastructure/repositories/ArInvoiceRepository.ts(147,17): error TS2872: This kind of expression is always truthy.
modules/hr/src/api/controllers/AttendanceController.ts(10,75): error TS2345: Argument of type 'string | number | undefined' is not assignable to parameter of type 'string'.
  Type 'undefined' is not assignable to type 'string'.
modules/hr/src/api/controllers/AttendanceController.ts(19,76): error TS2345: Argument of type 'string | number | undefined' is not assignable to parameter of type 'string'.
  Type 'undefined' is not assignable to type 'string'.
modules/hr/src/api/controllers/AttendanceController.ts(83,90): error TS2345: Argument of type 'string | number | undefined' is not assignable to parameter of type 'string'.
  Type 'undefined' is not assignable to type 'string'.
modules/hr/src/api/controllers/DepartmentController.ts(10,88): error TS2345: Argument of type 'string | number | undefined' is not assignable to parameter of type 'string'.
  Type 'undefined' is not assignable to type 'string'.
modules/hr/src/api/controllers/DepartmentController.ts(28,103): error TS2345: Argument of type 'string | number | undefined' is not assignable to parameter of type 'string'.
  Type 'undefined' is not assignable to type 'string'.
modules/hr/src/api/controllers/EmployeeController.ts(10,82): error TS2345: Argument of type 'string | number | undefined' is not assignable to parameter of type 'string'.
  Type 'undefined' is not assignable to type 'string'.
modules/hr/src/api/controllers/EmployeeController.ts(28,97): error TS2345: Argument of type 'string | number | undefined' is not assignable to parameter of type 'string'.
  Type 'undefined' is not assignable to type 'string'.
modules/hr/src/api/controllers/EmployeeController.ts(37,100): error TS2345: Argument of type 'string | number | undefined' is not assignable to parameter of type 'string'.
  Type 'undefined' is not assignable to type 'string'.
modules/hr/src/api/controllers/LeaveController.ts(10,82): error TS2345: Argument of type 'string | number | undefined' is not assignable to parameter of type 'string'.
  Type 'undefined' is not assignable to type 'string'.
modules/hr/src/api/controllers/LeaveController.ts(28,97): error TS2345: Argument of type 'string | number | undefined' is not assignable to parameter of type 'string'.
  Type 'undefined' is not assignable to type 'string'.
modules/hr/src/api/controllers/LeaveController.ts(37,98): error TS2345: Argument of type 'string | number | undefined' is not assignable to parameter of type 'string'.
  Type 'undefined' is not assignable to type 'string'.
modules/hr/src/api/controllers/LeaveController.ts(46,97): error TS2345: Argument of type 'string | number | undefined' is not assignable to parameter of type 'string'.
  Type 'undefined' is not assignable to type 'string'.
modules/hr/src/api/controllers/LeaveController.ts(96,17): error TS2345: Argument of type 'string | number | undefined' is not assignable to parameter of type 'string'.
  Type 'undefined' is not assignable to type 'string'.
modules/hr/src/api/controllers/PayrollController.ts(10,78): error TS2345: Argument of type 'string | number | undefined' is not assignable to parameter of type 'string'.
  Type 'undefined' is not assignable to type 'string'.
modules/hr/src/api/controllers/PayrollController.ts(28,93): error TS2345: Argument of type 'string | number | undefined' is not assignable to parameter of type 'string'.
  Type 'undefined' is not assignable to type 'string'.
modules/hr/src/api/controllers/PayrollController.ts(53,17): error TS2345: Argument of type 'string | number | undefined' is not assignable to parameter of type 'string'.
  Type 'undefined' is not assignable to type 'string'.
modules/hr/src/api/controllers/PayrollController.ts(63,91): error TS2345: Argument of type 'string | number | undefined' is not assignable to parameter of type 'string'.
  Type 'undefined' is not assignable to type 'string'.
modules/hr/src/api/controllers/PayrollController.ts(72,81): error TS2345: Argument of type 'string | number | undefined' is not assignable to parameter of type 'string'.
  Type 'undefined' is not assignable to type 'string'.
modules/hr/src/api/controllers/PerformanceController.ts(10,92): error TS2345: Argument of type 'string | number | undefined' is not assignable to parameter of type 'string'.
  Type 'undefined' is not assignable to type 'string'.
modules/hr/src/api/controllers/PerformanceController.ts(28,107): error TS2345: Argument of type 'string | number | undefined' is not assignable to parameter of type 'string'.
  Type 'undefined' is not assignable to type 'string'.
modules/hr/src/api/controllers/PerformanceController.ts(37,97): error TS2345: Argument of type 'string | number | undefined' is not assignable to parameter of type 'string'.
  Type 'undefined' is not assignable to type 'string'.
modules/hr/src/api/controllers/PerformanceController.ts(46,98): error TS2345: Argument of type 'string | number | undefined' is not assignable to parameter of type 'string'.
  Type 'undefined' is not assignable to type 'string'.
modules/hr/src/api/controllers/PerformanceController.ts(55,102): error TS2345: Argument of type 'string | number | undefined' is not assignable to parameter of type 'string'.
  Type 'undefined' is not assignable to type 'string'.
modules/hr/src/api/controllers/PerformanceController.ts(75,86): error TS2345: Argument of type 'string | number | undefined' is not assignable to parameter of type 'string'.
  Type 'undefined' is not assignable to type 'string'.
modules/hr/src/api/controllers/PerformanceController.ts(93,101): error TS2345: Argument of type 'string | number | undefined' is not assignable to parameter of type 'string'.
  Type 'undefined' is not assignable to type 'string'.
modules/hr/src/api/controllers/PerformanceController.ts(117,17): error TS2345: Argument of type 'string | number | undefined' is not assignable to parameter of type 'string'.
  Type 'undefined' is not assignable to type 'string'.
modules/hr/src/api/controllers/PerformanceController.ts(131,17): error TS2345: Argument of type 'string | number | undefined' is not assignable to parameter of type 'string'.
  Type 'undefined' is not assignable to type 'string'.
modules/hr/src/api/controllers/PerformanceController.ts(150,102): error TS2345: Argument of type 'string | number | undefined' is not assignable to parameter of type 'string'.
  Type 'undefined' is not assignable to type 'string'.
modules/hr/src/api/routes/index.ts(2,26): error TS2307: Cannot find module 'express-joi-validation' or its corresponding type declarations.
modules/hr/src/domain/services/AttendanceService.ts(25,17): error TS2353: Object literal may only specify known properties, and 'updatedBy' does not exist in type 'Partial<AttendanceRecordEntity>'.
modules/hr/src/domain/services/AttendanceService.ts(37,13): error TS2353: Object literal may only specify known properties, and 'createdBy' does not exist in type 'Partial<AttendanceRecordEntity>'.
modules/hr/src/domain/services/AttendanceService.ts(64,13): error TS2353: Object literal may only specify known properties, and 'updatedBy' does not exist in type 'Partial<AttendanceRecordEntity>'.
modules/hr/src/domain/services/AttendanceService.ts(140,13): error TS2353: Object literal may only specify known properties, and 'updatedBy' does not exist in type 'Partial<AttendanceRecordEntity>'.
modules/hr/src/domain/services/EmployeeService.ts(19,53): error TS2345: Argument of type '{ status: "active"; employmentStatus: "active"; createdBy: string; code: string; userId: string; firstName: string; lastName: string; email: string; phone?: string; dateOfBirth: string; gender: "male" | "female" | "other"; ... 20 more ...; bankCode?: string; }' is not assignable to parameter of type 'Partial<EmployeeEntity>'.
  Types of property 'dateOfBirth' are incompatible.
    Type 'string' is not assignable to type 'Date'.
modules/hr/src/domain/services/EmployeeService.ts(45,58): error TS2345: Argument of type '{ updatedBy: string; firstName?: string; lastName?: string; email?: string; phone?: string; dateOfBirth?: string; gender?: "male" | "female" | "other"; nationalIdNumber?: string; passportNumber?: string; ... 16 more ...; bankCode?: string; }' is not assignable to parameter of type 'Partial<EmployeeEntity>'.
  Types of property 'dateOfBirth' are incompatible.
    Type 'string | undefined' is not assignable to type 'Date | undefined'.
      Type 'string' is not assignable to type 'Date'.
modules/hr/src/domain/services/PayrollService.ts(45,67): error TS2345: Argument of type '{ updatedBy: string; name?: string; paymentDate?: string; remarks?: string; }' is not assignable to parameter of type 'Partial<PayrollRunEntity>'.
  Types of property 'paymentDate' are incompatible.
    Type 'string | undefined' is not assignable to type 'Date | undefined'.
      Type 'string' is not assignable to type 'Date'.
modules/hr/src/infrastructure/entities/AttendanceRecord.ts(9,5): error TS2564: Property 'id' has no initializer and is not definitely assigned in the constructor.
modules/hr/src/infrastructure/entities/AttendanceRecord.ts(12,5): error TS2564: Property 'employeeId' has no initializer and is not definitely assigned in the constructor.
modules/hr/src/infrastructure/entities/AttendanceRecord.ts(15,5): error TS2564: Property 'shiftId' has no initializer and is not definitely assigned in the constructor.
modules/hr/src/infrastructure/entities/AttendanceRecord.ts(18,5): error TS2564: Property 'attendanceDate' has no initializer and is not definitely assigned in the constructor.
modules/hr/src/infrastructure/entities/AttendanceRecord.ts(21,5): error TS2564: Property 'clockInTime' has no initializer and is not definitely assigned in the constructor.
modules/hr/src/infrastructure/entities/AttendanceRecord.ts(24,5): error TS2564: Property 'clockInLatitude' has no initializer and is not definitely assigned in the constructor.
modules/hr/src/infrastructure/entities/AttendanceRecord.ts(27,5): error TS2564: Property 'clockInLongitude' has no initializer and is not definitely assigned in the constructor.
modules/hr/src/infrastructure/entities/AttendanceRecord.ts(30,5): error TS2564: Property 'clockInLocation' has no initializer and is not definitely assigned in the constructor.
modules/hr/src/infrastructure/entities/AttendanceRecord.ts(33,5): error TS2564: Property 'clockOutTime' has no initializer and is not definitely assigned in the constructor.
modules/hr/src/infrastructure/entities/AttendanceRecord.ts(36,5): error TS2564: Property 'clockOutLatitude' has no initializer and is not definitely assigned in the constructor.
modules/hr/src/infrastructure/entities/AttendanceRecord.ts(39,5): error TS2564: Property 'clockOutLongitude' has no initializer and is not definitely assigned in the constructor.
modules/hr/src/infrastructure/entities/AttendanceRecord.ts(42,5): error TS2564: Property 'clockOutLocation' has no initializer and is not definitely assigned in the constructor.
modules/hr/src/infrastructure/entities/AttendanceRecord.ts(45,5): error TS2564: Property 'hoursWorked' has no initializer and is not definitely assigned in the constructor.
modules/hr/src/infrastructure/entities/AttendanceRecord.ts(48,5): error TS2564: Property 'overtimeHours' has no initializer and is not definitely assigned in the constructor.
modules/hr/src/infrastructure/entities/AttendanceRecord.ts(51,5): error TS2564: Property 'status' has no initializer and is not definitely assigned in the constructor.
modules/hr/src/infrastructure/entities/AttendanceRecord.ts(54,5): error TS2564: Property 'remarks' has no initializer and is not definitely assigned in the constructor.
modules/hr/src/infrastructure/entities/AttendanceRecord.ts(57,5): error TS2564: Property 'createdAt' has no initializer and is not definitely assigned in the constructor.
modules/hr/src/infrastructure/entities/AttendanceRecord.ts(60,5): error TS2564: Property 'updatedAt' has no initializer and is not definitely assigned in the constructor.
modules/hr/src/infrastructure/entities/AttendanceRecord.ts(63,5): error TS2564: Property 'approvedBy' has no initializer and is not definitely assigned in the constructor.
modules/hr/src/infrastructure/entities/AttendanceRecord.ts(66,5): error TS2564: Property 'approvedAt' has no initializer and is not definitely assigned in the constructor.
modules/hr/src/infrastructure/entities/Department.ts(18,5): error TS2564: Property 'id' has no initializer and is not definitely assigned in the constructor.
modules/hr/src/infrastructure/entities/Department.ts(21,5): error TS2564: Property 'code' has no initializer and is not definitely assigned in the constructor.
modules/hr/src/infrastructure/entities/Department.ts(24,5): error TS2564: Property 'name' has no initializer and is not definitely assigned in the constructor.
modules/hr/src/infrastructure/entities/Department.ts(27,5): error TS2564: Property 'description' has no initializer and is not definitely assigned in the constructor.
modules/hr/src/infrastructure/entities/Department.ts(30,5): error TS2564: Property 'parentDepartmentId' has no initializer and is not definitely assigned in the constructor.
modules/hr/src/infrastructure/entities/Department.ts(37,5): error TS2564: Property 'parentDepartment' has no initializer and is not definitely assigned in the constructor.
modules/hr/src/infrastructure/entities/Department.ts(40,5): error TS2564: Property 'childDepartments' has no initializer and is not definitely assigned in the constructor.
modules/hr/src/infrastructure/entities/Department.ts(43,5): error TS2564: Property 'headId' has no initializer and is not definitely assigned in the constructor.
modules/hr/src/infrastructure/entities/Department.ts(46,5): error TS2564: Property 'costCenter' has no initializer and is not definitely assigned in the constructor.
modules/hr/src/infrastructure/entities/Department.ts(49,5): error TS2564: Property 'headcount' has no initializer and is not definitely assigned in the constructor.
modules/hr/src/infrastructure/entities/Department.ts(52,5): error TS2564: Property 'status' has no initializer and is not definitely assigned in the constructor.
modules/hr/src/infrastructure/entities/Department.ts(55,5): error TS2564: Property 'createdAt' has no initializer and is not definitely assigned in the constructor.
modules/hr/src/infrastructure/entities/Department.ts(58,5): error TS2564: Property 'updatedAt' has no initializer and is not definitely assigned in the constructor.
modules/hr/src/infrastructure/entities/Department.ts(61,5): error TS2564: Property 'createdBy' has no initializer and is not definitely assigned in the constructor.
modules/hr/src/infrastructure/entities/Department.ts(64,5): error TS2564: Property 'updatedBy' has no initializer and is not definitely assigned in the constructor.
